#
# A fatal error has been detected by the Java Runtime Environment:
#
#  EXCEPTION_ACCESS_VIOLATION (0xc0000005) at pc=0x00007fff48e5b990, pid=28156, tid=26024
#
# JRE version: OpenJDK Runtime Environment Temurin-17.0.9+9 (17.0.9+9) (build 17.0.9+9)
# Java VM: OpenJDK 64-Bit Server VM Temurin-17.0.9+9 (17.0.9+9, mixed mode, sharing, tiered, compressed oops, compressed class ptrs, g1 gc, windows-amd64)
# Problematic frame:
# V  [jvm.dll+0x65b990]
#
# No core dump will be written. Minidumps are not enabled by default on client versions of Windows
#
# If you would like to submit a bug report, please visit:
#   https://github.com/adoptium/adoptium-support/issues
#

---------------  S U M M A R Y ------------

Command Line: -XX:MaxMetaspaceSize=2G -XX:+HeapDumpOnOutOfMemoryError --add-opens=java.base/java.util=ALL-UNNAMED --add-opens=java.base/java.lang=ALL-UNNAMED --add-opens=java.base/java.lang.invoke=ALL-UNNAMED --add-opens=java.prefs/java.util.prefs=ALL-UNNAMED --add-opens=java.base/java.nio.charset=ALL-UNNAMED --add-opens=java.base/java.net=ALL-UNNAMED --add-opens=java.base/java.util.concurrent.atomic=ALL-UNNAMED -Xmx4G -Dfile.encoding=utf8 -Duser.country=US -Duser.language=en -Duser.variant -javaagent:C:\Users\Johnathan\.gradle\wrapper\dists\gradle-8.3-all\6en3ugtfdg5xnpx44z4qbwgas\gradle-8.3\lib\agents\gradle-instrumentation-agent-8.3.jar org.gradle.launcher.daemon.bootstrap.GradleDaemon 8.3

Host: 12th Gen Intel(R) Core(TM) i7-12700K, 20 cores, 31G,  Windows 11 , 64 bit Build 26100 (10.0.26100.3775)
Time: Mon Apr 21 19:20:52 2025 Eastern Daylight Time elapsed time: 5.609576 seconds (0d 0h 0m 5s)

---------------  T H R E A D  ---------------

Current thread (0x000001e27d124e90):  JavaThread "C2 CompilerThread0" daemon [_thread_in_native, id=26024, stack(0x000000526c500000,0x000000526c600000)]


Current CompileTask:
C2:   5609 7082       4       org.gradle.internal.stream.EncodedStream$EncodedOutput::write (33 bytes)

Stack: [0x000000526c500000,0x000000526c600000],  sp=0x000000526c5fd8d0,  free space=1014k
Native frames: (J=compiled Java code, j=interpreted, Vv=VM code, C=native code)
V  [jvm.dll+0x65b990]
V  [jvm.dll+0x6a0206]
V  [jvm.dll+0x2196f9]
V  [jvm.dll+0x1a57cd]
V  [jvm.dll+0x2297ae]
V  [jvm.dll+0x22797c]
V  [jvm.dll+0x7e9877]
V  [jvm.dll+0x7e3c3a]
V  [jvm.dll+0x67be35]
C  [ucrtbase.dll+0x37b0]
C  [KERNEL32.DLL+0x2e8d7]
C  [ntdll.dll+0xb14fc]


siginfo: EXCEPTION_ACCESS_VIOLATION (0xc0000005), reading address 0x0000000000000028


Registers:
RAX=0x0000000000000000, RBX=0x000000526c5fda10, RCX=0x0000000000000005, RDX=0x000001e204463030
RSP=0x000000526c5fd8d0, RBP=0x0000000000000005, RSI=0x0000000000000269, RDI=0x0000000000000002
R8 =0x0000000000000930, R9 =0x0000000000000269, R10=0x000001e2061b95e0, R11=0x0000000000000000
R12=0x000001e2070d08e8, R13=0x000001e23b21a050, R14=0x0000000000000010, R15=0x000000526c5fdb70
RIP=0x00007fff48e5b990, EFLAGS=0x0000000000010297


Register to memory mapping:

RIP=0x00007fff48e5b990 jvm.dll
RAX=0x0 is NULL
RBX=0x000000526c5fda10 is pointing into the stack for thread: 0x000001e27d124e90
RCX=0x0000000000000005 is an unknown value
RDX=0x000001e204463030 points into unknown readable memory: 0xf9ff3ac027c20feb | eb 0f c2 27 c0 3a ff f9
RSP=0x000000526c5fd8d0 is pointing into the stack for thread: 0x000001e27d124e90
RBP=0x0000000000000005 is an unknown value
RSI=0x0000000000000269 is an unknown value
RDI=0x0000000000000002 is an unknown value
R8 =0x0000000000000930 is an unknown value
R9 =0x0000000000000269 is an unknown value
R10=0x000001e2061b95e0 points into unknown readable memory: 0x000001e2070f3d90 | 90 3d 0f 07 e2 01 00 00
R11=0x0 is NULL
R12=0x000001e2070d08e8 points into unknown readable memory: 0x00007fff491cb4c8 | c8 b4 1c 49 ff 7f 00 00
R13=0x000001e23b21a050 points into unknown readable memory: 0x0000000000000000 | 00 00 00 00 00 00 00 00
R14=0x0000000000000010 is an unknown value
R15=0x000000526c5fdb70 is pointing into the stack for thread: 0x000001e27d124e90


Top of Stack: (sp=0x000000526c5fd8d0)
0x000000526c5fd8d0:   000000526c5fea00 00000000000006af
0x000000526c5fd8e0:   0000000000000003 000000526c5fdb40
0x000000526c5fd8f0:   0000000000000003 000000526c5fdfa0
0x000000526c5fd900:   000001e20720dcc0 00007fff48ea0206
0x000000526c5fd910:   000000526c5fda10 0000000000000002
0x000000526c5fd920:   000000526c5fdb40 0000000000000002
0x000000526c5fd930:   000000526c5fea00 00007fff48a196f9
0x000000526c5fd940:   000001e20720dcc0 000000526c5fda40
0x000000526c5fd950:   0000000000000002 0000000000000001
0x000000526c5fd960:   00007fff00000000 000000526c5feee0
0x000000526c5fd970:   0000005200000000 0000000000000000
0x000000526c5fd980:   000001e2268a0000 0000000000000000
0x000000526c5fd990:   000001e2268a0000 00007fff4912128c
0x000000526c5fd9a0:   0000000000000000 0000000000000000
0x000000526c5fd9b0:   0000000000000000 00007fff4912128c
0x000000526c5fd9c0:   0000000000000000 000000526c5fd978
0x000000526c5fd9d0:   000001e27d11e020 000001e204c1d880
0x000000526c5fd9e0:   000001e204c24890 000001e204c25868
0x000000526c5fd9f0:   00000000000083b0 000001e27d17d7d0
0x000000526c5fda00:   000001e27d17d838 000001e22689f500
0x000000526c5fda10:   000000526c5feb38 0000005200000400
0x000000526c5fda20:   000001e2061b95e0 0000000000000269
0x000000526c5fda30:   000001e200000040 000001e207213d50
0x000000526c5fda40:   000001e200000040 000000526c5feb38
0x000000526c5fda50:   000001e200000000 000001e22689ff60
0x000000526c5fda60:   0000000000020000 0000000000000000
0x000000526c5fda70:   0000000000000000 0000000000000000
0x000000526c5fda80:   000001e22689f500 0000000000000000
0x000000526c5fda90:   0000000000000000 00007fff49110000
0x000000526c5fdaa0:   0000000000000000 0000000000000000
0x000000526c5fdab0:   0000000000000000 0000000000000000
0x000000526c5fdac0:   00007fff4913fa70 0000000000000000 

Instructions: (pc=0x00007fff48e5b990)
0x00007fff48e5b890:   24 38 41 83 e0 1f 8b c8 48 8b 43 28 48 8b 5c 24
0x00007fff48e5b8a0:   40 48 8d 14 88 8b 04 88 44 0f b3 c0 89 02 48 83
0x00007fff48e5b8b0:   c4 20 5e c3 cc cc cc cc cc cc cc cc cc cc cc cc
0x00007fff48e5b8c0:   48 89 5c 24 08 57 48 83 ec 20 48 8b 41 08 4c 8b
0x00007fff48e5b8d0:   ca 48 8b f9 48 8b 18 48 85 db 74 1e 45 84 c0 74
0x00007fff48e5b8e0:   26 48 83 7b 10 00 75 1f 33 d2 41 38 91 b0 09 00
0x00007fff48e5b8f0:   00 49 0f 45 d1 e8 36 f3 ff ff 32 c0 48 8b 5c 24
0x00007fff48e5b900:   30 48 83 c4 20 5f c3 8b 43 2c 24 3f 3c 20 75 ea
0x00007fff48e5b910:   48 8b 43 08 48 83 38 00 75 e0 48 8b cb e8 7e fb
0x00007fff48e5b920:   b5 ff 48 85 c0 74 d3 48 8b cb e8 71 fb b5 ff 4c
0x00007fff48e5b930:   8b c0 33 d2 48 8b cf e8 34 ed a1 ff 48 8b 5c 24
0x00007fff48e5b940:   30 b0 01 48 83 c4 20 5f c3 cc cc cc cc cc cc cc
0x00007fff48e5b950:   40 53 57 41 57 48 83 ec 20 44 8b 49 18 33 ff 4c
0x00007fff48e5b960:   8b fa 48 8b d9 45 85 c9 0f 84 a8 00 00 00 48 89
0x00007fff48e5b970:   6c 24 40 48 89 74 24 48 41 8b f1 4c 89 74 24 50
0x00007fff48e5b980:   4c 8b 53 10 4c 8d 34 fd 00 00 00 00 4b 8b 04 16
0x00007fff48e5b990:   8b 68 28 44 8b dd 41 c1 eb 05 45 3b 1f 73 12 49
0x00007fff48e5b9a0:   8b 57 08 8b cd 83 e1 1f 42 8b 04 9a 0f a3 c8 72
0x00007fff48e5b9b0:   49 44 3b 5b 20 73 1c 48 8b 43 28 83 e5 1f 4a 8d
0x00007fff48e5b9c0:   14 98 42 8b 04 98 0f b3 e8 89 02 44 8b 4b 18 4c
0x00007fff48e5b9d0:   8b 53 10 41 8d 41 ff 89 43 18 49 8b 34 c2 3b 7b
0x00007fff48e5b9e0:   08 72 0e 8b d7 48 8b cb e8 63 eb ff ff 4c 8b 53
0x00007fff48e5b9f0:   10 4b 89 34 16 ff cf 8b 73 18 ff c7 44 8b ce 3b
0x00007fff48e5ba00:   fe 0f 82 79 ff ff ff 4c 8b 74 24 50 48 8b 74 24
0x00007fff48e5ba10:   48 48 8b 6c 24 40 48 83 c4 20 41 5f 5f 5b c3 cc
0x00007fff48e5ba20:   40 53 57 41 54 41 57 48 83 ec 28 4d 8b f9 49 8b
0x00007fff48e5ba30:   f8 4c 8b e2 48 8b d9 49 3b d0 75 0d 33 c0 48 83
0x00007fff48e5ba40:   c4 28 41 5f 41 5c 5f 5b c3 44 8b 49 1c 48 89 6c
0x00007fff48e5ba50:   24 50 33 ed 48 89 74 24 58 8b f5 45 85 c9 0f 84
0x00007fff48e5ba60:   8f 01 00 00 8b 0d 8e 6d 56 00 65 48 8b 04 25 58
0x00007fff48e5ba70:   00 00 00 4c 89 6c 24 60 4c 89 74 24 20 4c 8d 2c
0x00007fff48e5ba80:   c8 4c 8b 53 08 8b c6 4c 8d 34 c5 00 00 00 00 41 


Stack slot to memory mapping:
stack at sp + 0 slots: 0x000000526c5fea00 is pointing into the stack for thread: 0x000001e27d124e90
stack at sp + 1 slots: 0x00000000000006af is an unknown value
stack at sp + 2 slots: 0x0000000000000003 is an unknown value
stack at sp + 3 slots: 0x000000526c5fdb40 is pointing into the stack for thread: 0x000001e27d124e90
stack at sp + 4 slots: 0x0000000000000003 is an unknown value
stack at sp + 5 slots: 0x000000526c5fdfa0 is pointing into the stack for thread: 0x000001e27d124e90
stack at sp + 6 slots: 0x000001e20720dcc0 points into unknown readable memory: 0x00007fff4912cd68 | 68 cd 12 49 ff 7f 00 00
stack at sp + 7 slots: 0x00007fff48ea0206 jvm.dll


---------------  P R O C E S S  ---------------

Threads class SMR info:
_java_thread_list=0x000001e20774a340, length=89, elements={
0x000001e21774f6a0, 0x000001e23b269b10, 0x000001e23b26abf0, 0x000001e27d11f7f0,
0x000001e27d121ce0, 0x000001e27d1225b0, 0x000001e27d122e80, 0x000001e27d124e90,
0x000001e27d1307d0, 0x000001e27d137130, 0x000001e27d11c660, 0x000001e27d230ca0,
0x000001e27d233280, 0x000001e27d233850, 0x000001e27d2847c0, 0x000001e27d3787b0,
0x000001e20408b8a0, 0x000001e27f118ec0, 0x000001e27f50ba20, 0x000001e27eab23a0,
0x000001e27f99b440, 0x000001e27fb2ceb0, 0x000001e27fb27f50, 0x000001e27f5594c0,
0x000001e27f5599d0, 0x000001e27f559ee0, 0x000001e27f55a900, 0x000001e27f558080,
0x000001e27f558590, 0x000001e27f55ae10, 0x000001e27f55b320, 0x000001e27f55b830,
0x000001e27f558aa0, 0x000001e27f558fb0, 0x000001e20621cd10, 0x000001e20621a490,
0x000001e20621b3c0, 0x000001e20621b8d0, 0x000001e20621bde0, 0x000001e20621d220,
0x000001e20621a9a0, 0x000001e20621d730, 0x000001e20621dc40, 0x000001e20621e150,
0x000001e20621e660, 0x000001e20621aeb0, 0x000001e2062209d0, 0x000001e20621eb70,
0x000001e20621f590, 0x000001e20621faa0, 0x000001e207c6a090, 0x000001e20587fc50,
0x000001e2062204c0, 0x000001e206220ee0, 0x000001e27fbe22f0, 0x000001e27fbe2800,
0x000001e27fbdf050, 0x000001e27fbe2d10, 0x000001e27fbe18d0, 0x000001e27fbe0eb0,
0x000001e27fbe13c0, 0x000001e27fbe1de0, 0x000001e27fbdf560, 0x000001e27fbdfa70,
0x000001e27fbe3220, 0x000001e27fbe3730, 0x000001e27fbdff80, 0x000001e27fbe0490,
0x000001e27fbe3c40, 0x000001e27fbe4150, 0x000001e27fbe09a0, 0x000001e27fbe5080,
0x000001e27fbe4660, 0x000001e27fbe4b70, 0x000001e27fbe5590, 0x000001e27fbe5aa0,
0x000001e27fbe5fb0, 0x000001e27fbe64c0, 0x000001e27fbe69d0, 0x000001e27eb85630,
0x000001e27eb85b40, 0x000001e27eb86050, 0x000001e27eb883c0, 0x000001e27eb879a0,
0x000001e27eb888d0, 0x000001e27eb87eb0, 0x000001e27eb85120, 0x000001e27eb88de0,
0x000001e27eb892f0
}

Java Threads: ( => current thread )
  0x000001e21774f6a0 JavaThread "main" [_thread_blocked, id=22848, stack(0x000000526b800000,0x000000526b900000)]
  0x000001e23b269b10 JavaThread "Reference Handler" daemon [_thread_blocked, id=7688, stack(0x000000526bf00000,0x000000526c000000)]
  0x000001e23b26abf0 JavaThread "Finalizer" daemon [_thread_blocked, id=4336, stack(0x000000526c000000,0x000000526c100000)]
  0x000001e27d11f7f0 JavaThread "Signal Dispatcher" daemon [_thread_blocked, id=27744, stack(0x000000526c100000,0x000000526c200000)]
  0x000001e27d121ce0 JavaThread "Attach Listener" daemon [_thread_blocked, id=3136, stack(0x000000526c200000,0x000000526c300000)]
  0x000001e27d1225b0 JavaThread "Service Thread" daemon [_thread_blocked, id=27084, stack(0x000000526c300000,0x000000526c400000)]
  0x000001e27d122e80 JavaThread "Monitor Deflation Thread" daemon [_thread_blocked, id=26984, stack(0x000000526c400000,0x000000526c500000)]
=>0x000001e27d124e90 JavaThread "C2 CompilerThread0" daemon [_thread_in_native, id=26024, stack(0x000000526c500000,0x000000526c600000)]
  0x000001e27d1307d0 JavaThread "C1 CompilerThread0" daemon [_thread_blocked, id=12600, stack(0x000000526c600000,0x000000526c700000)]
  0x000001e27d137130 JavaThread "Sweeper thread" daemon [_thread_blocked, id=8296, stack(0x000000526c700000,0x000000526c800000)]
  0x000001e27d11c660 JavaThread "Common-Cleaner" daemon [_thread_blocked, id=24272, stack(0x000000526c800000,0x000000526c900000)]
  0x000001e27d230ca0 JavaThread "C1 CompilerThread1" daemon [_thread_blocked, id=23628, stack(0x000000526c900000,0x000000526ca00000)]
  0x000001e27d233280 JavaThread "C1 CompilerThread2" daemon [_thread_blocked, id=5556, stack(0x000000526ca00000,0x000000526cb00000)]
  0x000001e27d233850 JavaThread "C1 CompilerThread3" daemon [_thread_blocked, id=28196, stack(0x000000526cb00000,0x000000526cc00000)]
  0x000001e27d2847c0 JavaThread "C2 CompilerThread1" daemon [_thread_blocked, id=7456, stack(0x000000526cc00000,0x000000526cd00000)]
  0x000001e27d3787b0 JavaThread "Notification Thread" daemon [_thread_blocked, id=28008, stack(0x000000526cd00000,0x000000526ce00000)]
  0x000001e20408b8a0 JavaThread "Daemon health stats" [_thread_blocked, id=3396, stack(0x000000526db00000,0x000000526dc00000)]
  0x000001e27f118ec0 JavaThread "Incoming local TCP Connector on port 51431" [_thread_in_native, id=3984, stack(0x000000526dc00000,0x000000526dd00000)]
  0x000001e27f50ba20 JavaThread "Daemon periodic checks" [_thread_blocked, id=27676, stack(0x000000526dd00000,0x000000526de00000)]
  0x000001e27eab23a0 JavaThread "Daemon" [_thread_blocked, id=25392, stack(0x000000526de00000,0x000000526df00000)]
  0x000001e27f99b440 JavaThread "Handler for socket connection from /127.0.0.1:51431 to /127.0.0.1:51432" [_thread_in_native, id=15224, stack(0x000000526df00000,0x000000526e000000)]
  0x000001e27fb2ceb0 JavaThread "Cancel handler" [_thread_blocked, id=480, stack(0x000000526e000000,0x000000526e100000)]
  0x000001e27fb27f50 JavaThread "Daemon worker" [_thread_blocked, id=15320, stack(0x000000526e100000,0x000000526e200000)]
  0x000001e27f5594c0 JavaThread "Asynchronous log dispatcher for DefaultDaemonConnection: socket connection from /127.0.0.1:51431 to /127.0.0.1:51432" [_thread_blocked, id=15964, stack(0x000000526e200000,0x000000526e300000)]
  0x000001e27f5599d0 JavaThread "Stdin handler" [_thread_blocked, id=27372, stack(0x000000526e300000,0x000000526e400000)]
  0x000001e27f559ee0 JavaThread "Daemon client event forwarder" [_thread_blocked, id=17656, stack(0x000000526e400000,0x000000526e500000)]
  0x000001e27f55a900 JavaThread "Cache worker for journal cache (C:\Users\Johnathan\.gradle\caches\journal-1)" [_thread_blocked, id=25272, stack(0x000000526e500000,0x000000526e600000)]
  0x000001e27f558080 JavaThread "File lock request listener" [_thread_in_native, id=24444, stack(0x000000526e600000,0x000000526e700000)]
  0x000001e27f558590 JavaThread "Cache worker for file hash cache (C:\Users\Johnathan\.gradle\caches\8.3\fileHashes)" [_thread_blocked, id=18376, stack(0x000000526e700000,0x000000526e800000)]
  0x000001e27f55ae10 JavaThread "File watcher server" daemon [_thread_in_native, id=14124, stack(0x000000526e800000,0x000000526e900000)]
  0x000001e27f55b320 JavaThread "File watcher consumer" daemon [_thread_blocked, id=18308, stack(0x000000526e900000,0x000000526ea00000)]
  0x000001e27f55b830 JavaThread "Cache worker for checksums cache (C:\Users\Johnathan\Documents\ProgrammingProjects\ACM-BMaps\room_finder_flutter_app\android\.gradle\8.3\checksums)" [_thread_blocked, id=24588, stack(0x000000526ea00000,0x000000526eb00000)]
  0x000001e27f558aa0 JavaThread "Cache worker for file hash cache (C:\Users\Johnathan\Documents\ProgrammingProjects\ACM-BMaps\room_finder_flutter_app\android\.gradle\8.3\fileHashes)" [_thread_blocked, id=24788, stack(0x000000526f100000,0x000000526f200000)]
  0x000001e27f558fb0 JavaThread "Cache worker for cache directory md-supplier (C:\Users\Johnathan\.gradle\caches\8.3\md-supplier)" [_thread_blocked, id=17240, stack(0x000000526f200000,0x000000526f300000)]
  0x000001e20621cd10 JavaThread "Cache worker for file content cache (C:\Users\Johnathan\.gradle\caches\8.3\fileContent)" [_thread_blocked, id=19920, stack(0x000000526f300000,0x000000526f400000)]
  0x000001e20621a490 JavaThread "Cache worker for cache directory md-rule (C:\Users\Johnathan\.gradle\caches\8.3\md-rule)" [_thread_blocked, id=27904, stack(0x000000526cf00000,0x000000526d000000)]
  0x000001e20621b3c0 JavaThread "Cache worker for execution history cache (C:\Users\Johnathan\.gradle\caches\8.3\executionHistory)" [_thread_blocked, id=8136, stack(0x000000526f400000,0x000000526f500000)]
  0x000001e20621b8d0 JavaThread "jar transforms" [_thread_blocked, id=27384, stack(0x000000526f500000,0x000000526f600000)]
  0x000001e20621bde0 JavaThread "jar transforms Thread 2" [_thread_blocked, id=3100, stack(0x000000526f600000,0x000000526f700000)]
  0x000001e20621d220 JavaThread "jar transforms Thread 3" [_thread_blocked, id=27292, stack(0x000000526fa00000,0x000000526fb00000)]
  0x000001e20621a9a0 JavaThread "Cache worker for kotlin-dsl (C:\Users\Johnathan\.gradle\caches\8.3\kotlin-dsl)" [_thread_blocked, id=26236, stack(0x000000526fb00000,0x000000526fc00000)]
  0x000001e20621d730 JavaThread "jar transforms Thread 4" [_thread_blocked, id=27116, stack(0x000000526fc00000,0x000000526fd00000)]
  0x000001e20621dc40 JavaThread "jar transforms Thread 5" [_thread_blocked, id=27120, stack(0x000000526fd00000,0x000000526fe00000)]
  0x000001e20621e150 JavaThread "Cache worker for dependencies-accessors (C:\Users\Johnathan\Documents\ProgrammingProjects\ACM-BMaps\room_finder_flutter_app\android\.gradle\8.3\dependencies-accessors)" [_thread_blocked, id=28528, stack(0x000000526f900000,0x000000526fa00000)]
  0x000001e20621e660 JavaThread "Cache worker for Build Output Cleanup Cache (C:\Dev\flutter\packages\flutter_tools\gradle\.gradle\buildOutputCleanup)" [_thread_blocked, id=6432, stack(0x000000526fe00000,0x000000526ff00000)]
  0x000001e20621aeb0 JavaThread "jar transforms Thread 6" [_thread_blocked, id=22808, stack(0x000000526ff00000,0x0000005270000000)]
  0x000001e2062209d0 JavaThread "jar transforms Thread 7" [_thread_blocked, id=26988, stack(0x0000005270000000,0x0000005270100000)]
  0x000001e20621eb70 JavaThread "Memory manager" [_thread_blocked, id=17648, stack(0x0000005270100000,0x0000005270200000)]
  0x000001e20621f590 JavaThread "jar transforms Thread 8" [_thread_blocked, id=10312, stack(0x000000526f700000,0x000000526f800000)]
  0x000001e20621faa0 JavaThread "jar transforms Thread 9" [_thread_blocked, id=10952, stack(0x000000526f800000,0x000000526f900000)]
  0x000001e207c6a090 JavaThread "C2 CompilerThread2" daemon [_thread_blocked, id=27752, stack(0x0000005270200000,0x0000005270300000)]
  0x000001e20587fc50 JavaThread "C2 CompilerThread3" daemon [_thread_blocked, id=20068, stack(0x0000005270300000,0x0000005270400000)]
  0x000001e2062204c0 JavaThread "included builds" [_thread_blocked, id=5184, stack(0x0000005270400000,0x0000005270500000)]
  0x000001e206220ee0 JavaThread "Execution worker" [_thread_blocked, id=14332, stack(0x0000005270500000,0x0000005270600000)]
  0x000001e27fbe22f0 JavaThread "Execution worker Thread 2" [_thread_blocked, id=14652, stack(0x0000005270600000,0x0000005270700000)]
  0x000001e27fbe2800 JavaThread "Execution worker Thread 3" [_thread_blocked, id=2072, stack(0x0000005270700000,0x0000005270800000)]
  0x000001e27fbdf050 JavaThread "Execution worker Thread 4" [_thread_blocked, id=536, stack(0x0000005270800000,0x0000005270900000)]
  0x000001e27fbe2d10 JavaThread "Execution worker Thread 5" [_thread_blocked, id=23716, stack(0x0000005270900000,0x0000005270a00000)]
  0x000001e27fbe18d0 JavaThread "Execution worker Thread 6" [_thread_blocked, id=14880, stack(0x0000005270a00000,0x0000005270b00000)]
  0x000001e27fbe0eb0 JavaThread "Execution worker Thread 7" [_thread_blocked, id=20208, stack(0x0000005270b00000,0x0000005270c00000)]
  0x000001e27fbe13c0 JavaThread "Execution worker Thread 8" [_thread_blocked, id=21756, stack(0x0000005270c00000,0x0000005270d00000)]
  0x000001e27fbe1de0 JavaThread "Execution worker Thread 9" [_thread_blocked, id=3096, stack(0x0000005270d00000,0x0000005270e00000)]
  0x000001e27fbdf560 JavaThread "Execution worker Thread 10" [_thread_blocked, id=5544, stack(0x0000005270e00000,0x0000005270f00000)]
  0x000001e27fbdfa70 JavaThread "Execution worker Thread 11" [_thread_blocked, id=6408, stack(0x0000005270f00000,0x0000005271000000)]
  0x000001e27fbe3220 JavaThread "Execution worker Thread 12" [_thread_blocked, id=21244, stack(0x0000005271000000,0x0000005271100000)]
  0x000001e27fbe3730 JavaThread "Execution worker Thread 13" [_thread_blocked, id=21620, stack(0x0000005271100000,0x0000005271200000)]
  0x000001e27fbdff80 JavaThread "Execution worker Thread 14" [_thread_blocked, id=6664, stack(0x0000005271200000,0x0000005271300000)]
  0x000001e27fbe0490 JavaThread "Execution worker Thread 15" [_thread_blocked, id=5700, stack(0x0000005271300000,0x0000005271400000)]
  0x000001e27fbe3c40 JavaThread "Execution worker Thread 16" [_thread_blocked, id=14944, stack(0x0000005271400000,0x0000005271500000)]
  0x000001e27fbe4150 JavaThread "Execution worker Thread 17" [_thread_blocked, id=17948, stack(0x0000005271500000,0x0000005271600000)]
  0x000001e27fbe09a0 JavaThread "Execution worker Thread 18" [_thread_blocked, id=21416, stack(0x0000005271600000,0x0000005271700000)]
  0x000001e27fbe5080 JavaThread "Execution worker Thread 19" [_thread_blocked, id=9676, stack(0x0000005271700000,0x0000005271800000)]
  0x000001e27fbe4660 JavaThread "Cache worker for execution history cache (C:\Dev\flutter\packages\flutter_tools\gradle\.gradle\8.3\executionHistory)" [_thread_blocked, id=11148, stack(0x0000005271800000,0x0000005271900000)]
  0x000001e27fbe4b70 JavaThread "Unconstrained build operations" [_thread_blocked, id=5664, stack(0x0000005271900000,0x0000005271a00000)]
  0x000001e27fbe5590 JavaThread "Unconstrained build operations Thread 2" [_thread_blocked, id=16128, stack(0x0000005271a00000,0x0000005271b00000)]
  0x000001e27fbe5aa0 JavaThread "Unconstrained build operations Thread 3" [_thread_blocked, id=19584, stack(0x0000005271b00000,0x0000005271c00000)]
  0x000001e27fbe5fb0 JavaThread "Unconstrained build operations Thread 4" [_thread_blocked, id=7696, stack(0x0000005271c00000,0x0000005271d00000)]
  0x000001e27fbe64c0 JavaThread "Unconstrained build operations Thread 5" [_thread_blocked, id=4764, stack(0x0000005271d00000,0x0000005271e00000)]
  0x000001e27fbe69d0 JavaThread "Unconstrained build operations Thread 6" [_thread_blocked, id=1068, stack(0x0000005271e00000,0x0000005271f00000)]
  0x000001e27eb85630 JavaThread "Unconstrained build operations Thread 7" [_thread_blocked, id=15552, stack(0x0000005271f00000,0x0000005272000000)]
  0x000001e27eb85b40 JavaThread "Unconstrained build operations Thread 8" [_thread_blocked, id=16324, stack(0x0000005272000000,0x0000005272100000)]
  0x000001e27eb86050 JavaThread "Unconstrained build operations Thread 9" [_thread_blocked, id=4568, stack(0x0000005272100000,0x0000005272200000)]
  0x000001e27eb883c0 JavaThread "Unconstrained build operations Thread 10" [_thread_blocked, id=5636, stack(0x0000005272200000,0x0000005272300000)]
  0x000001e27eb879a0 JavaThread "Incoming local TCP Connector on port 51454" [_thread_in_native, id=8176, stack(0x0000005272300000,0x0000005272400000)]
  0x000001e27eb888d0 JavaThread "Exec process" [_thread_in_native, id=26712, stack(0x0000005272400000,0x0000005272500000)]
  0x000001e27eb87eb0 JavaThread "DisconnectableInputStream source reader" daemon [_thread_blocked, id=12792, stack(0x0000005272500000,0x0000005272600000)]
  0x000001e27eb85120 JavaThread "Exec process Thread 2" [_thread_in_native, id=16884, stack(0x0000005272600000,0x0000005272700000)]
  0x000001e27eb88de0 JavaThread "Exec process Thread 3" [_thread_in_native, id=7504, stack(0x0000005272700000,0x0000005272800000)]
  0x000001e27eb892f0 JavaThread "Exec process Thread 4" [_thread_in_native, id=25268, stack(0x0000005272800000,0x0000005272900000)]

Other Threads:
  0x000001e23b2664b0 VMThread "VM Thread" [stack: 0x000000526be00000,0x000000526bf00000] [id=26044]
  0x000001e217750430 WatcherThread [stack: 0x000000526ce00000,0x000000526cf00000] [id=16596]
  0x000001e2177be020 GCTaskThread "GC Thread#0" [stack: 0x000000526b900000,0x000000526ba00000] [id=5032]
  0x000001e27e731ac0 GCTaskThread "GC Thread#1" [stack: 0x000000526d000000,0x000000526d100000] [id=24396]
  0x000001e27df73410 GCTaskThread "GC Thread#2" [stack: 0x000000526d100000,0x000000526d200000] [id=12652]
  0x000001e27df736d0 GCTaskThread "GC Thread#3" [stack: 0x000000526d200000,0x000000526d300000] [id=24688]
  0x000001e27df76350 GCTaskThread "GC Thread#4" [stack: 0x000000526d300000,0x000000526d400000] [id=26772]
  0x000001e27de67880 GCTaskThread "GC Thread#5" [stack: 0x000000526d400000,0x000000526d500000] [id=28468]
  0x000001e27de68380 GCTaskThread "GC Thread#6" [stack: 0x000000526d500000,0x000000526d600000] [id=26448]
  0x000001e27de68900 GCTaskThread "GC Thread#7" [stack: 0x000000526d600000,0x000000526d700000] [id=21412]
  0x000001e27de67300 GCTaskThread "GC Thread#8" [stack: 0x000000526d700000,0x000000526d800000] [id=17836]
  0x000001e27de675c0 GCTaskThread "GC Thread#9" [stack: 0x000000526d800000,0x000000526d900000] [id=4712]
  0x000001e27de67b40 GCTaskThread "GC Thread#10" [stack: 0x000000526d900000,0x000000526da00000] [id=4032]
  0x000001e27de67e00 GCTaskThread "GC Thread#11" [stack: 0x000000526da00000,0x000000526db00000] [id=27160]
  0x000001e27de66d80 GCTaskThread "GC Thread#12" [stack: 0x000000526eb00000,0x000000526ec00000] [id=26124]
  0x000001e27ecba510 GCTaskThread "GC Thread#13" [stack: 0x000000526ec00000,0x000000526ed00000] [id=25112]
  0x000001e27ecbc610 GCTaskThread "GC Thread#14" [stack: 0x000000526ed00000,0x000000526ee00000] [id=24316]
  0x000001e2177cfff0 ConcurrentGCThread "G1 Main Marker" [stack: 0x000000526ba00000,0x000000526bb00000] [id=25236]
  0x000001e2177d1490 ConcurrentGCThread "G1 Conc#0" [stack: 0x000000526bb00000,0x000000526bc00000] [id=17328]
  0x000001e27ecba7d0 ConcurrentGCThread "G1 Conc#1" [stack: 0x000000526ee00000,0x000000526ef00000] [id=15176]
  0x000001e27ecbaa90 ConcurrentGCThread "G1 Conc#2" [stack: 0x000000526ef00000,0x000000526f000000] [id=27980]
  0x000001e27ecbcb90 ConcurrentGCThread "G1 Conc#3" [stack: 0x000000526f000000,0x000000526f100000] [id=7404]
  0x000001e23b23fcb0 ConcurrentGCThread "G1 Refine#0" [stack: 0x000000526bc00000,0x000000526bd00000] [id=13848]
  0x000001e23b2405f0 ConcurrentGCThread "G1 Service" [stack: 0x000000526bd00000,0x000000526be00000] [id=15444]

Threads with active compile tasks:
C2 CompilerThread0     5647 7082       4       org.gradle.internal.stream.EncodedStream$EncodedOutput::write (33 bytes)

VM state: not at safepoint (normal execution)

VM Mutex/Monitor currently owned by a thread: None

Heap address: 0x0000000700000000, size: 4096 MB, Compressed Oops mode: Zero based, Oop shift amount: 3

CDS archive(s) mapped at: [0x000001e23c000000-0x000001e23cba0000-0x000001e23cba0000), size 12189696, SharedBaseAddress: 0x000001e23c000000, ArchiveRelocationMode: 1.
Compressed class space mapped at: 0x000001e23d000000-0x000001e27d000000, reserved size: 1073741824
Narrow klass base: 0x000001e23c000000, Narrow klass shift: 0, Narrow klass range: 0x100000000

GC Precious Log:
 CPUs: 20 total, 20 available
 Memory: 32509M
 Large Page Support: Disabled
 NUMA Support: Disabled
 Compressed Oops: Enabled (Zero based)
 Heap Region Size: 2M
 Heap Min Capacity: 8M
 Heap Initial Capacity: 508M
 Heap Max Capacity: 4G
 Pre-touch: Disabled
 Parallel Workers: 15
 Concurrent Workers: 4
 Concurrent Refinement Workers: 15
 Periodic GC: Disabled

Heap:
 garbage-first heap   total 122880K, used 77316K [0x0000000700000000, 0x0000000800000000)
  region size 2048K, 22 young (45056K), 3 survivors (6144K)
 Metaspace       used 57767K, committed 58368K, reserved 1114112K
  class space    used 8302K, committed 8640K, reserved 1048576K

Heap Regions: E=young(eden), S=young(survivor), O=old, HS=humongous(starts), HC=humongous(continues), CS=collection set, F=free, OA=open archive, CA=closed archive, TAMS=top-at-mark-start (previous, next)
|   0|0x0000000700000000, 0x0000000700200000, 0x0000000700200000|100%|HS|  |TAMS 0x0000000700200000, 0x0000000700000000| Complete 
|   1|0x0000000700200000, 0x0000000700400000, 0x0000000700400000|100%|HC|  |TAMS 0x0000000700400000, 0x0000000700200000| Complete 
|   2|0x0000000700400000, 0x0000000700600000, 0x0000000700600000|100%| O|  |TAMS 0x0000000700600000, 0x0000000700400000| Untracked 
|   3|0x0000000700600000, 0x0000000700800000, 0x0000000700800000|100%| O|  |TAMS 0x0000000700800000, 0x0000000700600000| Untracked 
|   4|0x0000000700800000, 0x0000000700a00000, 0x0000000700a00000|100%| O|  |TAMS 0x0000000700a00000, 0x0000000700800000| Untracked 
|   5|0x0000000700a00000, 0x0000000700c00000, 0x0000000700c00000|100%| O|  |TAMS 0x0000000700a00000, 0x0000000700a00000| Untracked 
|   6|0x0000000700c00000, 0x0000000700e00000, 0x0000000700e00000|100%| O|  |TAMS 0x0000000700e00000, 0x0000000700c00000| Untracked 
|   7|0x0000000700e00000, 0x0000000701000000, 0x0000000701000000|100%| O|  |TAMS 0x0000000701000000, 0x0000000700e00000| Untracked 
|   8|0x0000000701000000, 0x0000000701200000, 0x0000000701200000|100%| O|  |TAMS 0x0000000701200000, 0x0000000701000000| Untracked 
|   9|0x0000000701200000, 0x0000000701400000, 0x0000000701400000|100%| O|  |TAMS 0x0000000701400000, 0x0000000701200000| Untracked 
|  10|0x0000000701400000, 0x0000000701600000, 0x0000000701600000|100%| O|  |TAMS 0x0000000701600000, 0x0000000701400000| Untracked 
|  11|0x0000000701600000, 0x0000000701800000, 0x0000000701800000|100%| O|  |TAMS 0x0000000701800000, 0x0000000701600000| Untracked 
|  12|0x0000000701800000, 0x0000000701a00000, 0x0000000701a00000|100%| O|  |TAMS 0x0000000701a00000, 0x0000000701800000| Untracked 
|  13|0x0000000701a00000, 0x0000000701c00000, 0x0000000701c00000|100%| O|  |TAMS 0x0000000701a00000, 0x0000000701a00000| Untracked 
|  14|0x0000000701c00000, 0x0000000701e00000, 0x0000000701e00000|100%| O|  |TAMS 0x0000000701e00000, 0x0000000701c00000| Untracked 
|  15|0x0000000701e00000, 0x0000000701f55e00, 0x0000000702000000| 66%| O|  |TAMS 0x0000000701f55e00, 0x0000000701e00000| Untracked 
|  16|0x0000000702000000, 0x0000000702200000, 0x0000000702200000|100%| O|  |TAMS 0x0000000702000000, 0x0000000702000000| Untracked 
|  17|0x0000000702200000, 0x00000007022b8800, 0x0000000702400000| 36%| O|  |TAMS 0x0000000702200000, 0x0000000702200000| Untracked 
|  18|0x0000000702400000, 0x0000000702400000, 0x0000000702600000|  0%| F|  |TAMS 0x0000000702400000, 0x0000000702400000| Untracked 
|  19|0x0000000702600000, 0x0000000702600000, 0x0000000702800000|  0%| F|  |TAMS 0x0000000702600000, 0x0000000702600000| Untracked 
|  20|0x0000000702800000, 0x0000000702800000, 0x0000000702a00000|  0%| F|  |TAMS 0x0000000702800000, 0x0000000702800000| Untracked 
|  21|0x0000000702a00000, 0x0000000702a00000, 0x0000000702c00000|  0%| F|  |TAMS 0x0000000702a00000, 0x0000000702a00000| Untracked 
|  22|0x0000000702c00000, 0x0000000702c00000, 0x0000000702e00000|  0%| F|  |TAMS 0x0000000702c00000, 0x0000000702c00000| Untracked 
|  23|0x0000000702e00000, 0x0000000702e00000, 0x0000000703000000|  0%| F|  |TAMS 0x0000000702e00000, 0x0000000702e00000| Untracked 
|  24|0x0000000703000000, 0x0000000703000000, 0x0000000703200000|  0%| F|  |TAMS 0x0000000703000000, 0x0000000703000000| Untracked 
|  25|0x0000000703200000, 0x0000000703372a38, 0x0000000703400000| 72%| S|CS|TAMS 0x0000000703200000, 0x0000000703200000| Complete 
|  26|0x0000000703400000, 0x0000000703600000, 0x0000000703600000|100%| S|CS|TAMS 0x0000000703400000, 0x0000000703400000| Complete 
|  27|0x0000000703600000, 0x0000000703800000, 0x0000000703800000|100%| S|CS|TAMS 0x0000000703600000, 0x0000000703600000| Complete 
|  28|0x0000000703800000, 0x0000000703800000, 0x0000000703a00000|  0%| F|  |TAMS 0x0000000703800000, 0x0000000703800000| Untracked 
|  29|0x0000000703a00000, 0x0000000703a00000, 0x0000000703c00000|  0%| F|  |TAMS 0x0000000703a00000, 0x0000000703a00000| Untracked 
|  30|0x0000000703c00000, 0x0000000703c00000, 0x0000000703e00000|  0%| F|  |TAMS 0x0000000703c00000, 0x0000000703c00000| Untracked 
|  31|0x0000000703e00000, 0x0000000703e00000, 0x0000000704000000|  0%| F|  |TAMS 0x0000000703e00000, 0x0000000703e00000| Untracked 
|  32|0x0000000704000000, 0x0000000704000000, 0x0000000704200000|  0%| F|  |TAMS 0x0000000704000000, 0x0000000704000000| Untracked 
|  33|0x0000000704200000, 0x0000000704200000, 0x0000000704400000|  0%| F|  |TAMS 0x0000000704200000, 0x0000000704200000| Untracked 
|  34|0x0000000704400000, 0x0000000704400000, 0x0000000704600000|  0%| F|  |TAMS 0x0000000704400000, 0x0000000704400000| Untracked 
|  35|0x0000000704600000, 0x0000000704600000, 0x0000000704800000|  0%| F|  |TAMS 0x0000000704600000, 0x0000000704600000| Untracked 
|  36|0x0000000704800000, 0x0000000704800000, 0x0000000704a00000|  0%| F|  |TAMS 0x0000000704800000, 0x0000000704800000| Untracked 
|  37|0x0000000704a00000, 0x0000000704a00000, 0x0000000704c00000|  0%| F|  |TAMS 0x0000000704a00000, 0x0000000704a00000| Untracked 
|  38|0x0000000704c00000, 0x0000000704c00000, 0x0000000704e00000|  0%| F|  |TAMS 0x0000000704c00000, 0x0000000704c00000| Untracked 
|  39|0x0000000704e00000, 0x0000000704e00000, 0x0000000705000000|  0%| F|  |TAMS 0x0000000704e00000, 0x0000000704e00000| Untracked 
|  40|0x0000000705000000, 0x0000000705000000, 0x0000000705200000|  0%| F|  |TAMS 0x0000000705000000, 0x0000000705000000| Untracked 
|  41|0x0000000705200000, 0x00000007052b13e8, 0x0000000705400000| 34%| E|  |TAMS 0x0000000705200000, 0x0000000705200000| Complete 
|  42|0x0000000705400000, 0x0000000705600000, 0x0000000705600000|100%| E|CS|TAMS 0x0000000705400000, 0x0000000705400000| Complete 
|  43|0x0000000705600000, 0x0000000705800000, 0x0000000705800000|100%| E|CS|TAMS 0x0000000705600000, 0x0000000705600000| Complete 
|  44|0x0000000705800000, 0x0000000705a00000, 0x0000000705a00000|100%| E|CS|TAMS 0x0000000705800000, 0x0000000705800000| Complete 
|  45|0x0000000705a00000, 0x0000000705c00000, 0x0000000705c00000|100%| E|CS|TAMS 0x0000000705a00000, 0x0000000705a00000| Complete 
|  46|0x0000000705c00000, 0x0000000705e00000, 0x0000000705e00000|100%| E|CS|TAMS 0x0000000705c00000, 0x0000000705c00000| Complete 
|  47|0x0000000705e00000, 0x0000000706000000, 0x0000000706000000|100%| E|CS|TAMS 0x0000000705e00000, 0x0000000705e00000| Complete 
|  48|0x0000000706000000, 0x0000000706200000, 0x0000000706200000|100%| E|CS|TAMS 0x0000000706000000, 0x0000000706000000| Complete 
|  49|0x0000000706200000, 0x0000000706400000, 0x0000000706400000|100%| E|CS|TAMS 0x0000000706200000, 0x0000000706200000| Complete 
|  50|0x0000000706400000, 0x0000000706600000, 0x0000000706600000|100%| E|CS|TAMS 0x0000000706400000, 0x0000000706400000| Complete 
|  51|0x0000000706600000, 0x0000000706800000, 0x0000000706800000|100%| E|CS|TAMS 0x0000000706600000, 0x0000000706600000| Complete 
|  52|0x0000000706800000, 0x0000000706a00000, 0x0000000706a00000|100%| E|CS|TAMS 0x0000000706800000, 0x0000000706800000| Complete 
|  53|0x0000000706a00000, 0x0000000706c00000, 0x0000000706c00000|100%| E|CS|TAMS 0x0000000706a00000, 0x0000000706a00000| Complete 
|  54|0x0000000706c00000, 0x0000000706e00000, 0x0000000706e00000|100%| E|CS|TAMS 0x0000000706c00000, 0x0000000706c00000| Complete 
|  55|0x0000000706e00000, 0x0000000707000000, 0x0000000707000000|100%| E|CS|TAMS 0x0000000706e00000, 0x0000000706e00000| Complete 
|  56|0x0000000707000000, 0x0000000707200000, 0x0000000707200000|100%| E|CS|TAMS 0x0000000707000000, 0x0000000707000000| Complete 
|  57|0x0000000707200000, 0x0000000707400000, 0x0000000707400000|100%| E|CS|TAMS 0x0000000707200000, 0x0000000707200000| Complete 
|  58|0x0000000707400000, 0x0000000707600000, 0x0000000707600000|100%| E|CS|TAMS 0x0000000707400000, 0x0000000707400000| Complete 
| 253|0x000000071fa00000, 0x000000071fc00000, 0x000000071fc00000|100%| E|CS|TAMS 0x000000071fa00000, 0x000000071fa00000| Complete 

Card table byte_map: [0x000001e22fc40000,0x000001e230440000] _byte_map_base: 0x000001e22c440000

Marking Bits (Prev, Next): (CMBitMap*) 0x000001e2177be590, (CMBitMap*) 0x000001e2177be550
 Prev Bits: [0x000001e234c40000, 0x000001e238c40000)
 Next Bits: [0x000001e230c40000, 0x000001e234c40000)

Polling page: 0x000001e215f10000

Metaspace:

Usage:
  Non-class:     48.31 MB used.
      Class:      8.11 MB used.
       Both:     56.41 MB used.

Virtual space:
  Non-class space:       64.00 MB reserved,      48.56 MB ( 76%) committed,  1 nodes.
      Class space:        1.00 GB reserved,       8.44 MB ( <1%) committed,  1 nodes.
             Both:        1.06 GB reserved,      57.00 MB (  5%) committed. 

Chunk freelists:
   Non-Class:  14.50 MB
       Class:  7.62 MB
        Both:  22.12 MB

MaxMetaspaceSize: 2.00 GB
CompressedClassSpaceSize: 1.00 GB
Initial GC threshold: 21.00 MB
Current GC threshold: 70.12 MB
CDS: on
MetaspaceReclaimPolicy: balanced
 - commit_granule_bytes: 65536.
 - commit_granule_words: 8192.
 - virtual_space_node_default_size: 8388608.
 - enlarge_chunks_in_place: 1.
 - new_chunks_are_fully_committed: 0.
 - uncommit_free_chunks: 1.
 - use_allocation_guard: 0.
 - handle_deallocations: 1.


Internal statistics:

num_allocs_failed_limit: 9.
num_arena_births: 808.
num_arena_deaths: 0.
num_vsnodes_births: 2.
num_vsnodes_deaths: 0.
num_space_committed: 912.
num_space_uncommitted: 0.
num_chunks_returned_to_freelist: 9.
num_chunks_taken_from_freelist: 3152.
num_chunk_merges: 6.
num_chunk_splits: 2063.
num_chunks_enlarged: 1377.
num_inconsistent_stats: 0.

CodeHeap 'non-profiled nmethods': size=119168Kb used=3731Kb max_used=3731Kb free=115436Kb
 bounds [0x000001e226ef0000, 0x000001e2272a0000, 0x000001e22e350000]
CodeHeap 'profiled nmethods': size=119104Kb used=12733Kb max_used=12733Kb free=106370Kb
 bounds [0x000001e21f350000, 0x000001e21ffc0000, 0x000001e2267a0000]
CodeHeap 'non-nmethods': size=7488Kb used=4044Kb max_used=4134Kb free=3443Kb
 bounds [0x000001e2267a0000, 0x000001e226bb0000, 0x000001e226ef0000]
 total_blobs=7205 nmethods=6326 adapters=788
 compilation: enabled
              stopped_count=0, restarted_count=0
 full_count=0

Compilation events (20 events):
Event: 5.599 Thread 0x000001e27d233280 7075       3       org.gradle.internal.stream.EncodedStream$EncodedOutput::write (33 bytes)
Event: 5.599 Thread 0x000001e27d230ca0 7076       3       org.gradle.internal.io.StreamByteBuffer$StreamByteBufferOutputStream::write (22 bytes)
Event: 5.599 Thread 0x000001e27d233850 7077       3       org.gradle.internal.io.StreamByteBuffer$StreamByteBufferChunk::write (32 bytes)
Event: 5.599 Thread 0x000001e27d124e90 nmethod 7072 0x000001e22728db90 code [0x000001e22728dd20, 0x000001e22728de18]
Event: 5.599 Thread 0x000001e27d2847c0 7078       4       org.gradle.internal.stream.EncodedStream::access$000 (4 bytes)
Event: 5.599 Thread 0x000001e27d1307d0 nmethod 7074 0x000001e22728df90 code [0x000001e22728e120, 0x000001e22728e1d8]
Event: 5.599 Thread 0x000001e27d233850 nmethod 7077 0x000001e21ffbbc10 code [0x000001e21ffbbdc0, 0x000001e21ffbbf78]
Event: 5.599 Thread 0x000001e27d124e90 7079       4       org.gradle.internal.io.StreamByteBuffer::allocateSpace (73 bytes)
Event: 5.599 Thread 0x000001e27d233280 nmethod 7075 0x000001e21ffbc090 code [0x000001e21ffbc260, 0x000001e21ffbc618]
Event: 5.600 Thread 0x000001e27d230ca0 nmethod 7076 0x000001e21ffbc790 code [0x000001e21ffbc940, 0x000001e21ffbcaf8]
Event: 5.600 Thread 0x000001e27d230ca0 7083       3       java.io.OutputStream::write (34 bytes)
Event: 5.600 Thread 0x000001e27d2847c0 nmethod 7078 0x000001e22728e290 code [0x000001e22728e400, 0x000001e22728e458]
Event: 5.600 Thread 0x000001e27d2847c0 7081       4       org.gradle.internal.io.StreamByteBuffer$StreamByteBufferOutputStream::write (22 bytes)
Event: 5.600 Thread 0x000001e27d230ca0 nmethod 7083 0x000001e21ffbcc90 code [0x000001e21ffbce60, 0x000001e21ffbd2d8]
Event: 5.603 Thread 0x000001e207c6a090 nmethod 7073 0x000001e22728e590 code [0x000001e22728e740, 0x000001e22728eb48]
Event: 5.603 Thread 0x000001e207c6a090 7080       4       org.gradle.internal.io.StreamByteBuffer$StreamByteBufferChunk::write (32 bytes)
Event: 5.603 Thread 0x000001e27d124e90 nmethod 7079 0x000001e22728ee90 code [0x000001e22728f020, 0x000001e22728f3e8]
Event: 5.604 Thread 0x000001e27d124e90 7082       4       org.gradle.internal.stream.EncodedStream$EncodedOutput::write (33 bytes)
Event: 5.604 Thread 0x000001e207c6a090 nmethod 7080 0x000001e22728f590 code [0x000001e22728f700, 0x000001e22728f7f8]
Event: 5.605 Thread 0x000001e27d2847c0 nmethod 7081 0x000001e22728f910 code [0x000001e22728fac0, 0x000001e22728ff88]

GC Heap History (20 events):
Event: 0.535 GC heap before
{Heap before GC invocations=1 (full 0):
 garbage-first heap   total 520192K, used 36954K [0x0000000700000000, 0x0000000800000000)
  region size 2048K, 16 young (32768K), 2 survivors (4096K)
 Metaspace       used 4074K, committed 4224K, reserved 1114112K
  class space    used 492K, committed 576K, reserved 1048576K
}
Event: 0.537 GC heap after
{Heap after GC invocations=2 (full 0):
 garbage-first heap   total 520192K, used 11883K [0x0000000700000000, 0x0000000800000000)
  region size 2048K, 1 young (2048K), 1 survivors (2048K)
 Metaspace       used 4074K, committed 4224K, reserved 1114112K
  class space    used 492K, committed 576K, reserved 1048576K
}
Event: 1.694 GC heap before
{Heap before GC invocations=2 (full 0):
 garbage-first heap   total 520192K, used 132715K [0x0000000700000000, 0x0000000800000000)
  region size 2048K, 62 young (126976K), 1 survivors (2048K)
 Metaspace       used 21202K, committed 21504K, reserved 1114112K
  class space    used 3131K, committed 3328K, reserved 1048576K
}
Event: 1.699 GC heap after
{Heap after GC invocations=3 (full 0):
 garbage-first heap   total 520192K, used 21749K [0x0000000700000000, 0x0000000800000000)
  region size 2048K, 6 young (12288K), 6 survivors (12288K)
 Metaspace       used 21202K, committed 21504K, reserved 1114112K
  class space    used 3131K, committed 3328K, reserved 1048576K
}
Event: 2.118 GC heap before
{Heap before GC invocations=4 (full 0):
 garbage-first heap   total 90112K, used 62709K [0x0000000700000000, 0x0000000800000000)
  region size 2048K, 26 young (53248K), 6 survivors (12288K)
 Metaspace       used 26345K, committed 26688K, reserved 1114112K
  class space    used 3928K, committed 4096K, reserved 1048576K
}
Event: 2.123 GC heap after
{Heap after GC invocations=5 (full 0):
 garbage-first heap   total 90112K, used 24218K [0x0000000700000000, 0x0000000800000000)
  region size 2048K, 2 young (4096K), 2 survivors (4096K)
 Metaspace       used 26345K, committed 26688K, reserved 1114112K
  class space    used 3928K, committed 4096K, reserved 1048576K
}
Event: 2.140 GC heap before
{Heap before GC invocations=5 (full 0):
 garbage-first heap   total 90112K, used 24218K [0x0000000700000000, 0x0000000800000000)
  region size 2048K, 3 young (6144K), 2 survivors (4096K)
 Metaspace       used 26582K, committed 26944K, reserved 1114112K
  class space    used 3975K, committed 4160K, reserved 1048576K
}
Event: 2.141 GC heap after
{Heap after GC invocations=6 (full 0):
 garbage-first heap   total 90112K, used 24561K [0x0000000700000000, 0x0000000800000000)
  region size 2048K, 1 young (2048K), 1 survivors (2048K)
 Metaspace       used 26582K, committed 26944K, reserved 1114112K
  class space    used 3975K, committed 4160K, reserved 1048576K
}
Event: 2.391 GC heap before
{Heap before GC invocations=6 (full 0):
 garbage-first heap   total 90112K, used 61425K [0x0000000700000000, 0x0000000800000000)
  region size 2048K, 20 young (40960K), 1 survivors (2048K)
 Metaspace       used 31674K, committed 32000K, reserved 1114112K
  class space    used 4464K, committed 4608K, reserved 1048576K
}
Event: 2.394 GC heap after
{Heap after GC invocations=7 (full 0):
 garbage-first heap   total 90112K, used 28480K [0x0000000700000000, 0x0000000800000000)
  region size 2048K, 3 young (6144K), 3 survivors (6144K)
 Metaspace       used 31674K, committed 32000K, reserved 1114112K
  class space    used 4464K, committed 4608K, reserved 1048576K
}
Event: 2.681 GC heap before
{Heap before GC invocations=7 (full 0):
 garbage-first heap   total 90112K, used 65344K [0x0000000700000000, 0x0000000800000000)
  region size 2048K, 20 young (40960K), 3 survivors (6144K)
 Metaspace       used 34034K, committed 34432K, reserved 1114112K
  class space    used 4717K, committed 4928K, reserved 1048576K
}
Event: 2.684 GC heap after
{Heap after GC invocations=8 (full 0):
 garbage-first heap   total 90112K, used 31094K [0x0000000700000000, 0x0000000800000000)
  region size 2048K, 2 young (4096K), 2 survivors (4096K)
 Metaspace       used 34034K, committed 34432K, reserved 1114112K
  class space    used 4717K, committed 4928K, reserved 1048576K
}
Event: 2.917 GC heap before
{Heap before GC invocations=8 (full 0):
 garbage-first heap   total 90112K, used 53622K [0x0000000700000000, 0x0000000800000000)
  region size 2048K, 15 young (30720K), 2 survivors (4096K)
 Metaspace       used 35646K, committed 36096K, reserved 1114112K
  class space    used 4907K, committed 5120K, reserved 1048576K
}
Event: 2.920 GC heap after
{Heap after GC invocations=9 (full 0):
 garbage-first heap   total 305152K, used 32550K [0x0000000700000000, 0x0000000800000000)
  region size 2048K, 3 young (6144K), 3 survivors (6144K)
 Metaspace       used 35646K, committed 36096K, reserved 1114112K
  class space    used 4907K, committed 5120K, reserved 1048576K
}
Event: 3.696 GC heap before
{Heap before GC invocations=10 (full 0):
 garbage-first heap   total 122880K, used 100134K [0x0000000700000000, 0x0000000800000000)
  region size 2048K, 36 young (73728K), 3 survivors (6144K)
 Metaspace       used 42568K, committed 43072K, reserved 1114112K
  class space    used 6046K, committed 6272K, reserved 1048576K
}
Event: 3.700 GC heap after
{Heap after GC invocations=11 (full 0):
 garbage-first heap   total 122880K, used 35021K [0x0000000700000000, 0x0000000800000000)
  region size 2048K, 4 young (8192K), 4 survivors (8192K)
 Metaspace       used 42568K, committed 43072K, reserved 1114112K
  class space    used 6046K, committed 6272K, reserved 1048576K
}
Event: 4.503 GC heap before
{Heap before GC invocations=12 (full 0):
 garbage-first heap   total 122880K, used 92365K [0x0000000700000000, 0x0000000800000000)
  region size 2048K, 32 young (65536K), 4 survivors (8192K)
 Metaspace       used 49552K, committed 50048K, reserved 1114112K
  class space    used 6997K, committed 7232K, reserved 1048576K
}
Event: 4.507 GC heap after
{Heap after GC invocations=13 (full 0):
 garbage-first heap   total 122880K, used 37551K [0x0000000700000000, 0x0000000800000000)
  region size 2048K, 4 young (8192K), 4 survivors (8192K)
 Metaspace       used 49552K, committed 50048K, reserved 1114112K
  class space    used 6997K, committed 7232K, reserved 1048576K
}
Event: 5.144 GC heap before
{Heap before GC invocations=13 (full 0):
 garbage-first heap   total 122880K, used 92847K [0x0000000700000000, 0x0000000800000000)
  region size 2048K, 32 young (65536K), 4 survivors (8192K)
 Metaspace       used 54796K, committed 55424K, reserved 1114112K
  class space    used 7795K, committed 8128K, reserved 1048576K
}
Event: 5.148 GC heap after
{Heap after GC invocations=14 (full 0):
 garbage-first heap   total 122880K, used 40452K [0x0000000700000000, 0x0000000800000000)
  region size 2048K, 3 young (6144K), 3 survivors (6144K)
 Metaspace       used 54796K, committed 55424K, reserved 1114112K
  class space    used 7795K, committed 8128K, reserved 1048576K
}

Dll operation events (14 events):
Event: 0.006 Loaded shared library C:\Program Files\Eclipse Adoptium\jdk-17.0.9.9-hotspot\bin\java.dll
Event: 0.020 Loaded shared library C:\Program Files\Eclipse Adoptium\jdk-17.0.9.9-hotspot\bin\jsvml.dll
Event: 0.045 Loaded shared library C:\Program Files\Eclipse Adoptium\jdk-17.0.9.9-hotspot\bin\zip.dll
Event: 0.047 Loaded shared library C:\Program Files\Eclipse Adoptium\jdk-17.0.9.9-hotspot\bin\instrument.dll
Event: 0.049 Loaded shared library C:\Program Files\Eclipse Adoptium\jdk-17.0.9.9-hotspot\bin\net.dll
Event: 0.050 Loaded shared library C:\Program Files\Eclipse Adoptium\jdk-17.0.9.9-hotspot\bin\nio.dll
Event: 0.052 Loaded shared library C:\Program Files\Eclipse Adoptium\jdk-17.0.9.9-hotspot\bin\zip.dll
Event: 0.147 Loaded shared library C:\Program Files\Eclipse Adoptium\jdk-17.0.9.9-hotspot\bin\jimage.dll
Event: 0.178 Loaded shared library C:\Program Files\Eclipse Adoptium\jdk-17.0.9.9-hotspot\bin\verify.dll
Event: 0.265 Loaded shared library C:\Users\Johnathan\.gradle\native\68d5fa5c4cc2d200863cafc0d521ce42e7d3e7ee720ec0a83991735586a16f82\windows-amd64\native-platform.dll
Event: 0.269 Loaded shared library C:\Users\Johnathan\.gradle\native\e376f236ea51e6404a007f0833ffe2c6e607c4080706a723a18a27aeea778392\windows-amd64\native-platform-file-events.dll
Event: 0.662 Loaded shared library C:\Program Files\Eclipse Adoptium\jdk-17.0.9.9-hotspot\bin\management.dll
Event: 0.664 Loaded shared library C:\Program Files\Eclipse Adoptium\jdk-17.0.9.9-hotspot\bin\management_ext.dll
Event: 0.899 Loaded shared library C:\Program Files\Eclipse Adoptium\jdk-17.0.9.9-hotspot\bin\sunmscapi.dll

Deoptimization events (20 events):
Event: 5.470 Thread 0x000001e2062204c0 DEOPT PACKING pc=0x000001e22726a6f0 sp=0x00000052704fb320
Event: 5.470 Thread 0x000001e2062204c0 DEOPT UNPACKING pc=0x000001e2267f69a3 sp=0x00000052704fb2b0 mode 2
Event: 5.489 Thread 0x000001e27f55b320 DEOPT PACKING pc=0x000001e21f7423f4 sp=0x000000526e9fed10
Event: 5.489 Thread 0x000001e27f55b320 DEOPT UNPACKING pc=0x000001e2267f7143 sp=0x000000526e9fe290 mode 0
Event: 5.497 Thread 0x000001e27f55b320 DEOPT PACKING pc=0x000001e21f7423f4 sp=0x000000526e9fed10
Event: 5.497 Thread 0x000001e27f55b320 DEOPT UNPACKING pc=0x000001e2267f7143 sp=0x000000526e9fe290 mode 0
Event: 5.504 Thread 0x000001e27f55b320 DEOPT PACKING pc=0x000001e21f7423f4 sp=0x000000526e9fed10
Event: 5.504 Thread 0x000001e27f55b320 DEOPT UNPACKING pc=0x000001e2267f7143 sp=0x000000526e9fe290 mode 0
Event: 5.574 Thread 0x000001e2062204c0 DEOPT PACKING pc=0x000001e21f3d8ff9 sp=0x00000052704f8a50
Event: 5.574 Thread 0x000001e2062204c0 DEOPT UNPACKING pc=0x000001e2267f7143 sp=0x00000052704f7f48 mode 0
Event: 5.575 Thread 0x000001e2062204c0 DEOPT PACKING pc=0x000001e21f3d8ff9 sp=0x00000052704f8a50
Event: 5.575 Thread 0x000001e2062204c0 DEOPT UNPACKING pc=0x000001e2267f7143 sp=0x00000052704f7f48 mode 0
Event: 5.575 Thread 0x000001e2062204c0 DEOPT PACKING pc=0x000001e21f3d8ff9 sp=0x00000052704f8a50
Event: 5.575 Thread 0x000001e2062204c0 DEOPT UNPACKING pc=0x000001e2267f7143 sp=0x00000052704f7f48 mode 0
Event: 5.575 Thread 0x000001e2062204c0 DEOPT PACKING pc=0x000001e21f3d8ff9 sp=0x00000052704f8970
Event: 5.575 Thread 0x000001e2062204c0 DEOPT UNPACKING pc=0x000001e2267f7143 sp=0x00000052704f7e68 mode 0
Event: 5.575 Thread 0x000001e2062204c0 DEOPT PACKING pc=0x000001e21f3d8ff9 sp=0x00000052704f8970
Event: 5.575 Thread 0x000001e2062204c0 DEOPT UNPACKING pc=0x000001e2267f7143 sp=0x00000052704f7e68 mode 0
Event: 5.577 Thread 0x000001e2062204c0 DEOPT PACKING pc=0x000001e21f3d8ff9 sp=0x00000052704f8b80
Event: 5.577 Thread 0x000001e2062204c0 DEOPT UNPACKING pc=0x000001e2267f7143 sp=0x00000052704f8078 mode 0

Classes unloaded (0 events):
No events

Classes redefined (0 events):
No events

Internal exceptions (20 events):
Event: 5.370 Thread 0x000001e2062204c0 Exception <a 'sun/nio/fs/WindowsException'{0x0000000706918eb0}> (0x0000000706918eb0) 
thrown [s\src\hotspot\share\prims\jni.cpp, line 516]
Event: 5.382 Thread 0x000001e2062204c0 Exception <a 'java/lang/NoSuchMethodError'{0x00000007069738f8}: 'int java.lang.invoke.DirectMethodHandle$Holder.invokeSpecial(java.lang.Object, java.lang.Object, java.lang.Object, java.lang.Object, java.lang.Object)'> (0x00000007069738f8) 
thrown [s\src\hotspot\share\interpreter\linkResolver.cpp, line 759]
Event: 5.391 Thread 0x000001e27f559ee0 Exception <a 'java/lang/NoSuchMethodError'{0x000000070661fdb0}: static Lorg/gradle/internal/build/event/types/DefaultTaskFinishedProgressEvent;.<clinit>()V> (0x000000070661fdb0) 
thrown [s\src\hotspot\share\prims\jni.cpp, line 1107]
Event: 5.392 Thread 0x000001e27f559ee0 Exception <a 'java/lang/NoSuchMethodError'{0x00000007066323c0}: static Lorg/gradle/internal/build/event/types/DefaultTaskSkippedResult;.<clinit>()V> (0x00000007066323c0) 
thrown [s\src\hotspot\share\prims\jni.cpp, line 1107]
Event: 5.392 Thread 0x000001e27f559ee0 Exception <a 'java/lang/NoSuchMethodError'{0x0000000706633470}: static Lorg/gradle/internal/build/event/types/AbstractTaskResult;.<clinit>()V> (0x0000000706633470) 
thrown [s\src\hotspot\share\prims\jni.cpp, line 1107]
Event: 5.394 Thread 0x000001e2062204c0 Exception <a 'sun/nio/fs/WindowsException'{0x0000000706640da0}> (0x0000000706640da0) 
thrown [s\src\hotspot\share\prims\jni.cpp, line 516]
Event: 5.418 Thread 0x000001e2062204c0 Exception <a 'java/lang/NoSuchMethodError'{0x0000000706504ce0}: static Ljava/lang/Object;.<clinit>()V> (0x0000000706504ce0) 
thrown [s\src\hotspot\share\prims\jni.cpp, line 1107]
Event: 5.479 Thread 0x000001e2062204c0 Exception <a 'java/lang/NoSuchMethodError'{0x000000070618e828}: 'void java.lang.invoke.DirectMethodHandle$Holder.invokeVirtual(java.lang.Object, java.lang.Object)'> (0x000000070618e828) 
thrown [s\src\hotspot\share\interpreter\linkResolver.cpp, line 759]
Event: 5.558 Thread 0x000001e2062204c0 Exception <a 'java/lang/NoSuchMethodError'{0x0000000705d462d8}: static Lorg/gradle/api/internal/tasks/compile/daemon/DaemonGroovyCompiler$GroovyCompilerParameters;.<clinit>()V> (0x0000000705d462d8) 
thrown [s\src\hotspot\share\prims\jni.cpp, line 1107]
Event: 5.558 Thread 0x000001e2062204c0 Exception <a 'java/lang/NoSuchMethodError'{0x0000000705d48f38}: static Lorg/gradle/api/internal/tasks/compile/daemon/CompilerWorkerExecutor$CompilerParameters;.<clinit>()V> (0x0000000705d48f38) 
thrown [s\src\hotspot\share\prims\jni.cpp, line 1107]
Event: 5.558 Thread 0x000001e2062204c0 Exception <a 'java/lang/NoSuchMethodError'{0x0000000705d4b838}: static [Ljava/lang/Object;.<clinit>()V> (0x0000000705d4b838) 
thrown [s\src\hotspot\share\prims\jni.cpp, line 1107]
Event: 5.558 Thread 0x000001e2062204c0 Exception <a 'java/lang/NoSuchMethodError'{0x0000000705d62590}: static Ljava/util/AbstractList;.<clinit>()V> (0x0000000705d62590) 
thrown [s\src\hotspot\share\prims\jni.cpp, line 1107]
Event: 5.560 Thread 0x000001e2062204c0 Exception <a 'java/lang/NoSuchMethodError'{0x0000000705da0a78}: static Lorg/gradle/api/internal/tasks/compile/DefaultGroovyJavaJointCompileSpec;.<clinit>()V> (0x0000000705da0a78) 
thrown [s\src\hotspot\share\prims\jni.cpp, line 1107]
Event: 5.560 Thread 0x000001e2062204c0 Exception <a 'java/lang/NoSuchMethodError'{0x0000000705da52b0}: static Lorg/gradle/api/internal/tasks/compile/DefaultJavaCompileSpec;.<clinit>()V> (0x0000000705da52b0) 
thrown [s\src\hotspot\share\prims\jni.cpp, line 1107]
Event: 5.560 Thread 0x000001e2062204c0 Exception <a 'java/lang/NoSuchMethodError'{0x0000000705daa9e8}: static Lorg/gradle/api/internal/tasks/compile/DefaultJvmLanguageCompileSpec;.<clinit>()V> (0x0000000705daa9e8) 
thrown [s\src\hotspot\share\prims\jni.cpp, line 1107]
Event: 5.565 Thread 0x000001e2062204c0 Exception <a 'java/lang/NoSuchMethodError'{0x0000000705a60fb8}: static Lorg/gradle/api/internal/tasks/compile/MinimalJavaCompileOptions;.<clinit>()V> (0x0000000705a60fb8) 
thrown [s\src\hotspot\share\prims\jni.cpp, line 1107]
Event: 5.566 Thread 0x000001e2062204c0 Exception <a 'java/lang/NoSuchMethodError'{0x0000000705ad7030}: static Lorg/gradle/api/internal/tasks/compile/MinimalJavaCompilerDaemonForkOptions;.<clinit>()V> (0x0000000705ad7030) 
thrown [s\src\hotspot\share\prims\jni.cpp, line 1107]
Event: 5.567 Thread 0x000001e2062204c0 Exception <a 'java/lang/NoSuchMethodError'{0x0000000705ad97f0}: static Lorg/gradle/api/internal/tasks/compile/MinimalCompilerDaemonForkOptions;.<clinit>()V> (0x0000000705ad97f0) 
thrown [s\src\hotspot\share\prims\jni.cpp, line 1107]
Event: 5.567 Thread 0x000001e2062204c0 Exception <a 'java/lang/NoSuchMethodError'{0x0000000705aef478}: static Lorg/gradle/api/internal/tasks/compile/MinimalGroovyCompileOptions;.<clinit>()V> (0x0000000705aef478) 
thrown [s\src\hotspot\share\prims\jni.cpp, line 1107]
Event: 5.568 Thread 0x000001e2062204c0 Exception <a 'java/lang/NoSuchMethodError'{0x0000000705b1c890}: static Lorg/gradle/api/internal/tasks/compile/MinimalGroovyCompilerDaemonForkOptions;.<clinit>()V> (0x0000000705b1c890) 
thrown [s\src\hotspot\share\prims\jni.cpp, line 1107]

VM Operations (20 events):
Event: 4.967 Executing VM operation: ICBufferFull
Event: 4.967 Executing VM operation: ICBufferFull done
Event: 5.143 Executing VM operation: G1CollectForAllocation
Event: 5.148 Executing VM operation: G1CollectForAllocation done
Event: 5.173 Executing VM operation: HandshakeAllThreads
Event: 5.173 Executing VM operation: HandshakeAllThreads done
Event: 5.183 Executing VM operation: HandshakeAllThreads
Event: 5.183 Executing VM operation: HandshakeAllThreads done
Event: 5.187 Executing VM operation: HandshakeAllThreads
Event: 5.187 Executing VM operation: HandshakeAllThreads done
Event: 5.299 Executing VM operation: HandshakeAllThreads
Event: 5.299 Executing VM operation: HandshakeAllThreads done
Event: 5.303 Executing VM operation: ICBufferFull
Event: 5.304 Executing VM operation: ICBufferFull done
Event: 5.381 Executing VM operation: HandshakeAllThreads
Event: 5.381 Executing VM operation: HandshakeAllThreads done
Event: 5.389 Executing VM operation: HandshakeAllThreads
Event: 5.389 Executing VM operation: HandshakeAllThreads done
Event: 5.470 Executing VM operation: ICBufferFull
Event: 5.470 Executing VM operation: ICBufferFull done

Events (20 events):
Event: 5.417 loading class java/util/concurrent/ConcurrentSkipListMap$KeySet done
Event: 5.417 loading class java/util/concurrent/ConcurrentSkipListMap$KeyIterator
Event: 5.417 loading class java/util/concurrent/ConcurrentSkipListMap$KeyIterator done
Event: 5.449 Thread 0x000001e27fbe4b70 Thread added: 0x000001e27fbe4b70
Event: 5.450 Thread 0x000001e27fbe5590 Thread added: 0x000001e27fbe5590
Event: 5.450 Thread 0x000001e27fbe5aa0 Thread added: 0x000001e27fbe5aa0
Event: 5.450 Thread 0x000001e27fbe5fb0 Thread added: 0x000001e27fbe5fb0
Event: 5.450 Thread 0x000001e27fbe64c0 Thread added: 0x000001e27fbe64c0
Event: 5.450 Thread 0x000001e27fbe69d0 Thread added: 0x000001e27fbe69d0
Event: 5.450 Thread 0x000001e27eb85630 Thread added: 0x000001e27eb85630
Event: 5.450 Thread 0x000001e27eb85b40 Thread added: 0x000001e27eb85b40
Event: 5.450 Thread 0x000001e27eb86050 Thread added: 0x000001e27eb86050
Event: 5.450 Thread 0x000001e27eb883c0 Thread added: 0x000001e27eb883c0
Event: 5.541 loading class java/util/PriorityQueue
Event: 5.542 loading class java/util/PriorityQueue done
Event: 5.546 loading class java/nio/file/FileTreeWalker$1
Event: 5.546 loading class java/nio/file/FileTreeWalker$1 done
Event: 5.558 loading class java/io/ObjectStreamClass$ExceptionInfo
Event: 5.558 loading class java/io/ObjectStreamClass$ExceptionInfo done
Event: 5.592 Thread 0x000001e27eb879a0 Thread added: 0x000001e27eb879a0


Dynamic libraries:
0x00007ff6d37b0000 - 0x00007ff6d37be000 	C:\Program Files\Eclipse Adoptium\jdk-17.0.9.9-hotspot\bin\java.exe
0x00007ff81b160000 - 0x00007ff81b3c0000 	C:\WINDOWS\SYSTEM32\ntdll.dll
0x00007ff81ab00000 - 0x00007ff81abc7000 	C:\WINDOWS\System32\KERNEL32.DLL
0x00007ff818b90000 - 0x00007ff818f5a000 	C:\WINDOWS\System32\KERNELBASE.dll
0x00007ff8154b0000 - 0x00007ff81554c000 	C:\WINDOWS\SYSTEM32\apphelp.dll
0x00007ff8186e0000 - 0x00007ff81882b000 	C:\WINDOWS\System32\ucrtbase.dll
0x00007fffe7d30000 - 0x00007fffe7d47000 	C:\Program Files\Eclipse Adoptium\jdk-17.0.9.9-hotspot\bin\jli.dll
0x00007fffe7c20000 - 0x00007fffe7c3b000 	C:\Program Files\Eclipse Adoptium\jdk-17.0.9.9-hotspot\bin\VCRUNTIME140.dll
0x00007ff81a380000 - 0x00007ff81a54c000 	C:\WINDOWS\System32\USER32.dll
0x00007ff8183f0000 - 0x00007ff818417000 	C:\WINDOWS\System32\win32u.dll
0x00007ff804440000 - 0x00007ff8046d7000 	C:\WINDOWS\WinSxS\amd64_microsoft.windows.common-controls_6595b64144ccf1df_6.0.26100.3624_none_3e086962e3345f24\COMCTL32.dll
0x00007ff819520000 - 0x00007ff81954a000 	C:\WINDOWS\System32\GDI32.dll
0x00007ff81ae90000 - 0x00007ff81af39000 	C:\WINDOWS\System32\msvcrt.dll
0x00007ff818830000 - 0x00007ff818961000 	C:\WINDOWS\System32\gdi32full.dll
0x00007ff818340000 - 0x00007ff8183e3000 	C:\WINDOWS\System32\msvcp_win.dll
0x00007ff819c80000 - 0x00007ff819caf000 	C:\WINDOWS\System32\IMM32.DLL
0x00007ffff4f10000 - 0x00007ffff4f1c000 	C:\Program Files\Eclipse Adoptium\jdk-17.0.9.9-hotspot\bin\vcruntime140_1.dll
0x00007fffbe3c0000 - 0x00007fffbe44d000 	C:\Program Files\Eclipse Adoptium\jdk-17.0.9.9-hotspot\bin\msvcp140.dll
0x00007fff48800000 - 0x00007fff49461000 	C:\Program Files\Eclipse Adoptium\jdk-17.0.9.9-hotspot\bin\server\jvm.dll
0x00007ff81af60000 - 0x00007ff81b012000 	C:\WINDOWS\System32\ADVAPI32.dll
0x00007ff8193f0000 - 0x00007ff819496000 	C:\WINDOWS\System32\sechost.dll
0x00007ff81ac30000 - 0x00007ff81ad46000 	C:\WINDOWS\System32\RPCRT4.dll
0x00007ff817860000 - 0x00007ff8178be000 	C:\WINDOWS\SYSTEM32\POWRPROF.dll
0x00007ff80b5f0000 - 0x00007ff80b626000 	C:\WINDOWS\SYSTEM32\WINMM.dll
0x00007ff811d80000 - 0x00007ff811d8b000 	C:\WINDOWS\SYSTEM32\VERSION.dll
0x00007fffe8fe0000 - 0x00007fffe8fea000 	C:\WINDOWS\SYSTEM32\WSOCK32.dll
0x00007ff81ad70000 - 0x00007ff81ade4000 	C:\WINDOWS\System32\WS2_32.dll
0x00007ff817810000 - 0x00007ff817824000 	C:\WINDOWS\SYSTEM32\UMPDC.dll
0x00007ff817120000 - 0x00007ff81713a000 	C:\WINDOWS\SYSTEM32\kernel.appcore.dll
0x00007ffff3a80000 - 0x00007ffff3a8a000 	C:\Program Files\Eclipse Adoptium\jdk-17.0.9.9-hotspot\bin\jimage.dll
0x00007ff8095a0000 - 0x00007ff8097e1000 	C:\WINDOWS\SYSTEM32\DBGHELP.DLL
0x00007ff819060000 - 0x00007ff8193e2000 	C:\WINDOWS\System32\combase.dll
0x00007ff819d40000 - 0x00007ff819e16000 	C:\WINDOWS\System32\OLEAUT32.dll
0x00007ff804000000 - 0x00007ff804039000 	C:\WINDOWS\SYSTEM32\dbgcore.DLL
0x00007ff818970000 - 0x00007ff818a09000 	C:\WINDOWS\System32\bcryptPrimitives.dll
0x00007fffec310000 - 0x00007fffec31e000 	C:\Program Files\Eclipse Adoptium\jdk-17.0.9.9-hotspot\bin\instrument.dll
0x00007fffdacd0000 - 0x00007fffdacf5000 	C:\Program Files\Eclipse Adoptium\jdk-17.0.9.9-hotspot\bin\java.dll
0x00007fffa7aa0000 - 0x00007fffa7b77000 	C:\Program Files\Eclipse Adoptium\jdk-17.0.9.9-hotspot\bin\jsvml.dll
0x00007ff819550000 - 0x00007ff819c79000 	C:\WINDOWS\System32\SHELL32.dll
0x00007ff818570000 - 0x00007ff8186d8000 	C:\WINDOWS\System32\wintypes.dll
0x00007ff815fc0000 - 0x00007ff816812000 	C:\WINDOWS\SYSTEM32\windows.storage.dll
0x00007ff818f70000 - 0x00007ff81905d000 	C:\WINDOWS\System32\SHCORE.dll
0x00007ff81aa90000 - 0x00007ff81aaf4000 	C:\WINDOWS\System32\shlwapi.dll
0x00007ff818250000 - 0x00007ff81827f000 	C:\WINDOWS\SYSTEM32\profapi.dll
0x00007fffe7c00000 - 0x00007fffe7c18000 	C:\Program Files\Eclipse Adoptium\jdk-17.0.9.9-hotspot\bin\zip.dll
0x00007fffe7a40000 - 0x00007fffe7a59000 	C:\Program Files\Eclipse Adoptium\jdk-17.0.9.9-hotspot\bin\net.dll
0x00007ff811970000 - 0x00007ff811a8d000 	C:\WINDOWS\SYSTEM32\WINHTTP.dll
0x00007ff8176e0000 - 0x00007ff81774a000 	C:\WINDOWS\system32\mswsock.dll
0x00007fffe7730000 - 0x00007fffe7746000 	C:\Program Files\Eclipse Adoptium\jdk-17.0.9.9-hotspot\bin\nio.dll
0x00007fffdacc0000 - 0x00007fffdacd0000 	C:\Program Files\Eclipse Adoptium\jdk-17.0.9.9-hotspot\bin\verify.dll
0x00007ff813280000 - 0x00007ff8132a7000 	C:\Users\Johnathan\.gradle\native\68d5fa5c4cc2d200863cafc0d521ce42e7d3e7ee720ec0a83991735586a16f82\windows-amd64\native-platform.dll
0x00007fffbdfa0000 - 0x00007fffbe0e4000 	C:\Users\Johnathan\.gradle\native\e376f236ea51e6404a007f0833ffe2c6e607c4080706a723a18a27aeea778392\windows-amd64\native-platform-file-events.dll
0x00007fffd6970000 - 0x00007fffd6979000 	C:\Program Files\Eclipse Adoptium\jdk-17.0.9.9-hotspot\bin\management.dll
0x00007fffbede0000 - 0x00007fffbedeb000 	C:\Program Files\Eclipse Adoptium\jdk-17.0.9.9-hotspot\bin\management_ext.dll
0x00007ff81af50000 - 0x00007ff81af58000 	C:\WINDOWS\System32\PSAPI.DLL
0x00007ff817a30000 - 0x00007ff817a4c000 	C:\WINDOWS\SYSTEM32\CRYPTSP.dll
0x00007ff817080000 - 0x00007ff8170ba000 	C:\WINDOWS\system32\rsaenh.dll
0x00007ff817780000 - 0x00007ff8177ab000 	C:\WINDOWS\SYSTEM32\USERENV.dll
0x00007ff818220000 - 0x00007ff818246000 	C:\WINDOWS\SYSTEM32\bcrypt.dll
0x00007ff817a50000 - 0x00007ff817a5c000 	C:\WINDOWS\SYSTEM32\CRYPTBASE.dll
0x00007ff816b20000 - 0x00007ff816b53000 	C:\WINDOWS\SYSTEM32\IPHLPAPI.DLL
0x00007ff81adf0000 - 0x00007ff81adfa000 	C:\WINDOWS\System32\NSI.dll
0x00007ff811900000 - 0x00007ff81191f000 	C:\WINDOWS\SYSTEM32\dhcpcsvc6.DLL
0x00007ff811940000 - 0x00007ff811965000 	C:\WINDOWS\SYSTEM32\dhcpcsvc.DLL
0x00007ff816c10000 - 0x00007ff816d35000 	C:\WINDOWS\SYSTEM32\DNSAPI.dll
0x00007fffbedd0000 - 0x00007fffbedde000 	C:\Program Files\Eclipse Adoptium\jdk-17.0.9.9-hotspot\bin\sunmscapi.dll
0x00007ff818a10000 - 0x00007ff818b87000 	C:\WINDOWS\System32\CRYPT32.dll
0x00007ff817c30000 - 0x00007ff817c60000 	C:\WINDOWS\SYSTEM32\ncrypt.dll
0x00007ff817be0000 - 0x00007ff817c1f000 	C:\WINDOWS\SYSTEM32\NTASN1.dll
0x00007ffff64f0000 - 0x00007ffff64f8000 	C:\WINDOWS\system32\wshunix.dll

dbghelp: loaded successfully - version: 4.0.5 - missing functions: none
symbol engine: initialized successfully - sym options: 0x614 - pdb path: .;C:\Program Files\Eclipse Adoptium\jdk-17.0.9.9-hotspot\bin;C:\WINDOWS\SYSTEM32;C:\WINDOWS\WinSxS\amd64_microsoft.windows.common-controls_6595b64144ccf1df_6.0.26100.3624_none_3e086962e3345f24;C:\Program Files\Eclipse Adoptium\jdk-17.0.9.9-hotspot\bin\server;C:\Users\Johnathan\.gradle\native\68d5fa5c4cc2d200863cafc0d521ce42e7d3e7ee720ec0a83991735586a16f82\windows-amd64;C:\Users\Johnathan\.gradle\native\e376f236ea51e6404a007f0833ffe2c6e607c4080706a723a18a27aeea778392\windows-amd64

VM Arguments:
jvm_args: -XX:MaxMetaspaceSize=2G -XX:+HeapDumpOnOutOfMemoryError --add-opens=java.base/java.util=ALL-UNNAMED --add-opens=java.base/java.lang=ALL-UNNAMED --add-opens=java.base/java.lang.invoke=ALL-UNNAMED --add-opens=java.prefs/java.util.prefs=ALL-UNNAMED --add-opens=java.base/java.nio.charset=ALL-UNNAMED --add-opens=java.base/java.net=ALL-UNNAMED --add-opens=java.base/java.util.concurrent.atomic=ALL-UNNAMED -Xmx4G -Dfile.encoding=utf8 -Duser.country=US -Duser.language=en -Duser.variant -javaagent:C:\Users\Johnathan\.gradle\wrapper\dists\gradle-8.3-all\6en3ugtfdg5xnpx44z4qbwgas\gradle-8.3\lib\agents\gradle-instrumentation-agent-8.3.jar 
java_command: org.gradle.launcher.daemon.bootstrap.GradleDaemon 8.3
java_class_path (initial): C:\Users\Johnathan\.gradle\wrapper\dists\gradle-8.3-all\6en3ugtfdg5xnpx44z4qbwgas\gradle-8.3\lib\gradle-launcher-8.3.jar
Launcher Type: SUN_STANDARD

[Global flags]
     intx CICompilerCount                          = 12                                        {product} {ergonomic}
     uint ConcGCThreads                            = 4                                         {product} {ergonomic}
     uint G1ConcRefinementThreads                  = 15                                        {product} {ergonomic}
   size_t G1HeapRegionSize                         = 2097152                                   {product} {ergonomic}
    uintx GCDrainStackTargetSize                   = 64                                        {product} {ergonomic}
     bool HeapDumpOnOutOfMemoryError               = true                                   {manageable} {command line}
   size_t InitialHeapSize                          = 532676608                                 {product} {ergonomic}
   size_t MarkStackSize                            = 4194304                                   {product} {ergonomic}
   size_t MaxHeapSize                              = 4294967296                                {product} {command line}
   size_t MaxMetaspaceSize                         = 2147483648                                {product} {command line}
   size_t MaxNewSize                               = 2575302656                                {product} {ergonomic}
   size_t MinHeapDeltaBytes                        = 2097152                                   {product} {ergonomic}
   size_t MinHeapSize                              = 8388608                                   {product} {ergonomic}
    uintx NonNMethodCodeHeapSize                   = 7602480                                {pd product} {ergonomic}
    uintx NonProfiledCodeHeapSize                  = 122027880                              {pd product} {ergonomic}
    uintx ProfiledCodeHeapSize                     = 122027880                              {pd product} {ergonomic}
    uintx ReservedCodeCacheSize                    = 251658240                              {pd product} {ergonomic}
     bool SegmentedCodeCache                       = true                                      {product} {ergonomic}
   size_t SoftMaxHeapSize                          = 4294967296                             {manageable} {ergonomic}
     bool UseCompressedClassPointers               = true                           {product lp64_product} {ergonomic}
     bool UseCompressedOops                        = true                           {product lp64_product} {ergonomic}
     bool UseG1GC                                  = true                                      {product} {ergonomic}
     bool UseLargePagesIndividualAllocation        = false                                  {pd product} {ergonomic}

Logging:
Log output configuration:
 #0: stdout all=warning uptime,level,tags
 #1: stderr all=off uptime,level,tags

Environment Variables:
PATH=C:\Program Files\Python312\Scripts\;C:\Program Files\Python312\;C:\Program Files (x86)\Razer\ChromaBroadcast\bin;C:\Program Files\Razer\ChromaBroadcast\bin;C:\Program Files (x86)\Common Files\Oracle\Java\javapath;C:\Windows\system32;C:\Windows;C:\Windows\System32\Wbem;C:\Windows\System32\WindowsPowerShell\v1.0\;C:\Windows\System32\OpenSSH\;C:\Program Files (x86)\NVIDIA Corporation\PhysX\Common;C:\Program Files\dotnet\;C:\Program Files\Microsoft SQL Server\150\Tools\Binn\;C:\Program Files\Microsoft SQL Server\Client SDK\ODBC\170\Tools\Binn\;C:\Program Files\NVIDIA Corporation\NVIDIA NvDLISR;C:\Windows\system32\config\systemprofile\AppData\Local\Microsoft\WindowsApps;C:\Program Files (x86)\Windows Kits\10\Windows Performance Toolkit\;C:\Program Files\CMake\bin;C:\Program Files\Git\cmd;C:\Program Files\ngrok-v3-stable-windows-arm64;C:\Program Files\PuTTY\;C:\WINDOWS\system32;C:\WINDOWS;C:\WINDOWS\System32\Wbem;C:\WINDOWS\System32\WindowsPowerShell\v1.0\;C:\WINDOWS\System32\OpenSSH\;C:\Program Files (x86)\Pulse Secure\VC142.CRT\X64\;C:\Program Files (x86)\Pulse Secure\VC142.CRT\X86\;C:\Program Files (x86)\Common Files\Pulse Secure\TNC Client Plugin\;C:\Users\Johnathan\AppData\Local\Programs\Python\Launcher\;C:\Users\Johnathan\AppData\Local\Microsoft\WindowsApps;C:\Users\Johnathan\AppData\Local\Programs\Microsoft VS Code\bin;C:\Users\Johnathan\.dotnet\tools;C:\msys64\ucrt64\bin;C:\Dev\flutter\bin;C:\Program Files\Eclipse Adoptium\jdk-17.0.9.9-hotspot\bin;
USERNAME=Johnathan
OS=Windows_NT
PROCESSOR_IDENTIFIER=Intel64 Family 6 Model 151 Stepping 2, GenuineIntel
TMP=C:\Users\JOHNAT~1\AppData\Local\Temp
TEMP=C:\Users\JOHNAT~1\AppData\Local\Temp



Periodic native trim disabled


---------------  S Y S T E M  ---------------

OS:
 Windows 11 , 64 bit Build 26100 (10.0.26100.3775)
OS uptime: 0 days 6:44 hours
Hyper-V role detected

CPU: total 20 (initial active 20) (10 cores per cpu, 2 threads per core) family 6 model 151 stepping 2 microcode 0x23, cx8, cmov, fxsr, ht, mmx, 3dnowpref, sse, sse2, sse3, ssse3, sse4.1, sse4.2, popcnt, lzcnt, tsc, tscinvbit, avx, avx2, aes, erms, clmul, bmi1, bmi2, adx, sha, fma, vzeroupper, clflush, clflushopt, clwb, hv
Processor Information for processor 0
  Max Mhz: 3600, Current Mhz: 3600, Mhz Limit: 3600
Processor Information for processor 1
  Max Mhz: 3600, Current Mhz: 3600, Mhz Limit: 3600
Processor Information for processor 2
  Max Mhz: 3600, Current Mhz: 3600, Mhz Limit: 3600
Processor Information for processor 3
  Max Mhz: 3600, Current Mhz: 3600, Mhz Limit: 3600
Processor Information for processor 4
  Max Mhz: 3600, Current Mhz: 3600, Mhz Limit: 3600
Processor Information for processor 5
  Max Mhz: 3600, Current Mhz: 3600, Mhz Limit: 3600
Processor Information for processor 6
  Max Mhz: 3600, Current Mhz: 3600, Mhz Limit: 3600
Processor Information for processor 7
  Max Mhz: 3600, Current Mhz: 3600, Mhz Limit: 3600
Processor Information for processor 8
  Max Mhz: 3600, Current Mhz: 3600, Mhz Limit: 3600
Processor Information for processor 9
  Max Mhz: 3600, Current Mhz: 3600, Mhz Limit: 3600
Processor Information for processor 10
  Max Mhz: 3600, Current Mhz: 3600, Mhz Limit: 3600
Processor Information for processor 11
  Max Mhz: 3600, Current Mhz: 3600, Mhz Limit: 3600
Processor Information for processor 12
  Max Mhz: 3600, Current Mhz: 3600, Mhz Limit: 3600
Processor Information for processor 13
  Max Mhz: 3600, Current Mhz: 3600, Mhz Limit: 3600
Processor Information for processor 14
  Max Mhz: 3600, Current Mhz: 3600, Mhz Limit: 3600
Processor Information for processor 15
  Max Mhz: 3600, Current Mhz: 3600, Mhz Limit: 3600
Processor Information for processor 16
  Max Mhz: 3600, Current Mhz: 2700, Mhz Limit: 2700
Processor Information for processor 17
  Max Mhz: 3600, Current Mhz: 2700, Mhz Limit: 2700
Processor Information for processor 18
  Max Mhz: 3600, Current Mhz: 2700, Mhz Limit: 2700
Processor Information for processor 19
  Max Mhz: 3600, Current Mhz: 2700, Mhz Limit: 2700

Memory: 4k page, system-wide physical 32509M (14444M free)
TotalPageFile size 34557M (AvailPageFile size 11996M)
current process WorkingSet (physical memory assigned to process): 333M, peak: 334M
current process commit charge ("private bytes"): 385M, peak: 730M

vm_info: OpenJDK 64-Bit Server VM (17.0.9+9) for windows-amd64 JRE (17.0.9+9), built on Oct 26 2023 14:01:42 by "admin" with MS VC++ 16.10 / 16.11 (VS2019)

END.
