#
# A fatal error has been detected by the Java Runtime Environment:
#
#  EXCEPTION_ACCESS_VIOLATION (0xc0000005) at pc=0x00007fff48925340, pid=26944, tid=5492
#
# JRE version: OpenJDK Runtime Environment Temurin-17.0.9+9 (17.0.9+9) (build 17.0.9+9)
# Java VM: OpenJDK 64-Bit Server VM Temurin-17.0.9+9 (17.0.9+9, mixed mode, sharing, tiered, compressed oops, compressed class ptrs, g1 gc, windows-amd64)
# Problematic frame:
# V  [jvm.dll+0x125340]
#
# No core dump will be written. Minidumps are not enabled by default on client versions of Windows
#
# If you would like to submit a bug report, please visit:
#   https://github.com/adoptium/adoptium-support/issues
#

---------------  S U M M A R Y ------------

Command Line: -XX:MaxMetaspaceSize=2G -XX:+HeapDumpOnOutOfMemoryError --add-opens=java.base/java.util=ALL-UNNAMED --add-opens=java.base/java.lang=ALL-UNNAMED --add-opens=java.base/java.lang.invoke=ALL-UNNAMED --add-opens=java.prefs/java.util.prefs=ALL-UNNAMED --add-opens=java.base/java.nio.charset=ALL-UNNAMED --add-opens=java.base/java.net=ALL-UNNAMED --add-opens=java.base/java.util.concurrent.atomic=ALL-UNNAMED -Xmx4G -Dfile.encoding=utf8 -Duser.country=US -Duser.language=en -Duser.variant -javaagent:C:\Users\Johnathan\.gradle\wrapper\dists\gradle-8.3-all\6en3ugtfdg5xnpx44z4qbwgas\gradle-8.3\lib\agents\gradle-instrumentation-agent-8.3.jar org.gradle.launcher.daemon.bootstrap.GradleDaemon 8.3

Host: 12th Gen Intel(R) Core(TM) i7-12700K, 20 cores, 31G,  Windows 11 , 64 bit Build 26100 (10.0.26100.3775)
Time: Mon Apr 21 19:20:47 2025 Eastern Daylight Time elapsed time: 1.383632 seconds (0d 0h 0m 1s)

---------------  T H R E A D  ---------------

Current thread (0x0000020adfa60c90):  JavaThread "C2 CompilerThread1" daemon [_thread_in_native, id=5492, stack(0x000000cee7200000,0x000000cee7300000)]


Current CompileTask:
C2:   1383 2442   !   4       java.lang.ClassLoader::loadClass (121 bytes)

Stack: [0x000000cee7200000,0x000000cee7300000],  sp=0x000000cee72fbc50,  free space=1007k
Native frames: (J=compiled Java code, j=interpreted, Vv=VM code, C=native code)
V  [jvm.dll+0x125340]
V  [jvm.dll+0x125763]
V  [jvm.dll+0x1251ae]
V  [jvm.dll+0x6824a5]
V  [jvm.dll+0x21a988]
V  [jvm.dll+0x2199d1]
V  [jvm.dll+0x1a57cd]
V  [jvm.dll+0x2297ae]
V  [jvm.dll+0x22797c]
V  [jvm.dll+0x7e9877]
V  [jvm.dll+0x7e3c3a]
V  [jvm.dll+0x67be35]
C  [ucrtbase.dll+0x37b0]
C  [KERNEL32.DLL+0x2e8d7]
C  [ntdll.dll+0xb14fc]


siginfo: EXCEPTION_ACCESS_VIOLATION (0xc0000005), reading address 0x0000000000000000


Registers:
RAX=0x0000020b251882b8, RBX=0x00000000000012f0, RCX=0x0000000000000000, RDX=0x0000020b284fc130
RSP=0x000000cee72fbc50, RBP=0x0000020b25189810, RSI=0x0000000000000252, RDI=0x0000000000000000
R8 =0x0000000000000014, R9 =0x00007fff48800000, R10=0x0000000000000003, R11=0x0000000000000080
R12=0x0000020b260883a0, R13=0x000000000000000c, R14=0x000000000000025e, R15=0x0000020b260883a0
RIP=0x00007fff48925340, EFLAGS=0x0000000000010212


Register to memory mapping:

RIP=0x00007fff48925340 jvm.dll
RAX=0x0000020b251882b8 points into unknown readable memory: 0x0000020b2a23f270 | 70 f2 23 2a 0b 02 00 00
RBX=0x00000000000012f0 is an unknown value
RCX=0x0 is NULL
RDX=0x0000020b284fc130 points into unknown readable memory: 0x00000000c0c30000 | 00 00 c3 c0 00 00 00 00
RSP=0x000000cee72fbc50 is pointing into the stack for thread: 0x0000020adfa60c90
RBP=0x0000020b25189810 points into unknown readable memory: 0x0000000249383d48 | 48 3d 38 49 02 00 00 00
RSI=0x0000000000000252 is an unknown value
RDI=0x0 is NULL
R8 =0x0000000000000014 is an unknown value
R9 =0x00007fff48800000 jvm.dll
R10=0x0000000000000003 is an unknown value
R11=0x0000000000000080 is an unknown value
R12=0x0000020b260883a0 points into unknown readable memory: 0x00007fff490e5e18 | 18 5e 0e 49 ff 7f 00 00
R13=0x000000000000000c is an unknown value
R14=0x000000000000025e is an unknown value
R15=0x0000020b260883a0 points into unknown readable memory: 0x00007fff490e5e18 | 18 5e 0e 49 ff 7f 00 00


Top of Stack: (sp=0x000000cee72fbc50)
0x000000cee72fbc50:   00000000000002a4 0000000000000013
0x000000cee72fbc60:   0000020b26aee030 00007fff488ac5d9
0x000000cee72fbc70:   0000020a40000000 00000000000012f0
0x000000cee72fbc80:   00000000000004bc 000000000000025e
0x000000cee72fbc90:   0000020b252db0a0 0000000000000019
0x000000cee72fbca0:   0000020b25f9bc10 00000000000002a4
0x000000cee72fbcb0:   000000cee72fc2b0 000000000000026a
0x000000cee72fbcc0:   00000000ffffffff 0000020b251897e0
0x000000cee72fbcd0:   0000000000000013 0000020b2ac5f800
0x000000cee72fbce0:   0000020b260883a0 00007fff48925763
0x000000cee72fbcf0:   0000020b251897e0 0000020b00000050
0x000000cee72fbd00:   00000000000002a4 000000cee72fc2b0
0x000000cee72fbd10:   0000020b284fc130 00007fff489260f2
0x000000cee72fbd20:   000000cee72fd160 0000000000000000
0x000000cee72fbd30:   0000020b284fe9f0 0000020b27be8940
0x000000cee72fbd40:   0000020b25aae840 0000020b251897e0
0x000000cee72fbd50:   000000cee72fbe19 00007fff489251ae
0x000000cee72fbd60:   0000000000000002 0000000000000002
0x000000cee72fbd70:   0000020b000002a4 0000020b2ac5f800
0x000000cee72fbd80:   0000020adf9fabe0 0000020b2ac5f800
0x000000cee72fbd90:   ffffffff00000100 0000020adf9fabe0
0x000000cee72fbda0:   0000020b2ac483d0 0000020b000000eb
0x000000cee72fbdb0:   0000020adf9fabe0 0000000000000548
0x000000cee72fbdc0:   0000000000001520 0000000000001adc
0x000000cee72fbdd0:   0000020ab94b0000 0000000000000000
0x000000cee72fbde0:   0000020adfa60c90 00007fff489ffb00
0x000000cee72fbdf0:   0000020adfa60c90 00007fff4911cce8
0x000000cee72fbe00:   0000000000000000 0000000000000000
0x000000cee72fbe10:   0000000000000000 00007fff4911cce8
0x000000cee72fbe20:   0000020b2ace0200 00007fff48e8373f
0x000000cee72fbe30:   0000020adf9fabe0 00007fff4913fcdc
0x000000cee72fbe40:   0000000000000020 0000000000000000 

Instructions: (pc=0x00007fff48925340)
0x00007fff48925240:   55 56 57 41 54 41 55 41 56 41 57 48 83 ec 58 49
0x00007fff48925250:   8b 41 58 4c 8b e2 41 8b 79 50 33 d2 41 8b d8 89
0x00007fff48925260:   bc 24 a8 00 00 00 44 8b a8 68 0c 00 00 44 2b 2d
0x00007fff48925270:   24 24 a2 00 8d 4a 10 e8 c4 e7 5a 00 33 f6 48 85
0x00007fff48925280:   c0 74 12 45 8b c5 8b d7 48 8b c8 e8 10 49 54 00
0x00007fff48925290:   48 8b e8 eb 03 48 8b ee 41 8b 44 24 2c 4d 8b fc
0x00007fff489252a0:   83 e0 1f 49 8b cc 3c 1e 49 8b 04 24 4c 0f 45 fe
0x00007fff489252b0:   ff 90 88 00 00 00 48 89 44 24 40 44 8b f6 85 db
0x00007fff489252c0:   0f 8e db 03 00 00 48 8b 94 24 c0 00 00 00 4c 8d
0x00007fff489252d0:   0d 2b ad ed ff b9 01 00 00 00 48 89 74 24 30 48
0x00007fff489252e0:   8b de 89 4c 24 20 48 8b c6 48 89 5c 24 28 48 89
0x00007fff489252f0:   44 24 38 48 c1 e8 05 85 0c 82 0f 84 6b 03 00 00
0x00007fff48925300:   48 8b 0d 91 23 a2 00 44 3b f1 7d 0a 4a 8b b4 0b
0x00007fff48925310:   60 2e b1 00 eb 17 41 8b c6 2b c1 41 3b c5 7d 04
0x00007fff48925320:   03 c7 eb 03 41 2b c5 48 63 f0 48 03 f1 48 8b 84
0x00007fff48925330:   24 a0 00 00 00 48 8b 40 08 48 8b 3c 03 48 8b cf
0x00007fff48925340:   48 8b 07 ff 50 28 4c 8d 0d b3 ac ed ff 48 8b d0
0x00007fff48925350:   4c 63 40 10 49 8b c8 48 c1 e1 05 42 80 bc 09 f0
0x00007fff48925360:   ee b2 00 00 0f 84 3e 02 00 00 41 f6 c6 01 0f 85
0x00007fff48925370:   e8 02 00 00 48 8b ce 81 e1 ff 3f 00 00 48 3b f1
0x00007fff48925380:   74 3b 48 8b 84 24 b8 00 00 00 48 8d 15 e7 78 7f
0x00007fff48925390:   00 45 33 c0 48 8b 58 10 48 8b 8b 70 01 00 00 e8
0x00007fff489253a0:   ec 11 0a 00 48 8d 15 cd 78 7f 00 48 8b cb e8 4d
0x00007fff489253b0:   f4 0f 00 48 8b 5c 24 28 e9 98 02 00 00 83 78 24
0x00007fff489253c0:   00 75 53 4d 85 ff 74 3e 49 8b 47 78 48 8b 48 18
0x00007fff489253d0:   8b 51 18 b9 05 00 00 00 3b d1 76 2a 4d 8b 47 08
0x00007fff489253e0:   8b c1 49 39 3c c0 74 16 ff c1 3b ca 72 f2 48 8b
0x00007fff489253f0:   d6 48 8b cd e8 a7 57 54 00 e9 57 02 00 00 3b ca
0x00007fff48925400:   0f 82 56 02 00 00 48 8b d6 48 8b cd e8 8f 57 54
0x00007fff48925410:   00 e9 3f 02 00 00 48 8b 4c 24 40 e8 b0 73 08 00
0x00007fff48925420:   41 8b 54 24 18 8b d8 3b c2 73 18 4d 8b 44 24 08
0x00007fff48925430:   8b cb 49 39 3c c8 0f 84 9e 00 00 00 83 c3 02 3b 


Stack slot to memory mapping:
stack at sp + 0 slots: 0x00000000000002a4 is an unknown value
stack at sp + 1 slots: 0x0000000000000013 is an unknown value
stack at sp + 2 slots: 0x0000020b26aee030 points into unknown readable memory: 0x0000020b25183290 | 90 32 18 25 0b 02 00 00
stack at sp + 3 slots: 0x00007fff488ac5d9 jvm.dll
stack at sp + 4 slots: 0x0000020a40000000 is an unknown value
stack at sp + 5 slots: 0x00000000000012f0 is an unknown value
stack at sp + 6 slots: 0x00000000000004bc is an unknown value
stack at sp + 7 slots: 0x000000000000025e is an unknown value


---------------  P R O C E S S  ---------------

Threads class SMR info:
_java_thread_list=0x0000020b27ac64d0, length=30, elements={
0x0000020abb70f6a0, 0x0000020adecee6d0, 0x0000020adecf11b0, 0x0000020aded06900,
0x0000020aded071d0, 0x0000020aded07aa0, 0x0000020aded08370, 0x0000020aded08f70,
0x0000020aded0dd60, 0x0000020aded0e670, 0x0000020adf8dc0d0, 0x0000020adfa1d350,
0x0000020adfa25860, 0x0000020adfa60c90, 0x0000020adfb67640, 0x0000020b25043020,
0x0000020b250fbfd0, 0x0000020b27723fd0, 0x0000020b25c298b0, 0x0000020b26513840,
0x0000020b2635e4a0, 0x0000020b2635e980, 0x0000020b2629b870, 0x0000020b2629bd50,
0x0000020b26297700, 0x0000020b262958a0, 0x0000020b26296ce0, 0x0000020b26297c10,
0x0000020b262971f0, 0x0000020b262967d0
}

Java Threads: ( => current thread )
  0x0000020abb70f6a0 JavaThread "main" [_thread_blocked, id=15104, stack(0x000000cee5f00000,0x000000cee6000000)]
  0x0000020adecee6d0 JavaThread "Reference Handler" daemon [_thread_blocked, id=6408, stack(0x000000cee6600000,0x000000cee6700000)]
  0x0000020adecf11b0 JavaThread "Finalizer" daemon [_thread_blocked, id=21244, stack(0x000000cee6700000,0x000000cee6800000)]
  0x0000020aded06900 JavaThread "Signal Dispatcher" daemon [_thread_blocked, id=21620, stack(0x000000cee6800000,0x000000cee6900000)]
  0x0000020aded071d0 JavaThread "Attach Listener" daemon [_thread_blocked, id=6664, stack(0x000000cee6900000,0x000000cee6a00000)]
  0x0000020aded07aa0 JavaThread "Service Thread" daemon [_thread_blocked, id=5700, stack(0x000000cee6a00000,0x000000cee6b00000)]
  0x0000020aded08370 JavaThread "Monitor Deflation Thread" daemon [_thread_blocked, id=14944, stack(0x000000cee6b00000,0x000000cee6c00000)]
  0x0000020aded08f70 JavaThread "C2 CompilerThread0" daemon [_thread_blocked, id=17948, stack(0x000000cee6c00000,0x000000cee6d00000)]
  0x0000020aded0dd60 JavaThread "C1 CompilerThread0" daemon [_thread_blocked, id=21416, stack(0x000000cee6d00000,0x000000cee6e00000)]
  0x0000020aded0e670 JavaThread "Sweeper thread" daemon [_thread_blocked, id=9676, stack(0x000000cee6e00000,0x000000cee6f00000)]
  0x0000020adf8dc0d0 JavaThread "Common-Cleaner" daemon [_thread_blocked, id=3104, stack(0x000000cee6f00000,0x000000cee7000000)]
  0x0000020adfa1d350 JavaThread "C1 CompilerThread1" daemon [_thread_blocked, id=20136, stack(0x000000cee7000000,0x000000cee7100000)]
  0x0000020adfa25860 JavaThread "C1 CompilerThread2" daemon [_thread_blocked, id=9696, stack(0x000000cee7100000,0x000000cee7200000)]
=>0x0000020adfa60c90 JavaThread "C2 CompilerThread1" daemon [_thread_in_native, id=5492, stack(0x000000cee7200000,0x000000cee7300000)]
  0x0000020adfb67640 JavaThread "Notification Thread" daemon [_thread_blocked, id=3888, stack(0x000000cee7300000,0x000000cee7400000)]
  0x0000020b25043020 JavaThread "C2 CompilerThread2" daemon [_thread_blocked, id=18048, stack(0x000000cee7500000,0x000000cee7600000)]
  0x0000020b250fbfd0 JavaThread "C1 CompilerThread3" daemon [_thread_blocked, id=7772, stack(0x000000cee7600000,0x000000cee7700000)]
  0x0000020b27723fd0 JavaThread "Daemon health stats" [_thread_blocked, id=13440, stack(0x000000cee8200000,0x000000cee8300000)]
  0x0000020b25c298b0 JavaThread "Incoming local TCP Connector on port 51425" [_thread_in_native, id=28440, stack(0x000000cee8300000,0x000000cee8400000)]
  0x0000020b26513840 JavaThread "Daemon periodic checks" [_thread_blocked, id=4116, stack(0x000000cee8400000,0x000000cee8500000)]
  0x0000020b2635e4a0 JavaThread "Daemon" [_thread_blocked, id=18912, stack(0x000000cee8500000,0x000000cee8600000)]
  0x0000020b2635e980 JavaThread "Handler for socket connection from /127.0.0.1:51425 to /127.0.0.1:51426" [_thread_in_native, id=16556, stack(0x000000cee8600000,0x000000cee8700000)]
  0x0000020b2629b870 JavaThread "Cancel handler" [_thread_blocked, id=19292, stack(0x000000cee8700000,0x000000cee8800000)]
  0x0000020b2629bd50 JavaThread "Daemon worker" [_thread_in_vm, id=13824, stack(0x000000cee8800000,0x000000cee8900000)]
  0x0000020b26297700 JavaThread "Asynchronous log dispatcher for DefaultDaemonConnection: socket connection from /127.0.0.1:51425 to /127.0.0.1:51426" [_thread_blocked, id=2980, stack(0x000000cee8900000,0x000000cee8a00000)]
  0x0000020b262958a0 JavaThread "Stdin handler" [_thread_blocked, id=20148, stack(0x000000cee8a00000,0x000000cee8b00000)]
  0x0000020b26296ce0 JavaThread "Daemon client event forwarder" [_thread_blocked, id=8540, stack(0x000000cee8b00000,0x000000cee8c00000)]
  0x0000020b26297c10 JavaThread "Cache worker for journal cache (C:\Users\Johnathan\.gradle\caches\journal-1)" [_thread_blocked, id=16108, stack(0x000000cee8c00000,0x000000cee8d00000)]
  0x0000020b262971f0 JavaThread "File lock request listener" [_thread_in_native, id=5080, stack(0x000000cee8d00000,0x000000cee8e00000)]
  0x0000020b262967d0 JavaThread "Cache worker for file hash cache (C:\Users\Johnathan\.gradle\caches\8.3\fileHashes)" [_thread_blocked, id=9996, stack(0x000000cee8e00000,0x000000cee8f00000)]

Other Threads:
  0x0000020adeceb040 VMThread "VM Thread" [stack: 0x000000cee6500000,0x000000cee6600000] [id=5544]
  0x0000020abb710430 WatcherThread [stack: 0x000000cee7400000,0x000000cee7500000] [id=1136]
  0x0000020abb77e020 GCTaskThread "GC Thread#0" [stack: 0x000000cee6000000,0x000000cee6100000] [id=23716]
  0x0000020b2584f310 GCTaskThread "GC Thread#1" [stack: 0x000000cee7700000,0x000000cee7800000] [id=24700]
  0x0000020b2535fa50 GCTaskThread "GC Thread#2" [stack: 0x000000cee7800000,0x000000cee7900000] [id=8200]
  0x0000020b2535fd10 GCTaskThread "GC Thread#3" [stack: 0x000000cee7900000,0x000000cee7a00000] [id=13044]
  0x0000020b255cc090 GCTaskThread "GC Thread#4" [stack: 0x000000cee7a00000,0x000000cee7b00000] [id=17552]
  0x0000020b255cc350 GCTaskThread "GC Thread#5" [stack: 0x000000cee7b00000,0x000000cee7c00000] [id=5568]
  0x0000020b255cca20 GCTaskThread "GC Thread#6" [stack: 0x000000cee7c00000,0x000000cee7d00000] [id=26356]
  0x0000020b252710b0 GCTaskThread "GC Thread#7" [stack: 0x000000cee7d00000,0x000000cee7e00000] [id=11148]
  0x0000020b25271770 GCTaskThread "GC Thread#8" [stack: 0x000000cee7e00000,0x000000cee7f00000] [id=10180]
  0x0000020b25411160 GCTaskThread "GC Thread#9" [stack: 0x000000cee7f00000,0x000000cee8000000] [id=16656]
  0x0000020b25411420 GCTaskThread "GC Thread#10" [stack: 0x000000cee8000000,0x000000cee8100000] [id=10700]
  0x0000020b25cf6620 GCTaskThread "GC Thread#11" [stack: 0x000000cee8100000,0x000000cee8200000] [id=12204]
  0x0000020abb78fff0 ConcurrentGCThread "G1 Main Marker" [stack: 0x000000cee6100000,0x000000cee6200000] [id=14880]
  0x0000020abb792340 ConcurrentGCThread "G1 Conc#0" [stack: 0x000000cee6200000,0x000000cee6300000] [id=20208]
  0x0000020adecc5680 ConcurrentGCThread "G1 Refine#0" [stack: 0x000000cee6300000,0x000000cee6400000] [id=21756]
  0x0000020adecc5d60 ConcurrentGCThread "G1 Service" [stack: 0x000000cee6400000,0x000000cee6500000] [id=3096]

Threads with active compile tasks:
C2 CompilerThread1     1426 2442   !   4       java.lang.ClassLoader::loadClass (121 bytes)

VM state: not at safepoint (normal execution)

VM Mutex/Monitor currently owned by a thread: None

Heap address: 0x0000000700000000, size: 4096 MB, Compressed Oops mode: Zero based, Oop shift amount: 3

CDS archive(s) mapped at: [0x0000020ae0000000-0x0000020ae0ba0000-0x0000020ae0ba0000), size 12189696, SharedBaseAddress: 0x0000020ae0000000, ArchiveRelocationMode: 1.
Compressed class space mapped at: 0x0000020ae1000000-0x0000020b21000000, reserved size: 1073741824
Narrow klass base: 0x0000020ae0000000, Narrow klass shift: 0, Narrow klass range: 0x100000000

GC Precious Log:
 CPUs: 20 total, 20 available
 Memory: 32509M
 Large Page Support: Disabled
 NUMA Support: Disabled
 Compressed Oops: Enabled (Zero based)
 Heap Region Size: 2M
 Heap Min Capacity: 8M
 Heap Initial Capacity: 508M
 Heap Max Capacity: 4G
 Pre-touch: Disabled
 Parallel Workers: 15
 Concurrent Workers: 4
 Concurrent Refinement Workers: 15
 Periodic GC: Disabled

Heap:
 garbage-first heap   total 520192K, used 101825K [0x0000000700000000, 0x0000000800000000)
  region size 2048K, 46 young (94208K), 1 survivors (2048K)
 Metaspace       used 17544K, committed 17792K, reserved 1114112K
  class space    used 2554K, committed 2688K, reserved 1048576K

Heap Regions: E=young(eden), S=young(survivor), O=old, HS=humongous(starts), HC=humongous(continues), CS=collection set, F=free, OA=open archive, CA=closed archive, TAMS=top-at-mark-start (previous, next)
|   0|0x0000000700000000, 0x0000000700200000, 0x0000000700200000|100%|HS|  |TAMS 0x0000000700000000, 0x0000000700000000| Complete 
|   1|0x0000000700200000, 0x0000000700400000, 0x0000000700400000|100%|HC|  |TAMS 0x0000000700200000, 0x0000000700200000| Complete 
|   2|0x0000000700400000, 0x0000000700600000, 0x0000000700600000|100%| O|  |TAMS 0x0000000700400000, 0x0000000700400000| Untracked 
|   3|0x0000000700600000, 0x0000000700800000, 0x0000000700800000|100%| O|  |TAMS 0x0000000700600000, 0x0000000700600000| Untracked 
|   4|0x0000000700800000, 0x0000000700a00000, 0x0000000700a00000|100%| O|  |TAMS 0x0000000700800000, 0x0000000700800000| Untracked 
|   5|0x0000000700a00000, 0x0000000700a14400, 0x0000000700c00000|  3%| O|  |TAMS 0x0000000700a00000, 0x0000000700a00000| Untracked 
|   6|0x0000000700c00000, 0x0000000700c00000, 0x0000000700e00000|  0%| F|  |TAMS 0x0000000700c00000, 0x0000000700c00000| Untracked 
|   7|0x0000000700e00000, 0x0000000700e00000, 0x0000000701000000|  0%| F|  |TAMS 0x0000000700e00000, 0x0000000700e00000| Untracked 
|   8|0x0000000701000000, 0x0000000701000000, 0x0000000701200000|  0%| F|  |TAMS 0x0000000701000000, 0x0000000701000000| Untracked 
|   9|0x0000000701200000, 0x0000000701200000, 0x0000000701400000|  0%| F|  |TAMS 0x0000000701200000, 0x0000000701200000| Untracked 
|  10|0x0000000701400000, 0x0000000701400000, 0x0000000701600000|  0%| F|  |TAMS 0x0000000701400000, 0x0000000701400000| Untracked 
|  11|0x0000000701600000, 0x0000000701600000, 0x0000000701800000|  0%| F|  |TAMS 0x0000000701600000, 0x0000000701600000| Untracked 
|  12|0x0000000701800000, 0x0000000701800000, 0x0000000701a00000|  0%| F|  |TAMS 0x0000000701800000, 0x0000000701800000| Untracked 
|  13|0x0000000701a00000, 0x0000000701a00000, 0x0000000701c00000|  0%| F|  |TAMS 0x0000000701a00000, 0x0000000701a00000| Untracked 
|  14|0x0000000701c00000, 0x0000000701c00000, 0x0000000701e00000|  0%| F|  |TAMS 0x0000000701c00000, 0x0000000701c00000| Untracked 
|  15|0x0000000701e00000, 0x0000000701e00000, 0x0000000702000000|  0%| F|  |TAMS 0x0000000701e00000, 0x0000000701e00000| Untracked 
|  16|0x0000000702000000, 0x0000000702000000, 0x0000000702200000|  0%| F|  |TAMS 0x0000000702000000, 0x0000000702000000| Untracked 
|  17|0x0000000702200000, 0x0000000702200000, 0x0000000702400000|  0%| F|  |TAMS 0x0000000702200000, 0x0000000702200000| Untracked 
|  18|0x0000000702400000, 0x0000000702400000, 0x0000000702600000|  0%| F|  |TAMS 0x0000000702400000, 0x0000000702400000| Untracked 
|  19|0x0000000702600000, 0x0000000702600000, 0x0000000702800000|  0%| F|  |TAMS 0x0000000702600000, 0x0000000702600000| Untracked 
|  20|0x0000000702800000, 0x0000000702800000, 0x0000000702a00000|  0%| F|  |TAMS 0x0000000702800000, 0x0000000702800000| Untracked 
|  21|0x0000000702a00000, 0x0000000702a00000, 0x0000000702c00000|  0%| F|  |TAMS 0x0000000702a00000, 0x0000000702a00000| Untracked 
|  22|0x0000000702c00000, 0x0000000702c00000, 0x0000000702e00000|  0%| F|  |TAMS 0x0000000702c00000, 0x0000000702c00000| Untracked 
|  23|0x0000000702e00000, 0x0000000702e00000, 0x0000000703000000|  0%| F|  |TAMS 0x0000000702e00000, 0x0000000702e00000| Untracked 
|  24|0x0000000703000000, 0x0000000703000000, 0x0000000703200000|  0%| F|  |TAMS 0x0000000703000000, 0x0000000703000000| Untracked 
|  25|0x0000000703200000, 0x0000000703200000, 0x0000000703400000|  0%| F|  |TAMS 0x0000000703200000, 0x0000000703200000| Untracked 
|  26|0x0000000703400000, 0x0000000703400000, 0x0000000703600000|  0%| F|  |TAMS 0x0000000703400000, 0x0000000703400000| Untracked 
|  27|0x0000000703600000, 0x0000000703600000, 0x0000000703800000|  0%| F|  |TAMS 0x0000000703600000, 0x0000000703600000| Untracked 
|  28|0x0000000703800000, 0x0000000703800000, 0x0000000703a00000|  0%| F|  |TAMS 0x0000000703800000, 0x0000000703800000| Untracked 
|  29|0x0000000703a00000, 0x0000000703a00000, 0x0000000703c00000|  0%| F|  |TAMS 0x0000000703a00000, 0x0000000703a00000| Untracked 
|  30|0x0000000703c00000, 0x0000000703c00000, 0x0000000703e00000|  0%| F|  |TAMS 0x0000000703c00000, 0x0000000703c00000| Untracked 
|  31|0x0000000703e00000, 0x0000000703e00000, 0x0000000704000000|  0%| F|  |TAMS 0x0000000703e00000, 0x0000000703e00000| Untracked 
|  32|0x0000000704000000, 0x0000000704000000, 0x0000000704200000|  0%| F|  |TAMS 0x0000000704000000, 0x0000000704000000| Untracked 
|  33|0x0000000704200000, 0x0000000704200000, 0x0000000704400000|  0%| F|  |TAMS 0x0000000704200000, 0x0000000704200000| Untracked 
|  34|0x0000000704400000, 0x0000000704400000, 0x0000000704600000|  0%| F|  |TAMS 0x0000000704400000, 0x0000000704400000| Untracked 
|  35|0x0000000704600000, 0x0000000704600000, 0x0000000704800000|  0%| F|  |TAMS 0x0000000704600000, 0x0000000704600000| Untracked 
|  36|0x0000000704800000, 0x0000000704800000, 0x0000000704a00000|  0%| F|  |TAMS 0x0000000704800000, 0x0000000704800000| Untracked 
|  37|0x0000000704a00000, 0x0000000704a00000, 0x0000000704c00000|  0%| F|  |TAMS 0x0000000704a00000, 0x0000000704a00000| Untracked 
|  38|0x0000000704c00000, 0x0000000704c00000, 0x0000000704e00000|  0%| F|  |TAMS 0x0000000704c00000, 0x0000000704c00000| Untracked 
|  39|0x0000000704e00000, 0x0000000704e00000, 0x0000000705000000|  0%| F|  |TAMS 0x0000000704e00000, 0x0000000704e00000| Untracked 
|  40|0x0000000705000000, 0x0000000705000000, 0x0000000705200000|  0%| F|  |TAMS 0x0000000705000000, 0x0000000705000000| Untracked 
|  41|0x0000000705200000, 0x0000000705200000, 0x0000000705400000|  0%| F|  |TAMS 0x0000000705200000, 0x0000000705200000| Untracked 
|  42|0x0000000705400000, 0x0000000705400000, 0x0000000705600000|  0%| F|  |TAMS 0x0000000705400000, 0x0000000705400000| Untracked 
|  43|0x0000000705600000, 0x0000000705600000, 0x0000000705800000|  0%| F|  |TAMS 0x0000000705600000, 0x0000000705600000| Untracked 
|  44|0x0000000705800000, 0x0000000705800000, 0x0000000705a00000|  0%| F|  |TAMS 0x0000000705800000, 0x0000000705800000| Untracked 
|  45|0x0000000705a00000, 0x0000000705a00000, 0x0000000705c00000|  0%| F|  |TAMS 0x0000000705a00000, 0x0000000705a00000| Untracked 
|  46|0x0000000705c00000, 0x0000000705c00000, 0x0000000705e00000|  0%| F|  |TAMS 0x0000000705c00000, 0x0000000705c00000| Untracked 
|  47|0x0000000705e00000, 0x0000000705e00000, 0x0000000706000000|  0%| F|  |TAMS 0x0000000705e00000, 0x0000000705e00000| Untracked 
|  48|0x0000000706000000, 0x0000000706000000, 0x0000000706200000|  0%| F|  |TAMS 0x0000000706000000, 0x0000000706000000| Untracked 
|  49|0x0000000706200000, 0x0000000706200000, 0x0000000706400000|  0%| F|  |TAMS 0x0000000706200000, 0x0000000706200000| Untracked 
|  50|0x0000000706400000, 0x0000000706400000, 0x0000000706600000|  0%| F|  |TAMS 0x0000000706400000, 0x0000000706400000| Untracked 
|  51|0x0000000706600000, 0x0000000706600000, 0x0000000706800000|  0%| F|  |TAMS 0x0000000706600000, 0x0000000706600000| Untracked 
|  52|0x0000000706800000, 0x0000000706800000, 0x0000000706a00000|  0%| F|  |TAMS 0x0000000706800000, 0x0000000706800000| Untracked 
|  53|0x0000000706a00000, 0x0000000706a00000, 0x0000000706c00000|  0%| F|  |TAMS 0x0000000706a00000, 0x0000000706a00000| Untracked 
|  54|0x0000000706c00000, 0x0000000706c00000, 0x0000000706e00000|  0%| F|  |TAMS 0x0000000706c00000, 0x0000000706c00000| Untracked 
|  55|0x0000000706e00000, 0x0000000706e00000, 0x0000000707000000|  0%| F|  |TAMS 0x0000000706e00000, 0x0000000706e00000| Untracked 
|  56|0x0000000707000000, 0x0000000707000000, 0x0000000707200000|  0%| F|  |TAMS 0x0000000707000000, 0x0000000707000000| Untracked 
|  57|0x0000000707200000, 0x0000000707200000, 0x0000000707400000|  0%| F|  |TAMS 0x0000000707200000, 0x0000000707200000| Untracked 
|  58|0x0000000707400000, 0x0000000707400000, 0x0000000707600000|  0%| F|  |TAMS 0x0000000707400000, 0x0000000707400000| Untracked 
|  59|0x0000000707600000, 0x0000000707600000, 0x0000000707800000|  0%| F|  |TAMS 0x0000000707600000, 0x0000000707600000| Untracked 
|  60|0x0000000707800000, 0x0000000707800000, 0x0000000707a00000|  0%| F|  |TAMS 0x0000000707800000, 0x0000000707800000| Untracked 
|  61|0x0000000707a00000, 0x0000000707a00000, 0x0000000707c00000|  0%| F|  |TAMS 0x0000000707a00000, 0x0000000707a00000| Untracked 
|  62|0x0000000707c00000, 0x0000000707c00000, 0x0000000707e00000|  0%| F|  |TAMS 0x0000000707c00000, 0x0000000707c00000| Untracked 
|  63|0x0000000707e00000, 0x0000000707e00000, 0x0000000708000000|  0%| F|  |TAMS 0x0000000707e00000, 0x0000000707e00000| Untracked 
|  64|0x0000000708000000, 0x0000000708000000, 0x0000000708200000|  0%| F|  |TAMS 0x0000000708000000, 0x0000000708000000| Untracked 
|  65|0x0000000708200000, 0x0000000708200000, 0x0000000708400000|  0%| F|  |TAMS 0x0000000708200000, 0x0000000708200000| Untracked 
|  66|0x0000000708400000, 0x0000000708400000, 0x0000000708600000|  0%| F|  |TAMS 0x0000000708400000, 0x0000000708400000| Untracked 
|  67|0x0000000708600000, 0x0000000708600000, 0x0000000708800000|  0%| F|  |TAMS 0x0000000708600000, 0x0000000708600000| Untracked 
|  68|0x0000000708800000, 0x0000000708800000, 0x0000000708a00000|  0%| F|  |TAMS 0x0000000708800000, 0x0000000708800000| Untracked 
|  69|0x0000000708a00000, 0x0000000708a00000, 0x0000000708c00000|  0%| F|  |TAMS 0x0000000708a00000, 0x0000000708a00000| Untracked 
|  70|0x0000000708c00000, 0x0000000708c00000, 0x0000000708e00000|  0%| F|  |TAMS 0x0000000708c00000, 0x0000000708c00000| Untracked 
|  71|0x0000000708e00000, 0x0000000708e00000, 0x0000000709000000|  0%| F|  |TAMS 0x0000000708e00000, 0x0000000708e00000| Untracked 
|  72|0x0000000709000000, 0x0000000709000000, 0x0000000709200000|  0%| F|  |TAMS 0x0000000709000000, 0x0000000709000000| Untracked 
|  73|0x0000000709200000, 0x0000000709200000, 0x0000000709400000|  0%| F|  |TAMS 0x0000000709200000, 0x0000000709200000| Untracked 
|  74|0x0000000709400000, 0x0000000709400000, 0x0000000709600000|  0%| F|  |TAMS 0x0000000709400000, 0x0000000709400000| Untracked 
|  75|0x0000000709600000, 0x0000000709600000, 0x0000000709800000|  0%| F|  |TAMS 0x0000000709600000, 0x0000000709600000| Untracked 
|  76|0x0000000709800000, 0x0000000709800000, 0x0000000709a00000|  0%| F|  |TAMS 0x0000000709800000, 0x0000000709800000| Untracked 
|  77|0x0000000709a00000, 0x0000000709a00000, 0x0000000709c00000|  0%| F|  |TAMS 0x0000000709a00000, 0x0000000709a00000| Untracked 
|  78|0x0000000709c00000, 0x0000000709c00000, 0x0000000709e00000|  0%| F|  |TAMS 0x0000000709c00000, 0x0000000709c00000| Untracked 
|  79|0x0000000709e00000, 0x0000000709e00000, 0x000000070a000000|  0%| F|  |TAMS 0x0000000709e00000, 0x0000000709e00000| Untracked 
|  80|0x000000070a000000, 0x000000070a000000, 0x000000070a200000|  0%| F|  |TAMS 0x000000070a000000, 0x000000070a000000| Untracked 
|  81|0x000000070a200000, 0x000000070a200000, 0x000000070a400000|  0%| F|  |TAMS 0x000000070a200000, 0x000000070a200000| Untracked 
|  82|0x000000070a400000, 0x000000070a400000, 0x000000070a600000|  0%| F|  |TAMS 0x000000070a400000, 0x000000070a400000| Untracked 
|  83|0x000000070a600000, 0x000000070a600000, 0x000000070a800000|  0%| F|  |TAMS 0x000000070a600000, 0x000000070a600000| Untracked 
|  84|0x000000070a800000, 0x000000070a800000, 0x000000070aa00000|  0%| F|  |TAMS 0x000000070a800000, 0x000000070a800000| Untracked 
|  85|0x000000070aa00000, 0x000000070aa00000, 0x000000070ac00000|  0%| F|  |TAMS 0x000000070aa00000, 0x000000070aa00000| Untracked 
|  86|0x000000070ac00000, 0x000000070ac00000, 0x000000070ae00000|  0%| F|  |TAMS 0x000000070ac00000, 0x000000070ac00000| Untracked 
|  87|0x000000070ae00000, 0x000000070ae00000, 0x000000070b000000|  0%| F|  |TAMS 0x000000070ae00000, 0x000000070ae00000| Untracked 
|  88|0x000000070b000000, 0x000000070b000000, 0x000000070b200000|  0%| F|  |TAMS 0x000000070b000000, 0x000000070b000000| Untracked 
|  89|0x000000070b200000, 0x000000070b200000, 0x000000070b400000|  0%| F|  |TAMS 0x000000070b200000, 0x000000070b200000| Untracked 
|  90|0x000000070b400000, 0x000000070b400000, 0x000000070b600000|  0%| F|  |TAMS 0x000000070b400000, 0x000000070b400000| Untracked 
|  91|0x000000070b600000, 0x000000070b600000, 0x000000070b800000|  0%| F|  |TAMS 0x000000070b600000, 0x000000070b600000| Untracked 
|  92|0x000000070b800000, 0x000000070b800000, 0x000000070ba00000|  0%| F|  |TAMS 0x000000070b800000, 0x000000070b800000| Untracked 
|  93|0x000000070ba00000, 0x000000070ba00000, 0x000000070bc00000|  0%| F|  |TAMS 0x000000070ba00000, 0x000000070ba00000| Untracked 
|  94|0x000000070bc00000, 0x000000070bc00000, 0x000000070be00000|  0%| F|  |TAMS 0x000000070bc00000, 0x000000070bc00000| Untracked 
|  95|0x000000070be00000, 0x000000070be00000, 0x000000070c000000|  0%| F|  |TAMS 0x000000070be00000, 0x000000070be00000| Untracked 
|  96|0x000000070c000000, 0x000000070c000000, 0x000000070c200000|  0%| F|  |TAMS 0x000000070c000000, 0x000000070c000000| Untracked 
|  97|0x000000070c200000, 0x000000070c200000, 0x000000070c400000|  0%| F|  |TAMS 0x000000070c200000, 0x000000070c200000| Untracked 
|  98|0x000000070c400000, 0x000000070c400000, 0x000000070c600000|  0%| F|  |TAMS 0x000000070c400000, 0x000000070c400000| Untracked 
|  99|0x000000070c600000, 0x000000070c600000, 0x000000070c800000|  0%| F|  |TAMS 0x000000070c600000, 0x000000070c600000| Untracked 
| 100|0x000000070c800000, 0x000000070c800000, 0x000000070ca00000|  0%| F|  |TAMS 0x000000070c800000, 0x000000070c800000| Untracked 
| 101|0x000000070ca00000, 0x000000070ca00000, 0x000000070cc00000|  0%| F|  |TAMS 0x000000070ca00000, 0x000000070ca00000| Untracked 
| 102|0x000000070cc00000, 0x000000070cc00000, 0x000000070ce00000|  0%| F|  |TAMS 0x000000070cc00000, 0x000000070cc00000| Untracked 
| 103|0x000000070ce00000, 0x000000070ce00000, 0x000000070d000000|  0%| F|  |TAMS 0x000000070ce00000, 0x000000070ce00000| Untracked 
| 104|0x000000070d000000, 0x000000070d000000, 0x000000070d200000|  0%| F|  |TAMS 0x000000070d000000, 0x000000070d000000| Untracked 
| 105|0x000000070d200000, 0x000000070d200000, 0x000000070d400000|  0%| F|  |TAMS 0x000000070d200000, 0x000000070d200000| Untracked 
| 106|0x000000070d400000, 0x000000070d400000, 0x000000070d600000|  0%| F|  |TAMS 0x000000070d400000, 0x000000070d400000| Untracked 
| 107|0x000000070d600000, 0x000000070d600000, 0x000000070d800000|  0%| F|  |TAMS 0x000000070d600000, 0x000000070d600000| Untracked 
| 108|0x000000070d800000, 0x000000070d800000, 0x000000070da00000|  0%| F|  |TAMS 0x000000070d800000, 0x000000070d800000| Untracked 
| 109|0x000000070da00000, 0x000000070da00000, 0x000000070dc00000|  0%| F|  |TAMS 0x000000070da00000, 0x000000070da00000| Untracked 
| 110|0x000000070dc00000, 0x000000070dc00000, 0x000000070de00000|  0%| F|  |TAMS 0x000000070dc00000, 0x000000070dc00000| Untracked 
| 111|0x000000070de00000, 0x000000070de00000, 0x000000070e000000|  0%| F|  |TAMS 0x000000070de00000, 0x000000070de00000| Untracked 
| 112|0x000000070e000000, 0x000000070e000000, 0x000000070e200000|  0%| F|  |TAMS 0x000000070e000000, 0x000000070e000000| Untracked 
| 113|0x000000070e200000, 0x000000070e200000, 0x000000070e400000|  0%| F|  |TAMS 0x000000070e200000, 0x000000070e200000| Untracked 
| 114|0x000000070e400000, 0x000000070e400000, 0x000000070e600000|  0%| F|  |TAMS 0x000000070e400000, 0x000000070e400000| Untracked 
| 115|0x000000070e600000, 0x000000070e600000, 0x000000070e800000|  0%| F|  |TAMS 0x000000070e600000, 0x000000070e600000| Untracked 
| 116|0x000000070e800000, 0x000000070e800000, 0x000000070ea00000|  0%| F|  |TAMS 0x000000070e800000, 0x000000070e800000| Untracked 
| 117|0x000000070ea00000, 0x000000070ea00000, 0x000000070ec00000|  0%| F|  |TAMS 0x000000070ea00000, 0x000000070ea00000| Untracked 
| 118|0x000000070ec00000, 0x000000070ec00000, 0x000000070ee00000|  0%| F|  |TAMS 0x000000070ec00000, 0x000000070ec00000| Untracked 
| 119|0x000000070ee00000, 0x000000070ee00000, 0x000000070f000000|  0%| F|  |TAMS 0x000000070ee00000, 0x000000070ee00000| Untracked 
| 120|0x000000070f000000, 0x000000070f000000, 0x000000070f200000|  0%| F|  |TAMS 0x000000070f000000, 0x000000070f000000| Untracked 
| 121|0x000000070f200000, 0x000000070f200000, 0x000000070f400000|  0%| F|  |TAMS 0x000000070f200000, 0x000000070f200000| Untracked 
| 122|0x000000070f400000, 0x000000070f400000, 0x000000070f600000|  0%| F|  |TAMS 0x000000070f400000, 0x000000070f400000| Untracked 
| 123|0x000000070f600000, 0x000000070f600000, 0x000000070f800000|  0%| F|  |TAMS 0x000000070f600000, 0x000000070f600000| Untracked 
| 124|0x000000070f800000, 0x000000070f800000, 0x000000070fa00000|  0%| F|  |TAMS 0x000000070f800000, 0x000000070f800000| Untracked 
| 125|0x000000070fa00000, 0x000000070fa00000, 0x000000070fc00000|  0%| F|  |TAMS 0x000000070fa00000, 0x000000070fa00000| Untracked 
| 126|0x000000070fc00000, 0x000000070fc00000, 0x000000070fe00000|  0%| F|  |TAMS 0x000000070fc00000, 0x000000070fc00000| Untracked 
| 127|0x000000070fe00000, 0x000000070fe00000, 0x0000000710000000|  0%| F|  |TAMS 0x000000070fe00000, 0x000000070fe00000| Untracked 
| 128|0x0000000710000000, 0x0000000710000000, 0x0000000710200000|  0%| F|  |TAMS 0x0000000710000000, 0x0000000710000000| Untracked 
| 129|0x0000000710200000, 0x0000000710200000, 0x0000000710400000|  0%| F|  |TAMS 0x0000000710200000, 0x0000000710200000| Untracked 
| 130|0x0000000710400000, 0x0000000710400000, 0x0000000710600000|  0%| F|  |TAMS 0x0000000710400000, 0x0000000710400000| Untracked 
| 131|0x0000000710600000, 0x0000000710600000, 0x0000000710800000|  0%| F|  |TAMS 0x0000000710600000, 0x0000000710600000| Untracked 
| 132|0x0000000710800000, 0x0000000710800000, 0x0000000710a00000|  0%| F|  |TAMS 0x0000000710800000, 0x0000000710800000| Untracked 
| 133|0x0000000710a00000, 0x0000000710a00000, 0x0000000710c00000|  0%| F|  |TAMS 0x0000000710a00000, 0x0000000710a00000| Untracked 
| 134|0x0000000710c00000, 0x0000000710c00000, 0x0000000710e00000|  0%| F|  |TAMS 0x0000000710c00000, 0x0000000710c00000| Untracked 
| 135|0x0000000710e00000, 0x0000000710e00000, 0x0000000711000000|  0%| F|  |TAMS 0x0000000710e00000, 0x0000000710e00000| Untracked 
| 136|0x0000000711000000, 0x0000000711000000, 0x0000000711200000|  0%| F|  |TAMS 0x0000000711000000, 0x0000000711000000| Untracked 
| 137|0x0000000711200000, 0x0000000711200000, 0x0000000711400000|  0%| F|  |TAMS 0x0000000711200000, 0x0000000711200000| Untracked 
| 138|0x0000000711400000, 0x0000000711400000, 0x0000000711600000|  0%| F|  |TAMS 0x0000000711400000, 0x0000000711400000| Untracked 
| 139|0x0000000711600000, 0x0000000711600000, 0x0000000711800000|  0%| F|  |TAMS 0x0000000711600000, 0x0000000711600000| Untracked 
| 140|0x0000000711800000, 0x0000000711800000, 0x0000000711a00000|  0%| F|  |TAMS 0x0000000711800000, 0x0000000711800000| Untracked 
| 141|0x0000000711a00000, 0x0000000711a00000, 0x0000000711c00000|  0%| F|  |TAMS 0x0000000711a00000, 0x0000000711a00000| Untracked 
| 142|0x0000000711c00000, 0x0000000711c00000, 0x0000000711e00000|  0%| F|  |TAMS 0x0000000711c00000, 0x0000000711c00000| Untracked 
| 143|0x0000000711e00000, 0x0000000711e00000, 0x0000000712000000|  0%| F|  |TAMS 0x0000000711e00000, 0x0000000711e00000| Untracked 
| 144|0x0000000712000000, 0x0000000712000000, 0x0000000712200000|  0%| F|  |TAMS 0x0000000712000000, 0x0000000712000000| Untracked 
| 145|0x0000000712200000, 0x0000000712200000, 0x0000000712400000|  0%| F|  |TAMS 0x0000000712200000, 0x0000000712200000| Untracked 
| 146|0x0000000712400000, 0x0000000712400000, 0x0000000712600000|  0%| F|  |TAMS 0x0000000712400000, 0x0000000712400000| Untracked 
| 147|0x0000000712600000, 0x0000000712600000, 0x0000000712800000|  0%| F|  |TAMS 0x0000000712600000, 0x0000000712600000| Untracked 
| 148|0x0000000712800000, 0x0000000712800000, 0x0000000712a00000|  0%| F|  |TAMS 0x0000000712800000, 0x0000000712800000| Untracked 
| 149|0x0000000712a00000, 0x0000000712a00000, 0x0000000712c00000|  0%| F|  |TAMS 0x0000000712a00000, 0x0000000712a00000| Untracked 
| 150|0x0000000712c00000, 0x0000000712c00000, 0x0000000712e00000|  0%| F|  |TAMS 0x0000000712c00000, 0x0000000712c00000| Untracked 
| 151|0x0000000712e00000, 0x0000000712e00000, 0x0000000713000000|  0%| F|  |TAMS 0x0000000712e00000, 0x0000000712e00000| Untracked 
| 152|0x0000000713000000, 0x0000000713000000, 0x0000000713200000|  0%| F|  |TAMS 0x0000000713000000, 0x0000000713000000| Untracked 
| 153|0x0000000713200000, 0x0000000713200000, 0x0000000713400000|  0%| F|  |TAMS 0x0000000713200000, 0x0000000713200000| Untracked 
| 154|0x0000000713400000, 0x0000000713400000, 0x0000000713600000|  0%| F|  |TAMS 0x0000000713400000, 0x0000000713400000| Untracked 
| 155|0x0000000713600000, 0x0000000713600000, 0x0000000713800000|  0%| F|  |TAMS 0x0000000713600000, 0x0000000713600000| Untracked 
| 156|0x0000000713800000, 0x0000000713800000, 0x0000000713a00000|  0%| F|  |TAMS 0x0000000713800000, 0x0000000713800000| Untracked 
| 157|0x0000000713a00000, 0x0000000713a00000, 0x0000000713c00000|  0%| F|  |TAMS 0x0000000713a00000, 0x0000000713a00000| Untracked 
| 158|0x0000000713c00000, 0x0000000713c00000, 0x0000000713e00000|  0%| F|  |TAMS 0x0000000713c00000, 0x0000000713c00000| Untracked 
| 159|0x0000000713e00000, 0x0000000713e00000, 0x0000000714000000|  0%| F|  |TAMS 0x0000000713e00000, 0x0000000713e00000| Untracked 
| 160|0x0000000714000000, 0x0000000714000000, 0x0000000714200000|  0%| F|  |TAMS 0x0000000714000000, 0x0000000714000000| Untracked 
| 161|0x0000000714200000, 0x0000000714200000, 0x0000000714400000|  0%| F|  |TAMS 0x0000000714200000, 0x0000000714200000| Untracked 
| 162|0x0000000714400000, 0x0000000714400000, 0x0000000714600000|  0%| F|  |TAMS 0x0000000714400000, 0x0000000714400000| Untracked 
| 163|0x0000000714600000, 0x0000000714600000, 0x0000000714800000|  0%| F|  |TAMS 0x0000000714600000, 0x0000000714600000| Untracked 
| 164|0x0000000714800000, 0x0000000714800000, 0x0000000714a00000|  0%| F|  |TAMS 0x0000000714800000, 0x0000000714800000| Untracked 
| 165|0x0000000714a00000, 0x0000000714a00000, 0x0000000714c00000|  0%| F|  |TAMS 0x0000000714a00000, 0x0000000714a00000| Untracked 
| 166|0x0000000714c00000, 0x0000000714c00000, 0x0000000714e00000|  0%| F|  |TAMS 0x0000000714c00000, 0x0000000714c00000| Untracked 
| 167|0x0000000714e00000, 0x0000000714e00000, 0x0000000715000000|  0%| F|  |TAMS 0x0000000714e00000, 0x0000000714e00000| Untracked 
| 168|0x0000000715000000, 0x0000000715000000, 0x0000000715200000|  0%| F|  |TAMS 0x0000000715000000, 0x0000000715000000| Untracked 
| 169|0x0000000715200000, 0x0000000715200000, 0x0000000715400000|  0%| F|  |TAMS 0x0000000715200000, 0x0000000715200000| Untracked 
| 170|0x0000000715400000, 0x0000000715400000, 0x0000000715600000|  0%| F|  |TAMS 0x0000000715400000, 0x0000000715400000| Untracked 
| 171|0x0000000715600000, 0x0000000715600000, 0x0000000715800000|  0%| F|  |TAMS 0x0000000715600000, 0x0000000715600000| Untracked 
| 172|0x0000000715800000, 0x0000000715800000, 0x0000000715a00000|  0%| F|  |TAMS 0x0000000715800000, 0x0000000715800000| Untracked 
| 173|0x0000000715a00000, 0x0000000715a00000, 0x0000000715c00000|  0%| F|  |TAMS 0x0000000715a00000, 0x0000000715a00000| Untracked 
| 174|0x0000000715c00000, 0x0000000715c00000, 0x0000000715e00000|  0%| F|  |TAMS 0x0000000715c00000, 0x0000000715c00000| Untracked 
| 175|0x0000000715e00000, 0x0000000715e00000, 0x0000000716000000|  0%| F|  |TAMS 0x0000000715e00000, 0x0000000715e00000| Untracked 
| 176|0x0000000716000000, 0x0000000716000000, 0x0000000716200000|  0%| F|  |TAMS 0x0000000716000000, 0x0000000716000000| Untracked 
| 177|0x0000000716200000, 0x0000000716200000, 0x0000000716400000|  0%| F|  |TAMS 0x0000000716200000, 0x0000000716200000| Untracked 
| 178|0x0000000716400000, 0x0000000716400000, 0x0000000716600000|  0%| F|  |TAMS 0x0000000716400000, 0x0000000716400000| Untracked 
| 179|0x0000000716600000, 0x0000000716600000, 0x0000000716800000|  0%| F|  |TAMS 0x0000000716600000, 0x0000000716600000| Untracked 
| 180|0x0000000716800000, 0x0000000716800000, 0x0000000716a00000|  0%| F|  |TAMS 0x0000000716800000, 0x0000000716800000| Untracked 
| 181|0x0000000716a00000, 0x0000000716a00000, 0x0000000716c00000|  0%| F|  |TAMS 0x0000000716a00000, 0x0000000716a00000| Untracked 
| 182|0x0000000716c00000, 0x0000000716c00000, 0x0000000716e00000|  0%| F|  |TAMS 0x0000000716c00000, 0x0000000716c00000| Untracked 
| 183|0x0000000716e00000, 0x0000000716e00000, 0x0000000717000000|  0%| F|  |TAMS 0x0000000716e00000, 0x0000000716e00000| Untracked 
| 184|0x0000000717000000, 0x0000000717000000, 0x0000000717200000|  0%| F|  |TAMS 0x0000000717000000, 0x0000000717000000| Untracked 
| 185|0x0000000717200000, 0x0000000717200000, 0x0000000717400000|  0%| F|  |TAMS 0x0000000717200000, 0x0000000717200000| Untracked 
| 186|0x0000000717400000, 0x0000000717400000, 0x0000000717600000|  0%| F|  |TAMS 0x0000000717400000, 0x0000000717400000| Untracked 
| 187|0x0000000717600000, 0x0000000717600000, 0x0000000717800000|  0%| F|  |TAMS 0x0000000717600000, 0x0000000717600000| Untracked 
| 188|0x0000000717800000, 0x0000000717800000, 0x0000000717a00000|  0%| F|  |TAMS 0x0000000717800000, 0x0000000717800000| Untracked 
| 189|0x0000000717a00000, 0x0000000717a00000, 0x0000000717c00000|  0%| F|  |TAMS 0x0000000717a00000, 0x0000000717a00000| Untracked 
| 190|0x0000000717c00000, 0x0000000717c00000, 0x0000000717e00000|  0%| F|  |TAMS 0x0000000717c00000, 0x0000000717c00000| Untracked 
| 191|0x0000000717e00000, 0x0000000717e00000, 0x0000000718000000|  0%| F|  |TAMS 0x0000000717e00000, 0x0000000717e00000| Untracked 
| 192|0x0000000718000000, 0x0000000718000000, 0x0000000718200000|  0%| F|  |TAMS 0x0000000718000000, 0x0000000718000000| Untracked 
| 193|0x0000000718200000, 0x0000000718200000, 0x0000000718400000|  0%| F|  |TAMS 0x0000000718200000, 0x0000000718200000| Untracked 
| 194|0x0000000718400000, 0x0000000718400000, 0x0000000718600000|  0%| F|  |TAMS 0x0000000718400000, 0x0000000718400000| Untracked 
| 195|0x0000000718600000, 0x0000000718600000, 0x0000000718800000|  0%| F|  |TAMS 0x0000000718600000, 0x0000000718600000| Untracked 
| 196|0x0000000718800000, 0x0000000718800000, 0x0000000718a00000|  0%| F|  |TAMS 0x0000000718800000, 0x0000000718800000| Untracked 
| 197|0x0000000718a00000, 0x0000000718a00000, 0x0000000718c00000|  0%| F|  |TAMS 0x0000000718a00000, 0x0000000718a00000| Untracked 
| 198|0x0000000718c00000, 0x0000000718c00000, 0x0000000718e00000|  0%| F|  |TAMS 0x0000000718c00000, 0x0000000718c00000| Untracked 
| 199|0x0000000718e00000, 0x0000000718e00000, 0x0000000719000000|  0%| F|  |TAMS 0x0000000718e00000, 0x0000000718e00000| Untracked 
| 200|0x0000000719000000, 0x0000000719000000, 0x0000000719200000|  0%| F|  |TAMS 0x0000000719000000, 0x0000000719000000| Untracked 
| 201|0x0000000719200000, 0x0000000719200000, 0x0000000719400000|  0%| F|  |TAMS 0x0000000719200000, 0x0000000719200000| Untracked 
| 202|0x0000000719400000, 0x0000000719400000, 0x0000000719600000|  0%| F|  |TAMS 0x0000000719400000, 0x0000000719400000| Untracked 
| 203|0x0000000719600000, 0x0000000719600000, 0x0000000719800000|  0%| F|  |TAMS 0x0000000719600000, 0x0000000719600000| Untracked 
| 204|0x0000000719800000, 0x0000000719800000, 0x0000000719a00000|  0%| F|  |TAMS 0x0000000719800000, 0x0000000719800000| Untracked 
| 205|0x0000000719a00000, 0x0000000719a00000, 0x0000000719c00000|  0%| F|  |TAMS 0x0000000719a00000, 0x0000000719a00000| Untracked 
| 206|0x0000000719c00000, 0x0000000719c00000, 0x0000000719e00000|  0%| F|  |TAMS 0x0000000719c00000, 0x0000000719c00000| Untracked 
| 207|0x0000000719e00000, 0x0000000719f00c10, 0x000000071a000000| 50%| E|  |TAMS 0x0000000719e00000, 0x0000000719e00000| Complete 
| 208|0x000000071a000000, 0x000000071a200000, 0x000000071a200000|100%| E|CS|TAMS 0x000000071a000000, 0x000000071a000000| Complete 
| 209|0x000000071a200000, 0x000000071a400000, 0x000000071a400000|100%| E|CS|TAMS 0x000000071a200000, 0x000000071a200000| Complete 
| 210|0x000000071a400000, 0x000000071a600000, 0x000000071a600000|100%| E|CS|TAMS 0x000000071a400000, 0x000000071a400000| Complete 
| 211|0x000000071a600000, 0x000000071a800000, 0x000000071a800000|100%| E|CS|TAMS 0x000000071a600000, 0x000000071a600000| Complete 
| 212|0x000000071a800000, 0x000000071aa00000, 0x000000071aa00000|100%| E|CS|TAMS 0x000000071a800000, 0x000000071a800000| Complete 
| 213|0x000000071aa00000, 0x000000071ac00000, 0x000000071ac00000|100%| E|CS|TAMS 0x000000071aa00000, 0x000000071aa00000| Complete 
| 214|0x000000071ac00000, 0x000000071ae00000, 0x000000071ae00000|100%| E|CS|TAMS 0x000000071ac00000, 0x000000071ac00000| Complete 
| 215|0x000000071ae00000, 0x000000071b000000, 0x000000071b000000|100%| E|CS|TAMS 0x000000071ae00000, 0x000000071ae00000| Complete 
| 216|0x000000071b000000, 0x000000071b200000, 0x000000071b200000|100%| E|CS|TAMS 0x000000071b000000, 0x000000071b000000| Complete 
| 217|0x000000071b200000, 0x000000071b400000, 0x000000071b400000|100%| E|CS|TAMS 0x000000071b200000, 0x000000071b200000| Complete 
| 218|0x000000071b400000, 0x000000071b600000, 0x000000071b600000|100%| E|CS|TAMS 0x000000071b400000, 0x000000071b400000| Complete 
| 219|0x000000071b600000, 0x000000071b800000, 0x000000071b800000|100%| E|CS|TAMS 0x000000071b600000, 0x000000071b600000| Complete 
| 220|0x000000071b800000, 0x000000071ba00000, 0x000000071ba00000|100%| E|CS|TAMS 0x000000071b800000, 0x000000071b800000| Complete 
| 221|0x000000071ba00000, 0x000000071bc00000, 0x000000071bc00000|100%| E|CS|TAMS 0x000000071ba00000, 0x000000071ba00000| Complete 
| 222|0x000000071bc00000, 0x000000071be00000, 0x000000071be00000|100%| E|CS|TAMS 0x000000071bc00000, 0x000000071bc00000| Complete 
| 223|0x000000071be00000, 0x000000071c000000, 0x000000071c000000|100%| E|CS|TAMS 0x000000071be00000, 0x000000071be00000| Complete 
| 224|0x000000071c000000, 0x000000071c200000, 0x000000071c200000|100%| E|CS|TAMS 0x000000071c000000, 0x000000071c000000| Complete 
| 225|0x000000071c200000, 0x000000071c400000, 0x000000071c400000|100%| E|CS|TAMS 0x000000071c200000, 0x000000071c200000| Complete 
| 226|0x000000071c400000, 0x000000071c600000, 0x000000071c600000|100%| E|CS|TAMS 0x000000071c400000, 0x000000071c400000| Complete 
| 227|0x000000071c600000, 0x000000071c800000, 0x000000071c800000|100%| E|CS|TAMS 0x000000071c600000, 0x000000071c600000| Complete 
| 228|0x000000071c800000, 0x000000071ca00000, 0x000000071ca00000|100%| E|CS|TAMS 0x000000071c800000, 0x000000071c800000| Complete 
| 229|0x000000071ca00000, 0x000000071cc00000, 0x000000071cc00000|100%| E|CS|TAMS 0x000000071ca00000, 0x000000071ca00000| Complete 
| 230|0x000000071cc00000, 0x000000071ce00000, 0x000000071ce00000|100%| E|CS|TAMS 0x000000071cc00000, 0x000000071cc00000| Complete 
| 231|0x000000071ce00000, 0x000000071d000000, 0x000000071d000000|100%| E|CS|TAMS 0x000000071ce00000, 0x000000071ce00000| Complete 
| 232|0x000000071d000000, 0x000000071d200000, 0x000000071d200000|100%| E|CS|TAMS 0x000000071d000000, 0x000000071d000000| Complete 
| 233|0x000000071d200000, 0x000000071d400000, 0x000000071d400000|100%| E|CS|TAMS 0x000000071d200000, 0x000000071d200000| Complete 
| 234|0x000000071d400000, 0x000000071d600000, 0x000000071d600000|100%| E|CS|TAMS 0x000000071d400000, 0x000000071d400000| Complete 
| 235|0x000000071d600000, 0x000000071d800000, 0x000000071d800000|100%| E|CS|TAMS 0x000000071d600000, 0x000000071d600000| Complete 
| 236|0x000000071d800000, 0x000000071da00000, 0x000000071da00000|100%| E|CS|TAMS 0x000000071d800000, 0x000000071d800000| Complete 
| 237|0x000000071da00000, 0x000000071db5c200, 0x000000071dc00000| 67%| S|CS|TAMS 0x000000071da00000, 0x000000071da00000| Complete 
| 238|0x000000071dc00000, 0x000000071de00000, 0x000000071de00000|100%| E|CS|TAMS 0x000000071dc00000, 0x000000071dc00000| Complete 
| 239|0x000000071de00000, 0x000000071e000000, 0x000000071e000000|100%| E|CS|TAMS 0x000000071de00000, 0x000000071de00000| Complete 
| 240|0x000000071e000000, 0x000000071e200000, 0x000000071e200000|100%| E|CS|TAMS 0x000000071e000000, 0x000000071e000000| Complete 
| 241|0x000000071e200000, 0x000000071e400000, 0x000000071e400000|100%| E|CS|TAMS 0x000000071e200000, 0x000000071e200000| Complete 
| 242|0x000000071e400000, 0x000000071e600000, 0x000000071e600000|100%| E|CS|TAMS 0x000000071e400000, 0x000000071e400000| Complete 
| 243|0x000000071e600000, 0x000000071e800000, 0x000000071e800000|100%| E|CS|TAMS 0x000000071e600000, 0x000000071e600000| Complete 
| 244|0x000000071e800000, 0x000000071ea00000, 0x000000071ea00000|100%| E|CS|TAMS 0x000000071e800000, 0x000000071e800000| Complete 
| 245|0x000000071ea00000, 0x000000071ec00000, 0x000000071ec00000|100%| E|CS|TAMS 0x000000071ea00000, 0x000000071ea00000| Complete 
| 246|0x000000071ec00000, 0x000000071ee00000, 0x000000071ee00000|100%| E|CS|TAMS 0x000000071ec00000, 0x000000071ec00000| Complete 
| 247|0x000000071ee00000, 0x000000071f000000, 0x000000071f000000|100%| E|CS|TAMS 0x000000071ee00000, 0x000000071ee00000| Complete 
| 248|0x000000071f000000, 0x000000071f200000, 0x000000071f200000|100%| E|CS|TAMS 0x000000071f000000, 0x000000071f000000| Complete 
| 249|0x000000071f200000, 0x000000071f400000, 0x000000071f400000|100%| E|CS|TAMS 0x000000071f200000, 0x000000071f200000| Complete 
| 250|0x000000071f400000, 0x000000071f600000, 0x000000071f600000|100%| E|CS|TAMS 0x000000071f400000, 0x000000071f400000| Complete 
| 251|0x000000071f600000, 0x000000071f800000, 0x000000071f800000|100%| E|CS|TAMS 0x000000071f600000, 0x000000071f600000| Complete 
| 252|0x000000071f800000, 0x000000071fa00000, 0x000000071fa00000|100%| E|CS|TAMS 0x000000071f800000, 0x000000071f800000| Complete 
| 253|0x000000071fa00000, 0x000000071fc00000, 0x000000071fc00000|100%| E|CS|TAMS 0x000000071fa00000, 0x000000071fa00000| Complete 

Card table byte_map: [0x0000020ad34b0000,0x0000020ad3cb0000] _byte_map_base: 0x0000020acfcb0000

Marking Bits (Prev, Next): (CMBitMap*) 0x0000020abb77e550, (CMBitMap*) 0x0000020abb77e590
 Prev Bits: [0x0000020ad44b0000, 0x0000020ad84b0000)
 Next Bits: [0x0000020ad84b0000, 0x0000020adc4b0000)

Polling page: 0x0000020abae50000

Metaspace:

Usage:
  Non-class:     14.74 MB used.
      Class:      2.52 MB used.
       Both:     17.25 MB used.

Virtual space:
  Non-class space:       64.00 MB reserved,      14.88 MB ( 23%) committed,  1 nodes.
      Class space:        1.00 GB reserved,       2.69 MB ( <1%) committed,  1 nodes.
             Both:        1.06 GB reserved,      17.56 MB (  2%) committed. 

Chunk freelists:
   Non-Class:  800.00 KB
       Class:  13.36 MB
        Both:  14.14 MB

MaxMetaspaceSize: 2.00 GB
CompressedClassSpaceSize: 1.00 GB
Initial GC threshold: 21.00 MB
Current GC threshold: 21.00 MB
CDS: on
MetaspaceReclaimPolicy: balanced
 - commit_granule_bytes: 65536.
 - commit_granule_words: 8192.
 - virtual_space_node_default_size: 8388608.
 - enlarge_chunks_in_place: 1.
 - new_chunks_are_fully_committed: 0.
 - uncommit_free_chunks: 1.
 - use_allocation_guard: 0.
 - handle_deallocations: 1.


Internal statistics:

num_allocs_failed_limit: 0.
num_arena_births: 250.
num_arena_deaths: 0.
num_vsnodes_births: 2.
num_vsnodes_deaths: 0.
num_space_committed: 281.
num_space_uncommitted: 0.
num_chunks_returned_to_freelist: 0.
num_chunks_taken_from_freelist: 856.
num_chunk_merges: 0.
num_chunk_splits: 560.
num_chunks_enlarged: 401.
num_inconsistent_stats: 0.

CodeHeap 'non-profiled nmethods': size=119168Kb used=1298Kb max_used=1298Kb free=117869Kb
 bounds [0x0000020acadb0000, 0x0000020acb020000, 0x0000020ad2210000]
CodeHeap 'profiled nmethods': size=119104Kb used=5520Kb max_used=5520Kb free=113583Kb
 bounds [0x0000020ac3210000, 0x0000020ac3780000, 0x0000020aca660000]
CodeHeap 'non-nmethods': size=7488Kb used=2974Kb max_used=3033Kb free=4514Kb
 bounds [0x0000020aca660000, 0x0000020aca970000, 0x0000020acadb0000]
 total_blobs=3147 nmethods=2610 adapters=444
 compilation: enabled
              stopped_count=0, restarted_count=0
 full_count=0

Compilation events (20 events):
Event: 1.315 Thread 0x0000020adfa25860 nmethod 2504 0x0000020ac373be10 code [0x0000020ac373c120, 0x0000020ac373d288]
Event: 1.315 Thread 0x0000020adfa1d350 nmethod 2506 0x0000020ac373d790 code [0x0000020ac373d920, 0x0000020ac373da38]
Event: 1.318 Thread 0x0000020adfa1d350 2508       3       java.lang.invoke.MethodHandles$Lookup$ClassFile::<init> (20 bytes)
Event: 1.318 Thread 0x0000020adfa25860 2509       3       java.lang.invoke.MethodHandles$Lookup$ClassDefiner::<init> (58 bytes)
Event: 1.318 Thread 0x0000020b250fbfd0 2510       3       java.lang.invoke.MethodHandles$Lookup$ClassDefiner::defineClass (97 bytes)
Event: 1.318 Thread 0x0000020aded0dd60 2511       3       java.lang.System$2::defineClass (21 bytes)
Event: 1.319 Thread 0x0000020adfa1d350 nmethod 2508 0x0000020ac373db10 code [0x0000020ac373dcc0, 0x0000020ac373def8]
Event: 1.319 Thread 0x0000020aded0dd60 nmethod 2511 0x0000020ac373df90 code [0x0000020ac373e140, 0x0000020ac373e2c8]
Event: 1.319 Thread 0x0000020adfa25860 nmethod 2509 0x0000020ac373e390 code [0x0000020ac373e540, 0x0000020ac373e7f8]
Event: 1.319 Thread 0x0000020adfa25860 2513       3       java.lang.invoke.MethodHandles$Lookup::makeHiddenClassDefiner (42 bytes)
Event: 1.319 Thread 0x0000020aded0dd60 2514       3       java.lang.invoke.MethodHandles$Lookup$ClassOption::optionsToFlag (40 bytes)
Event: 1.319 Thread 0x0000020aded0dd60 nmethod 2514 0x0000020ac373e910 code [0x0000020ac373eae0, 0x0000020ac373efe8]
Event: 1.319 Thread 0x0000020b250fbfd0 nmethod 2510 0x0000020ac373f190 code [0x0000020ac373f420, 0x0000020ac37402d8]
Event: 1.320 Thread 0x0000020adfa25860 nmethod 2513 0x0000020ac3740890 code [0x0000020ac3740b40, 0x0000020ac3741a58]
Event: 1.334 Thread 0x0000020adfa25860 2515   !   3       java.util.concurrent.ConcurrentHashMap::transfer (849 bytes)
Event: 1.337 Thread 0x0000020adfa25860 nmethod 2515 0x0000020ac3741f90 code [0x0000020ac3742400, 0x0000020ac3744c78]
Event: 1.346 Thread 0x0000020adfa1d350 2516       3       org.gradle.internal.service.DefaultServiceRegistry$SingletonService::getAll (23 bytes)
Event: 1.346 Thread 0x0000020adfa1d350 nmethod 2516 0x0000020ac3746490 code [0x0000020ac3746660, 0x0000020ac3746908]
Event: 1.376 Thread 0x0000020adfa1d350 2521       3       sun.reflect.annotation.AnnotationParser::parseAnnotations2 (135 bytes)
Event: 1.377 Thread 0x0000020adfa1d350 nmethod 2521 0x0000020ac3746a90 code [0x0000020ac3746de0, 0x0000020ac3747f98]

GC Heap History (4 events):
Event: 0.300 GC heap before
{Heap before GC invocations=0 (full 0):
 garbage-first heap   total 520192K, used 28672K [0x0000000700000000, 0x0000000800000000)
  region size 2048K, 12 young (24576K), 0 survivors (0K)
 Metaspace       used 3021K, committed 3136K, reserved 1114112K
  class space    used 381K, committed 448K, reserved 1048576K
}
Event: 0.304 GC heap after
{Heap after GC invocations=1 (full 0):
 garbage-first heap   total 520192K, used 10416K [0x0000000700000000, 0x0000000800000000)
  region size 2048K, 2 young (4096K), 2 survivors (4096K)
 Metaspace       used 3021K, committed 3136K, reserved 1114112K
  class space    used 381K, committed 448K, reserved 1048576K
}
Event: 0.499 GC heap before
{Heap before GC invocations=1 (full 0):
 garbage-first heap   total 520192K, used 39088K [0x0000000700000000, 0x0000000800000000)
  region size 2048K, 16 young (32768K), 2 survivors (4096K)
 Metaspace       used 4075K, committed 4224K, reserved 1114112K
  class space    used 492K, committed 576K, reserved 1048576K
}
Event: 0.502 GC heap after
{Heap after GC invocations=2 (full 0):
 garbage-first heap   total 520192K, used 11713K [0x0000000700000000, 0x0000000800000000)
  region size 2048K, 1 young (2048K), 1 survivors (2048K)
 Metaspace       used 4075K, committed 4224K, reserved 1114112K
  class space    used 492K, committed 576K, reserved 1048576K
}

Dll operation events (14 events):
Event: 0.006 Loaded shared library C:\Program Files\Eclipse Adoptium\jdk-17.0.9.9-hotspot\bin\java.dll
Event: 0.018 Loaded shared library C:\Program Files\Eclipse Adoptium\jdk-17.0.9.9-hotspot\bin\jsvml.dll
Event: 0.043 Loaded shared library C:\Program Files\Eclipse Adoptium\jdk-17.0.9.9-hotspot\bin\zip.dll
Event: 0.044 Loaded shared library C:\Program Files\Eclipse Adoptium\jdk-17.0.9.9-hotspot\bin\instrument.dll
Event: 0.047 Loaded shared library C:\Program Files\Eclipse Adoptium\jdk-17.0.9.9-hotspot\bin\net.dll
Event: 0.048 Loaded shared library C:\Program Files\Eclipse Adoptium\jdk-17.0.9.9-hotspot\bin\nio.dll
Event: 0.050 Loaded shared library C:\Program Files\Eclipse Adoptium\jdk-17.0.9.9-hotspot\bin\zip.dll
Event: 0.145 Loaded shared library C:\Program Files\Eclipse Adoptium\jdk-17.0.9.9-hotspot\bin\jimage.dll
Event: 0.179 Loaded shared library C:\Program Files\Eclipse Adoptium\jdk-17.0.9.9-hotspot\bin\verify.dll
Event: 0.260 Loaded shared library C:\Users\Johnathan\.gradle\native\68d5fa5c4cc2d200863cafc0d521ce42e7d3e7ee720ec0a83991735586a16f82\windows-amd64\native-platform.dll
Event: 0.263 Loaded shared library C:\Users\Johnathan\.gradle\native\e376f236ea51e6404a007f0833ffe2c6e607c4080706a723a18a27aeea778392\windows-amd64\native-platform-file-events.dll
Event: 0.631 Loaded shared library C:\Program Files\Eclipse Adoptium\jdk-17.0.9.9-hotspot\bin\management.dll
Event: 0.633 Loaded shared library C:\Program Files\Eclipse Adoptium\jdk-17.0.9.9-hotspot\bin\management_ext.dll
Event: 0.877 Loaded shared library C:\Program Files\Eclipse Adoptium\jdk-17.0.9.9-hotspot\bin\sunmscapi.dll

Deoptimization events (20 events):
Event: 1.137 Thread 0x0000020b2629bd50 Uncommon trap: trap_request=0xffffff45 fr.pc=0x0000020acadd384c relative=0x0000000000000acc
Event: 1.137 Thread 0x0000020b2629bd50 Uncommon trap: reason=unstable_if action=reinterpret pc=0x0000020acadd384c method=java.io.WinNTFileSystem.resolve(Ljava/lang/String;Ljava/lang/String;)Ljava/lang/String; @ 19 c2
Event: 1.137 Thread 0x0000020b2629bd50 DEOPT PACKING pc=0x0000020acadd384c sp=0x000000cee88fcf90
Event: 1.137 Thread 0x0000020b2629bd50 DEOPT UNPACKING pc=0x0000020aca6b69a3 sp=0x000000cee88fcf38 mode 2
Event: 1.138 Thread 0x0000020b2629bd50 Uncommon trap: trap_request=0xffffff45 fr.pc=0x0000020acae285bc relative=0x000000000000059c
Event: 1.138 Thread 0x0000020b2629bd50 Uncommon trap: reason=unstable_if action=reinterpret pc=0x0000020acae285bc method=java.io.File.getName()Ljava/lang/String; @ 16 c2
Event: 1.138 Thread 0x0000020b2629bd50 DEOPT PACKING pc=0x0000020acae285bc sp=0x000000cee88fcf30
Event: 1.138 Thread 0x0000020b2629bd50 DEOPT UNPACKING pc=0x0000020aca6b69a3 sp=0x000000cee88fcf00 mode 2
Event: 1.231 Thread 0x0000020b2629bd50 Uncommon trap: trap_request=0xffffff45 fr.pc=0x0000020acae9a6f4 relative=0x0000000000000074
Event: 1.231 Thread 0x0000020b2629bd50 Uncommon trap: reason=unstable_if action=reinterpret pc=0x0000020acae9a6f4 method=jdk.internal.misc.Unsafe.convEndian(ZI)I @ 4 c2
Event: 1.231 Thread 0x0000020b2629bd50 DEOPT PACKING pc=0x0000020acae9a6f4 sp=0x000000cee88fab00
Event: 1.231 Thread 0x0000020b2629bd50 DEOPT UNPACKING pc=0x0000020aca6b69a3 sp=0x000000cee88faa08 mode 2
Event: 1.334 Thread 0x0000020b2629bd50 Uncommon trap: trap_request=0xffffff45 fr.pc=0x0000020acae83610 relative=0x00000000000015b0
Event: 1.334 Thread 0x0000020b2629bd50 Uncommon trap: reason=unstable_if action=reinterpret pc=0x0000020acae83610 method=java.util.concurrent.ConcurrentHashMap.transfer([Ljava/util/concurrent/ConcurrentHashMap$Node;[Ljava/util/concurrent/ConcurrentHashMap$Node;)V @ 26 c2
Event: 1.334 Thread 0x0000020b2629bd50 DEOPT PACKING pc=0x0000020acae83610 sp=0x000000cee88f6fa0
Event: 1.334 Thread 0x0000020b2629bd50 DEOPT UNPACKING pc=0x0000020aca6b69a3 sp=0x000000cee88f6f10 mode 2
Event: 1.344 Thread 0x0000020b2629bd50 DEOPT PACKING pc=0x0000020ac374499e sp=0x000000cee88fbdd0
Event: 1.344 Thread 0x0000020b2629bd50 DEOPT UNPACKING pc=0x0000020aca6b7143 sp=0x000000cee88fb2e0 mode 0
Event: 1.349 Thread 0x0000020b2629bd50 DEOPT PACKING pc=0x0000020ac374499e sp=0x000000cee88fbf70
Event: 1.349 Thread 0x0000020b2629bd50 DEOPT UNPACKING pc=0x0000020aca6b7143 sp=0x000000cee88fb480 mode 0

Classes unloaded (0 events):
No events

Classes redefined (0 events):
No events

Internal exceptions (20 events):
Event: 1.021 Thread 0x0000020b2629bd50 Exception <a 'java/lang/NoSuchMethodError'{0x000000071c88f0d8}: 'void java.lang.invoke.DirectMethodHandle$Holder.invokeSpecial(java.lang.Object, java.lang.Object, java.lang.Object, java.lang.Object, java.lang.Object)'> (0x000000071c88f0d8) 
thrown [s\src\hotspot\share\interpreter\linkResolver.cpp, line 759]
Event: 1.022 Thread 0x0000020b2629bd50 Exception <a 'java/lang/NoSuchMethodError'{0x000000071c8a2f40}: 'void java.lang.invoke.DirectMethodHandle$Holder.invokeStaticInit(java.lang.Object, java.lang.Object)'> (0x000000071c8a2f40) 
thrown [s\src\hotspot\share\interpreter\linkResolver.cpp, line 759]
Event: 1.048 Thread 0x0000020b2629bd50 Exception <a 'java/lang/NoSuchMethodError'{0x000000071c7692c0}: 'void java.lang.invoke.DelegatingMethodHandle$Holder.reinvoke_L(java.lang.Object, java.lang.Object, java.lang.Object, java.lang.Object, java.lang.Object, java.lang.Object, java.lang.Object, java.lang.Object, java.lang.Object, java.lang.Object)'> (0x000000071c7692c0) 
thrown [s\src\hotspot\share\interpreter\linkResolver.cpp, line 759]
Event: 1.048 Thread 0x0000020b2629bd50 Exception <a 'java/lang/NoSuchMethodError'{0x000000071c771730}: 'java.lang.Object java.lang.invoke.DirectMethodHandle$Holder.invokeSpecial(java.lang.Object, java.lang.Object, java.lang.Object, java.lang.Object, java.lang.Object, java.lang.Object, java.lang.Object, java.lang.Object, java.lang.Object, java.lang.Object)'> (0x000000071c771730) 
thrown [s\src\hotspot\share\interpreter\linkResolver.cpp, line 759]
Event: 1.048 Thread 0x0000020b2629bd50 Exception <a 'java/lang/NoSuchMethodError'{0x000000071c776000}: 'java.lang.Object java.lang.invoke.Invokers$Holder.invoker(java.lang.Object, java.lang.Object, java.lang.Object, java.lang.Object, java.lang.Object, java.lang.Object, java.lang.Object, java.lang.Object, java.lang.Object, java.lang.Object)'> (0x000000071c776000) 
thrown [s\src\hotspot\share\interpreter\linkResolver.cpp, line 759]
Event: 1.049 Thread 0x0000020b2629bd50 Exception <a 'java/lang/NoSuchMethodError'{0x000000071c77bb88}: 'java.lang.Object java.lang.invoke.DirectMethodHandle$Holder.invokeSpecial(java.lang.Object, java.lang.Object, java.lang.Object, java.lang.Object, java.lang.Object, java.lang.Object, java.lang.Object, java.lang.Object, java.lang.Object, java.lang.Object, java.lang.Object)'> (0x000000071c77bb88) 
thrown [s\src\hotspot\share\interpreter\linkResolver.cpp, line 759]
Event: 1.102 Thread 0x0000020b2629bd50 Exception <a 'java/lang/NoSuchMethodError'{0x000000071c145020}: 'void java.lang.invoke.DirectMethodHandle$Holder.invokeStaticInit(java.lang.Object)'> (0x000000071c145020) 
thrown [s\src\hotspot\share\interpreter\linkResolver.cpp, line 759]
Event: 1.109 Thread 0x0000020b2629bd50 Exception <a 'java/lang/NoSuchMethodError'{0x000000071c1f4d10}: 'java.lang.Object java.lang.invoke.DirectMethodHandle$Holder.newInvokeSpecial(java.lang.Object, java.lang.Object, java.lang.Object, int)'> (0x000000071c1f4d10) 
thrown [s\src\hotspot\share\interpreter\linkResolver.cpp, line 759]
Event: 1.110 Thread 0x0000020b2629bd50 Exception <a 'java/lang/NoSuchMethodError'{0x000000071c1f9640}: 'java.lang.Object java.lang.invoke.DirectMethodHandle$Holder.invokeSpecial(java.lang.Object, java.lang.Object, java.lang.Object, java.lang.Object, int)'> (0x000000071c1f9640) 
thrown [s\src\hotspot\share\interpreter\linkResolver.cpp, line 759]
Event: 1.110 Thread 0x0000020b2629bd50 Exception <a 'java/lang/NoSuchMethodError'{0x000000071c1fd758}: 'java.lang.Object java.lang.invoke.Invokers$Holder.linkToTargetMethod(java.lang.Object, java.lang.Object, int, java.lang.Object)'> (0x000000071c1fd758) 
thrown [s\src\hotspot\share\interpreter\linkResolver.cpp, line 759]
Event: 1.178 Thread 0x0000020b26296ce0 Exception <a 'java/lang/NoSuchMethodError'{0x000000071d213018}: static Lorg/gradle/internal/build/event/types/DefaultOperationStartedProgressEvent;.<clinit>()V> (0x000000071d213018) 
thrown [s\src\hotspot\share\prims\jni.cpp, line 1107]
Event: 1.178 Thread 0x0000020b26296ce0 Exception <a 'java/lang/NoSuchMethodError'{0x000000071d2145a0}: static Lorg/gradle/internal/build/event/types/AbstractProgressEvent;.<clinit>()V> (0x000000071d2145a0) 
thrown [s\src\hotspot\share\prims\jni.cpp, line 1107]
Event: 1.179 Thread 0x0000020b26296ce0 Exception <a 'java/lang/NoSuchMethodError'{0x000000071d21d2c8}: static Lorg/gradle/internal/build/event/types/DefaultOperationDescriptor;.<clinit>()V> (0x000000071d21d2c8) 
thrown [s\src\hotspot\share\prims\jni.cpp, line 1107]
Event: 1.180 Thread 0x0000020b26296ce0 Exception <a 'java/lang/NoSuchMethodError'{0x000000071d232998}: static Lorg/gradle/internal/operations/OperationIdentifier;.<clinit>()V> (0x000000071d232998) 
thrown [s\src\hotspot\share\prims\jni.cpp, line 1107]
Event: 1.302 Thread 0x0000020b2629bd50 Exception <a 'java/lang/NoSuchMethodError'{0x000000071aed6770}: 'int java.lang.invoke.DirectMethodHandle$Holder.invokeSpecialIFC(java.lang.Object, java.lang.Object, java.lang.Object, java.lang.Object)'> (0x000000071aed6770) 
thrown [s\src\hotspot\share\interpreter\linkResolver.cpp, line 759]
Event: 1.304 Thread 0x0000020b2629bd50 Exception <a 'java/lang/NoSuchMethodError'{0x000000071aee5748}: 'java.lang.Object java.lang.invoke.DirectMethodHandle$Holder.invokeInterface(java.lang.Object, java.lang.Object, java.lang.Object)'> (0x000000071aee5748) 
thrown [s\src\hotspot\share\interpreter\linkResolver.cpp, line 759]
Event: 1.304 Thread 0x0000020b2629bd50 Exception <a 'java/lang/IncompatibleClassChangeError'{0x000000071aee9360}: Found class java.lang.Object, but interface was expected> (0x000000071aee9360) 
thrown [s\src\hotspot\share\interpreter\linkResolver.cpp, line 826]
Event: 1.318 Thread 0x0000020b2629bd50 Exception <a 'java/lang/NoSuchMethodError'{0x000000071acc9828}: 'int java.lang.invoke.DirectMethodHandle$Holder.invokeStatic(java.lang.Object, java.lang.Object, java.lang.Object, java.lang.Object)'> (0x000000071acc9828) 
thrown [s\src\hotspot\share\interpreter\linkResolver.cpp, line 759]
Event: 1.319 Thread 0x0000020b2629bd50 Exception <a 'java/lang/NoSuchMethodError'{0x000000071accd450}: 'java.lang.Object java.lang.invoke.Invokers$Holder.invokeExact_MT(java.lang.Object, java.lang.Object, java.lang.Object, java.lang.Object, java.lang.Object, java.lang.Object)'> (0x000000071accd450) 
thrown [s\src\hotspot\share\interpreter\linkResolver.cpp, line 759]
Event: 1.350 Thread 0x0000020b2629bd50 Exception <a 'java/lang/NoSuchMethodError'{0x000000071a8b8208}: 'java.lang.Object java.lang.invoke.DirectMethodHandle$Holder.invokeSpecial(java.lang.Object, java.lang.Object, java.lang.Object, java.lang.Object, java.lang.Object, java.lang.Object, java.lang.Object, java.lang.Object, java.lang.Object)'> (0x000000071a8b8208) 
thrown [s\src\hotspot\share\interpreter\linkResolver.cpp, line 759]

VM Operations (20 events):
Event: 0.623 Executing VM operation: HandshakeAllThreads
Event: 0.623 Executing VM operation: HandshakeAllThreads done
Event: 0.641 Executing VM operation: HandshakeAllThreads
Event: 0.641 Executing VM operation: HandshakeAllThreads done
Event: 0.672 Executing VM operation: HandshakeAllThreads
Event: 0.672 Executing VM operation: HandshakeAllThreads done
Event: 0.712 Executing VM operation: HandshakeAllThreads
Event: 0.712 Executing VM operation: HandshakeAllThreads done
Event: 0.743 Executing VM operation: HandshakeAllThreads
Event: 0.743 Executing VM operation: HandshakeAllThreads done
Event: 0.837 Executing VM operation: HandshakeAllThreads
Event: 0.837 Executing VM operation: HandshakeAllThreads done
Event: 0.882 Executing VM operation: HandshakeAllThreads
Event: 0.882 Executing VM operation: HandshakeAllThreads done
Event: 0.977 Executing VM operation: ICBufferFull
Event: 0.978 Executing VM operation: ICBufferFull done
Event: 1.154 Executing VM operation: HandshakeAllThreads
Event: 1.154 Executing VM operation: HandshakeAllThreads done
Event: 1.154 Executing VM operation: HandshakeAllThreads
Event: 1.154 Executing VM operation: HandshakeAllThreads done

Events (20 events):
Event: 1.230 loading class sun/security/provider/ByteArrayAccess$LE done
Event: 1.237 Thread 0x0000020b262967d0 Thread added: 0x0000020b262967d0
Event: 1.300 loading class java/util/concurrent/Semaphore
Event: 1.300 loading class java/util/concurrent/Semaphore done
Event: 1.301 loading class java/nio/file/FileVisitOption
Event: 1.301 loading class java/nio/file/FileVisitOption done
Event: 1.304 loading class java/util/stream/ReduceOps$1
Event: 1.304 loading class java/util/stream/ReduceOps$1 done
Event: 1.305 loading class java/util/stream/ReduceOps$1ReducingSink
Event: 1.305 loading class java/util/stream/ReduceOps$1ReducingSink done
Event: 1.377 loading class javax/xml/parsers/ParserConfigurationException
Event: 1.377 loading class javax/xml/parsers/ParserConfigurationException done
Event: 1.377 loading class org/xml/sax/SAXException
Event: 1.377 loading class org/xml/sax/SAXException done
Event: 1.377 loading class javax/xml/xpath/XPathExpressionException
Event: 1.378 loading class javax/xml/xpath/XPathException
Event: 1.378 loading class javax/xml/xpath/XPathException done
Event: 1.378 loading class javax/xml/xpath/XPathExpressionException done
Event: 1.378 loading class org/xml/sax/ErrorHandler
Event: 1.378 loading class org/xml/sax/ErrorHandler done


Dynamic libraries:
0x00007ff6d37b0000 - 0x00007ff6d37be000 	C:\Program Files\Eclipse Adoptium\jdk-17.0.9.9-hotspot\bin\java.exe
0x00007ff81b160000 - 0x00007ff81b3c0000 	C:\WINDOWS\SYSTEM32\ntdll.dll
0x00007ff81ab00000 - 0x00007ff81abc7000 	C:\WINDOWS\System32\KERNEL32.DLL
0x00007ff818b90000 - 0x00007ff818f5a000 	C:\WINDOWS\System32\KERNELBASE.dll
0x00007ff8154b0000 - 0x00007ff81554c000 	C:\WINDOWS\SYSTEM32\apphelp.dll
0x00007ff8186e0000 - 0x00007ff81882b000 	C:\WINDOWS\System32\ucrtbase.dll
0x00007fffe7d30000 - 0x00007fffe7d4b000 	C:\Program Files\Eclipse Adoptium\jdk-17.0.9.9-hotspot\bin\VCRUNTIME140.dll
0x00007fffe7c20000 - 0x00007fffe7c37000 	C:\Program Files\Eclipse Adoptium\jdk-17.0.9.9-hotspot\bin\jli.dll
0x00007ff81a380000 - 0x00007ff81a54c000 	C:\WINDOWS\System32\USER32.dll
0x00007ff8183f0000 - 0x00007ff818417000 	C:\WINDOWS\System32\win32u.dll
0x00007ff804440000 - 0x00007ff8046d7000 	C:\WINDOWS\WinSxS\amd64_microsoft.windows.common-controls_6595b64144ccf1df_6.0.26100.3624_none_3e086962e3345f24\COMCTL32.dll
0x00007ff819520000 - 0x00007ff81954a000 	C:\WINDOWS\System32\GDI32.dll
0x00007ff81ae90000 - 0x00007ff81af39000 	C:\WINDOWS\System32\msvcrt.dll
0x00007ff818830000 - 0x00007ff818961000 	C:\WINDOWS\System32\gdi32full.dll
0x00007ff818340000 - 0x00007ff8183e3000 	C:\WINDOWS\System32\msvcp_win.dll
0x00007ff819c80000 - 0x00007ff819caf000 	C:\WINDOWS\System32\IMM32.DLL
0x00007ffff4f10000 - 0x00007ffff4f1c000 	C:\Program Files\Eclipse Adoptium\jdk-17.0.9.9-hotspot\bin\vcruntime140_1.dll
0x00007fffbe3c0000 - 0x00007fffbe44d000 	C:\Program Files\Eclipse Adoptium\jdk-17.0.9.9-hotspot\bin\msvcp140.dll
0x00007fff48800000 - 0x00007fff49461000 	C:\Program Files\Eclipse Adoptium\jdk-17.0.9.9-hotspot\bin\server\jvm.dll
0x00007ff81af60000 - 0x00007ff81b012000 	C:\WINDOWS\System32\ADVAPI32.dll
0x00007ff8193f0000 - 0x00007ff819496000 	C:\WINDOWS\System32\sechost.dll
0x00007ff81ac30000 - 0x00007ff81ad46000 	C:\WINDOWS\System32\RPCRT4.dll
0x00007fffe8fe0000 - 0x00007fffe8fea000 	C:\WINDOWS\SYSTEM32\WSOCK32.dll
0x00007ff817860000 - 0x00007ff8178be000 	C:\WINDOWS\SYSTEM32\POWRPROF.dll
0x00007ff80b5f0000 - 0x00007ff80b626000 	C:\WINDOWS\SYSTEM32\WINMM.dll
0x00007ff81ad70000 - 0x00007ff81ade4000 	C:\WINDOWS\System32\WS2_32.dll
0x00007ff811d80000 - 0x00007ff811d8b000 	C:\WINDOWS\SYSTEM32\VERSION.dll
0x00007ff817810000 - 0x00007ff817824000 	C:\WINDOWS\SYSTEM32\UMPDC.dll
0x00007ff817120000 - 0x00007ff81713a000 	C:\WINDOWS\SYSTEM32\kernel.appcore.dll
0x00007ffff3a80000 - 0x00007ffff3a8a000 	C:\Program Files\Eclipse Adoptium\jdk-17.0.9.9-hotspot\bin\jimage.dll
0x00007ff8095a0000 - 0x00007ff8097e1000 	C:\WINDOWS\SYSTEM32\DBGHELP.DLL
0x00007ff819060000 - 0x00007ff8193e2000 	C:\WINDOWS\System32\combase.dll
0x00007ff819d40000 - 0x00007ff819e16000 	C:\WINDOWS\System32\OLEAUT32.dll
0x00007ff804000000 - 0x00007ff804039000 	C:\WINDOWS\SYSTEM32\dbgcore.DLL
0x00007ff818970000 - 0x00007ff818a09000 	C:\WINDOWS\System32\bcryptPrimitives.dll
0x00007fffec310000 - 0x00007fffec31e000 	C:\Program Files\Eclipse Adoptium\jdk-17.0.9.9-hotspot\bin\instrument.dll
0x00007fffdacd0000 - 0x00007fffdacf5000 	C:\Program Files\Eclipse Adoptium\jdk-17.0.9.9-hotspot\bin\java.dll
0x00007fffa7aa0000 - 0x00007fffa7b77000 	C:\Program Files\Eclipse Adoptium\jdk-17.0.9.9-hotspot\bin\jsvml.dll
0x00007ff819550000 - 0x00007ff819c79000 	C:\WINDOWS\System32\SHELL32.dll
0x00007ff818570000 - 0x00007ff8186d8000 	C:\WINDOWS\System32\wintypes.dll
0x00007ff815fc0000 - 0x00007ff816812000 	C:\WINDOWS\SYSTEM32\windows.storage.dll
0x00007ff818f70000 - 0x00007ff81905d000 	C:\WINDOWS\System32\SHCORE.dll
0x00007ff81aa90000 - 0x00007ff81aaf4000 	C:\WINDOWS\System32\shlwapi.dll
0x00007ff818250000 - 0x00007ff81827f000 	C:\WINDOWS\SYSTEM32\profapi.dll
0x00007fffe7c00000 - 0x00007fffe7c18000 	C:\Program Files\Eclipse Adoptium\jdk-17.0.9.9-hotspot\bin\zip.dll
0x00007fffe7a40000 - 0x00007fffe7a59000 	C:\Program Files\Eclipse Adoptium\jdk-17.0.9.9-hotspot\bin\net.dll
0x00007ff811970000 - 0x00007ff811a8d000 	C:\WINDOWS\SYSTEM32\WINHTTP.dll
0x00007ff8176e0000 - 0x00007ff81774a000 	C:\WINDOWS\system32\mswsock.dll
0x00007fffe7730000 - 0x00007fffe7746000 	C:\Program Files\Eclipse Adoptium\jdk-17.0.9.9-hotspot\bin\nio.dll
0x00007fffdacc0000 - 0x00007fffdacd0000 	C:\Program Files\Eclipse Adoptium\jdk-17.0.9.9-hotspot\bin\verify.dll
0x00007ff813280000 - 0x00007ff8132a7000 	C:\Users\Johnathan\.gradle\native\68d5fa5c4cc2d200863cafc0d521ce42e7d3e7ee720ec0a83991735586a16f82\windows-amd64\native-platform.dll
0x00007fffbdfa0000 - 0x00007fffbe0e4000 	C:\Users\Johnathan\.gradle\native\e376f236ea51e6404a007f0833ffe2c6e607c4080706a723a18a27aeea778392\windows-amd64\native-platform-file-events.dll
0x00007fffd6970000 - 0x00007fffd6979000 	C:\Program Files\Eclipse Adoptium\jdk-17.0.9.9-hotspot\bin\management.dll
0x00007fffbede0000 - 0x00007fffbedeb000 	C:\Program Files\Eclipse Adoptium\jdk-17.0.9.9-hotspot\bin\management_ext.dll
0x00007ff81af50000 - 0x00007ff81af58000 	C:\WINDOWS\System32\PSAPI.DLL
0x00007ff817a30000 - 0x00007ff817a4c000 	C:\WINDOWS\SYSTEM32\CRYPTSP.dll
0x00007ff817080000 - 0x00007ff8170ba000 	C:\WINDOWS\system32\rsaenh.dll
0x00007ff817780000 - 0x00007ff8177ab000 	C:\WINDOWS\SYSTEM32\USERENV.dll
0x00007ff818220000 - 0x00007ff818246000 	C:\WINDOWS\SYSTEM32\bcrypt.dll
0x00007ff817a50000 - 0x00007ff817a5c000 	C:\WINDOWS\SYSTEM32\CRYPTBASE.dll
0x00007ff816b20000 - 0x00007ff816b53000 	C:\WINDOWS\SYSTEM32\IPHLPAPI.DLL
0x00007ff81adf0000 - 0x00007ff81adfa000 	C:\WINDOWS\System32\NSI.dll
0x00007ff811900000 - 0x00007ff81191f000 	C:\WINDOWS\SYSTEM32\dhcpcsvc6.DLL
0x00007ff811940000 - 0x00007ff811965000 	C:\WINDOWS\SYSTEM32\dhcpcsvc.DLL
0x00007ff816c10000 - 0x00007ff816d35000 	C:\WINDOWS\SYSTEM32\DNSAPI.dll
0x00007fffbedd0000 - 0x00007fffbedde000 	C:\Program Files\Eclipse Adoptium\jdk-17.0.9.9-hotspot\bin\sunmscapi.dll
0x00007ff818a10000 - 0x00007ff818b87000 	C:\WINDOWS\System32\CRYPT32.dll
0x00007ff817c30000 - 0x00007ff817c60000 	C:\WINDOWS\SYSTEM32\ncrypt.dll
0x00007ff817be0000 - 0x00007ff817c1f000 	C:\WINDOWS\SYSTEM32\NTASN1.dll
0x00007ffff64f0000 - 0x00007ffff64f8000 	C:\WINDOWS\system32\wshunix.dll

dbghelp: loaded successfully - version: 4.0.5 - missing functions: none
symbol engine: initialized successfully - sym options: 0x614 - pdb path: .;C:\Program Files\Eclipse Adoptium\jdk-17.0.9.9-hotspot\bin;C:\WINDOWS\SYSTEM32;C:\WINDOWS\WinSxS\amd64_microsoft.windows.common-controls_6595b64144ccf1df_6.0.26100.3624_none_3e086962e3345f24;C:\Program Files\Eclipse Adoptium\jdk-17.0.9.9-hotspot\bin\server;C:\Users\Johnathan\.gradle\native\68d5fa5c4cc2d200863cafc0d521ce42e7d3e7ee720ec0a83991735586a16f82\windows-amd64;C:\Users\Johnathan\.gradle\native\e376f236ea51e6404a007f0833ffe2c6e607c4080706a723a18a27aeea778392\windows-amd64

VM Arguments:
jvm_args: -XX:MaxMetaspaceSize=2G -XX:+HeapDumpOnOutOfMemoryError --add-opens=java.base/java.util=ALL-UNNAMED --add-opens=java.base/java.lang=ALL-UNNAMED --add-opens=java.base/java.lang.invoke=ALL-UNNAMED --add-opens=java.prefs/java.util.prefs=ALL-UNNAMED --add-opens=java.base/java.nio.charset=ALL-UNNAMED --add-opens=java.base/java.net=ALL-UNNAMED --add-opens=java.base/java.util.concurrent.atomic=ALL-UNNAMED -Xmx4G -Dfile.encoding=utf8 -Duser.country=US -Duser.language=en -Duser.variant -javaagent:C:\Users\Johnathan\.gradle\wrapper\dists\gradle-8.3-all\6en3ugtfdg5xnpx44z4qbwgas\gradle-8.3\lib\agents\gradle-instrumentation-agent-8.3.jar 
java_command: org.gradle.launcher.daemon.bootstrap.GradleDaemon 8.3
java_class_path (initial): C:\Users\Johnathan\.gradle\wrapper\dists\gradle-8.3-all\6en3ugtfdg5xnpx44z4qbwgas\gradle-8.3\lib\gradle-launcher-8.3.jar
Launcher Type: SUN_STANDARD

[Global flags]
     intx CICompilerCount                          = 12                                        {product} {ergonomic}
     uint ConcGCThreads                            = 4                                         {product} {ergonomic}
     uint G1ConcRefinementThreads                  = 15                                        {product} {ergonomic}
   size_t G1HeapRegionSize                         = 2097152                                   {product} {ergonomic}
    uintx GCDrainStackTargetSize                   = 64                                        {product} {ergonomic}
     bool HeapDumpOnOutOfMemoryError               = true                                   {manageable} {command line}
   size_t InitialHeapSize                          = 532676608                                 {product} {ergonomic}
   size_t MarkStackSize                            = 4194304                                   {product} {ergonomic}
   size_t MaxHeapSize                              = 4294967296                                {product} {command line}
   size_t MaxMetaspaceSize                         = 2147483648                                {product} {command line}
   size_t MaxNewSize                               = 2575302656                                {product} {ergonomic}
   size_t MinHeapDeltaBytes                        = 2097152                                   {product} {ergonomic}
   size_t MinHeapSize                              = 8388608                                   {product} {ergonomic}
    uintx NonNMethodCodeHeapSize                   = 7602480                                {pd product} {ergonomic}
    uintx NonProfiledCodeHeapSize                  = 122027880                              {pd product} {ergonomic}
    uintx ProfiledCodeHeapSize                     = 122027880                              {pd product} {ergonomic}
    uintx ReservedCodeCacheSize                    = 251658240                              {pd product} {ergonomic}
     bool SegmentedCodeCache                       = true                                      {product} {ergonomic}
   size_t SoftMaxHeapSize                          = 4294967296                             {manageable} {ergonomic}
     bool UseCompressedClassPointers               = true                           {product lp64_product} {ergonomic}
     bool UseCompressedOops                        = true                           {product lp64_product} {ergonomic}
     bool UseG1GC                                  = true                                      {product} {ergonomic}
     bool UseLargePagesIndividualAllocation        = false                                  {pd product} {ergonomic}

Logging:
Log output configuration:
 #0: stdout all=warning uptime,level,tags
 #1: stderr all=off uptime,level,tags

Environment Variables:
PATH=C:\Program Files\Python312\Scripts\;C:\Program Files\Python312\;C:\Program Files (x86)\Razer\ChromaBroadcast\bin;C:\Program Files\Razer\ChromaBroadcast\bin;C:\Program Files (x86)\Common Files\Oracle\Java\javapath;C:\Windows\system32;C:\Windows;C:\Windows\System32\Wbem;C:\Windows\System32\WindowsPowerShell\v1.0\;C:\Windows\System32\OpenSSH\;C:\Program Files (x86)\NVIDIA Corporation\PhysX\Common;C:\Program Files\dotnet\;C:\Program Files\Microsoft SQL Server\150\Tools\Binn\;C:\Program Files\Microsoft SQL Server\Client SDK\ODBC\170\Tools\Binn\;C:\Program Files\NVIDIA Corporation\NVIDIA NvDLISR;C:\Windows\system32\config\systemprofile\AppData\Local\Microsoft\WindowsApps;C:\Program Files (x86)\Windows Kits\10\Windows Performance Toolkit\;C:\Program Files\CMake\bin;C:\Program Files\Git\cmd;C:\Program Files\ngrok-v3-stable-windows-arm64;C:\Program Files\PuTTY\;C:\WINDOWS\system32;C:\WINDOWS;C:\WINDOWS\System32\Wbem;C:\WINDOWS\System32\WindowsPowerShell\v1.0\;C:\WINDOWS\System32\OpenSSH\;C:\Program Files (x86)\Pulse Secure\VC142.CRT\X64\;C:\Program Files (x86)\Pulse Secure\VC142.CRT\X86\;C:\Program Files (x86)\Common Files\Pulse Secure\TNC Client Plugin\;C:\Users\Johnathan\AppData\Local\Programs\Python\Launcher\;C:\Users\Johnathan\AppData\Local\Microsoft\WindowsApps;C:\Users\Johnathan\AppData\Local\Programs\Microsoft VS Code\bin;C:\Users\Johnathan\.dotnet\tools;C:\msys64\ucrt64\bin;C:\Dev\flutter\bin;C:\Program Files\Eclipse Adoptium\jdk-17.0.9.9-hotspot\bin;
USERNAME=Johnathan
OS=Windows_NT
PROCESSOR_IDENTIFIER=Intel64 Family 6 Model 151 Stepping 2, GenuineIntel
TMP=C:\Users\JOHNAT~1\AppData\Local\Temp
TEMP=C:\Users\JOHNAT~1\AppData\Local\Temp



Periodic native trim disabled


---------------  S Y S T E M  ---------------

OS:
 Windows 11 , 64 bit Build 26100 (10.0.26100.3775)
OS uptime: 0 days 6:44 hours
Hyper-V role detected

CPU: total 20 (initial active 20) (10 cores per cpu, 2 threads per core) family 6 model 151 stepping 2 microcode 0x23, cx8, cmov, fxsr, ht, mmx, 3dnowpref, sse, sse2, sse3, ssse3, sse4.1, sse4.2, popcnt, lzcnt, tsc, tscinvbit, avx, avx2, aes, erms, clmul, bmi1, bmi2, adx, sha, fma, vzeroupper, clflush, clflushopt, clwb, hv
Processor Information for processor 0
  Max Mhz: 3600, Current Mhz: 3600, Mhz Limit: 3600
Processor Information for processor 1
  Max Mhz: 3600, Current Mhz: 3600, Mhz Limit: 3600
Processor Information for processor 2
  Max Mhz: 3600, Current Mhz: 3600, Mhz Limit: 3600
Processor Information for processor 3
  Max Mhz: 3600, Current Mhz: 3600, Mhz Limit: 3600
Processor Information for processor 4
  Max Mhz: 3600, Current Mhz: 3600, Mhz Limit: 3600
Processor Information for processor 5
  Max Mhz: 3600, Current Mhz: 3600, Mhz Limit: 3600
Processor Information for processor 6
  Max Mhz: 3600, Current Mhz: 3600, Mhz Limit: 3600
Processor Information for processor 7
  Max Mhz: 3600, Current Mhz: 3600, Mhz Limit: 3600
Processor Information for processor 8
  Max Mhz: 3600, Current Mhz: 3600, Mhz Limit: 3600
Processor Information for processor 9
  Max Mhz: 3600, Current Mhz: 3600, Mhz Limit: 3600
Processor Information for processor 10
  Max Mhz: 3600, Current Mhz: 3600, Mhz Limit: 3600
Processor Information for processor 11
  Max Mhz: 3600, Current Mhz: 3600, Mhz Limit: 3600
Processor Information for processor 12
  Max Mhz: 3600, Current Mhz: 3600, Mhz Limit: 3600
Processor Information for processor 13
  Max Mhz: 3600, Current Mhz: 3600, Mhz Limit: 3600
Processor Information for processor 14
  Max Mhz: 3600, Current Mhz: 3600, Mhz Limit: 3600
Processor Information for processor 15
  Max Mhz: 3600, Current Mhz: 3600, Mhz Limit: 3600
Processor Information for processor 16
  Max Mhz: 3600, Current Mhz: 2700, Mhz Limit: 2700
Processor Information for processor 17
  Max Mhz: 3600, Current Mhz: 2700, Mhz Limit: 2700
Processor Information for processor 18
  Max Mhz: 3600, Current Mhz: 2700, Mhz Limit: 2700
Processor Information for processor 19
  Max Mhz: 3600, Current Mhz: 2700, Mhz Limit: 2700

Memory: 4k page, system-wide physical 32509M (15163M free)
TotalPageFile size 34557M (AvailPageFile size 12850M)
current process WorkingSet (physical memory assigned to process): 242M, peak: 248M
current process commit charge ("private bytes"): 723M, peak: 738M

vm_info: OpenJDK 64-Bit Server VM (17.0.9+9) for windows-amd64 JRE (17.0.9+9), built on Oct 26 2023 14:01:42 by "admin" with MS VC++ 16.10 / 16.11 (VS2019)

END.
